2026-06-28 20:21:49 [INFO] Log file: C:\Users\SASI KOTHA\Desktop\GST_M\data\logs\gst_download_20260628_202149.log
2026-06-28 20:21:49 [INFO] ==================================================
2026-06-28 20:21:49 [INFO]   GST e-Invoice Bulk Downloader
2026-06-28 20:21:49 [INFO] ==================================================
2026-06-28 20:21:49 [INFO] Batch name: August_2026
2026-06-28 20:21:49 [INFO] Reading Excel file: D:\Invoice_Book\processed_excel\August_2026.xlsx
2026-06-28 20:21:49 [INFO] Sheet: 'B2B_Filtered' (Parsing rows...)
2026-06-28 20:21:49 [INFO] Loaded 5 valid IRN records
2026-06-28 20:21:49 [INFO] [Pipeline] Starting pipeline for batch 'August_2026'
2026-06-28 20:21:49 [INFO] [Pipeline] Staging:   C:\Users\SASI KOTHA\Desktop\GST_M\data\staging\August_2026
2026-06-28 20:21:49 [INFO] [Pipeline] Originals: D:\Invoice_Book\original\August_2026
2026-06-28 20:21:49 [INFO] [Pipeline] Processed: D:\Invoice_Book\processed\August_2026
2026-06-28 20:21:49 [INFO] [BackupWorker] Started
2026-06-28 20:21:49 [INFO] [ModifierWorker-1] Started
2026-06-28 20:21:49 [INFO] [ModifierWorker-2] Started
2026-06-28 20:21:49 [INFO] [Pipeline] All workers started (2 modifier workers)
2026-06-28 20:21:50 [INFO] Launching Chromium in headed mode...
2026-06-28 20:21:52 [INFO] Browser ready
2026-06-28 20:21:52 [INFO] Navigating to https://einvoice.gst.gov.in/jsonDownload...
2026-06-28 20:21:55 [INFO] Portal loaded
2026-06-28 20:21:55 [INFO] [UI_PROMPT] Action Required: Please log in manually on the browser, then click Continue.
2026-06-28 20:22:31 [INFO] User confirmed login -- automation starting
2026-06-28 20:22:31 [INFO] Processing 5 IRNs (starting from #1)
2026-06-28 20:22:31 [INFO] [1/5] ----------------------------------------------
2026-06-28 20:22:31 [INFO]   Invoice: 2601370040023560  |  Date: 23-01-2026  |  IRN: 93c826e82bcacdb45cbdf07d...4883ec1aa2dd
2026-06-28 20:22:32 [INFO]   Typed IRN: 93c826e82bcacdb45cbdf07d...4883ec1aa2dd
2026-06-28 20:22:32 [INFO]   Clicked Search -- waiting for results...
2026-06-28 20:22:33 [INFO]   Search results visible
2026-06-28 20:22:34 [INFO]   Download triggered via row icon
2026-06-28 20:22:34 [INFO]   [OK] Saved -> 2601370040023560_23-01-2026.pdf
2026-06-28 20:22:34 [INFO] [StateManager] Registered: 2601370040023560_23-01-2026.pdf
2026-06-28 20:22:34 [INFO] [BackupWorker] Backed up: 2601370040023560_23-01-2026.pdf
2026-06-28 20:22:35 [INFO] [ModifierWorker-1] Modifying: 2601370040023560_23-01-2026.pdf
2026-06-28 20:22:35 [INFO] [ModifierWorker-1] Completed: 2601370040023560_23-01-2026.pdf
2026-06-28 20:22:36 [INFO] [2/5] ----------------------------------------------
2026-06-28 20:22:36 [INFO]   Invoice: FAO8332605076149  |  Date: 02-01-2026  |  IRN: fd6661fc3743e43949bcfd02...aabab0b2f42c
2026-06-28 20:22:37 [INFO]   Typed IRN: fd6661fc3743e43949bcfd02...aabab0b2f42c
2026-06-28 20:22:37 [INFO]   Clicked Search -- waiting for results...
2026-06-28 20:22:39 [INFO]   Search results visible
2026-06-28 20:22:39 [INFO]   Download triggered via row icon
2026-06-28 20:22:39 [INFO]   [OK] Saved -> FAO8332605076149_02-01-2026.pdf
2026-06-28 20:22:39 [INFO] [StateManager] Registered: FAO8332605076149_02-01-2026.pdf
2026-06-28 20:22:40 [INFO] [BackupWorker] Backed up: FAO8332605076149_02-01-2026.pdf
2026-06-28 20:22:40 [INFO] [ModifierWorker-1] Modifying: FAO8332605076149_02-01-2026.pdf
2026-06-28 20:22:40 [INFO] [ModifierWorker-1] Completed: FAO8332605076149_02-01-2026.pdf
2026-06-28 20:22:41 [INFO] [3/5] ----------------------------------------------
2026-06-28 20:22:41 [INFO]   Invoice: FAO8332605076156  |  Date: 02-01-2026  |  IRN: a2bc27d2eb98dd1782078667...264137437904
2026-06-28 20:22:42 [INFO]   Typed IRN: a2bc27d2eb98dd1782078667...264137437904
2026-06-28 20:22:42 [INFO]   Clicked Search -- waiting for results...
2026-06-28 20:22:43 [INFO]   Search results visible
2026-06-28 20:22:43 [INFO]   Download triggered via row icon
2026-06-28 20:22:43 [INFO]   [OK] Saved -> FAO8332605076156_02-01-2026.pdf
2026-06-28 20:22:43 [INFO] [StateManager] Registered: FAO8332605076156_02-01-2026.pdf
2026-06-28 20:22:44 [INFO] [BackupWorker] Backed up: FAO8332605076156_02-01-2026.pdf
2026-06-28 20:22:44 [INFO] [ModifierWorker-1] Modifying: FAO8332605076156_02-01-2026.pdf
2026-06-28 20:22:44 [INFO] [ModifierWorker-1] Completed: FAO8332605076156_02-01-2026.pdf
2026-06-28 20:22:46 [INFO] [4/5] ----------------------------------------------
2026-06-28 20:22:46 [INFO]   Invoice: FAO8332605076169  |  Date: 02-01-2026  |  IRN: cc6a845f83fd2c28e957fd89...93f51eaf58b0
2026-06-28 20:22:46 [INFO]   Typed IRN: cc6a845f83fd2c28e957fd89...93f51eaf58b0
2026-06-28 20:22:47 [INFO]   Clicked Search -- waiting for results...
2026-06-28 20:22:48 [INFO]   Search results visible
2026-06-28 20:22:48 [INFO]   Download triggered via row icon
2026-06-28 20:22:49 [INFO]   [OK] Saved -> FAO8332605076169_02-01-2026.pdf
2026-06-28 20:22:49 [INFO] [StateManager] Registered: FAO8332605076169_02-01-2026.pdf
2026-06-28 20:22:49 [INFO] [BackupWorker] Backed up: FAO8332605076169_02-01-2026.pdf
2026-06-28 20:22:49 [INFO] [ModifierWorker-1] Modifying: FAO8332605076169_02-01-2026.pdf
2026-06-28 20:22:49 [INFO] [ModifierWorker-1] Completed: FAO8332605076169_02-01-2026.pdf
2026-06-28 20:22:50 [INFO] [5/5] ----------------------------------------------
2026-06-28 20:22:50 [INFO]   Invoice: FAO8332605076213  |  Date: 02-01-2026  |  IRN: 6a42e746cc15d6a1b9777f14...df7fb46c1051
2026-06-28 20:22:51 [INFO]   Typed IRN: 6a42e746cc15d6a1b9777f14...df7fb46c1051
2026-06-28 20:22:51 [INFO]   Clicked Search -- waiting for results...
2026-06-28 20:22:52 [INFO]   Search results visible
2026-06-28 20:22:53 [INFO]   Download triggered via row icon
2026-06-28 20:22:53 [INFO]   [OK] Saved -> FAO8332605076213_02-01-2026.pdf
2026-06-28 20:22:53 [INFO] [StateManager] Registered: FAO8332605076213_02-01-2026.pdf
2026-06-28 20:22:53 [INFO] [BackupWorker] Backed up: FAO8332605076213_02-01-2026.pdf
2026-06-28 20:22:53 [INFO] [ModifierWorker-1] Modifying: FAO8332605076213_02-01-2026.pdf
2026-06-28 20:22:54 [INFO] Final result: 5/5 succeeded
2026-06-28 20:22:54 [INFO] [ModifierWorker-1] Completed: FAO8332605076213_02-01-2026.pdf
2026-06-28 20:22:54 [INFO] Final result: 5/5 succeeded
2026-06-28 20:22:54 [INFO] Waiting for pipeline workers to complete...
2026-06-28 20:22:54 [INFO] [Pipeline] Initiating shutdown...
2026-06-28 20:22:54 [INFO] [BackupWorker] Stopped
2026-06-28 20:22:54 [INFO] [ModifierWorker-1] Stopped
2026-06-28 20:22:54 [INFO] [ModifierWorker-2] Stopped
2026-06-28 20:22:54 [INFO] [Pipeline] Final state: {<FileState.COMPLETED: 'COMPLETED'>: 5, 'total': 5}
2026-06-28 20:22:54 [INFO] [Pipeline] Shutdown complete
2026-06-28 20:22:54 [INFO] Pipeline stats: {<FileState.COMPLETED: 'COMPLETED'>: 5, 'total': 5}
