2026-06-26 22:27:19 [INFO] Log file: gst_download_20260626_222719.log
2026-06-26 22:27:19 [INFO] ==================================================
2026-06-26 22:27:19 [INFO]   GST e-Invoice Bulk Downloader
2026-06-26 22:27:19 [INFO] ==================================================
2026-06-26 22:27:19 [INFO] Reading Excel file: Invoices_rate18.xlsx
2026-06-26 22:27:19 [INFO] Sheet: 'Sheet1' (Parsing rows...)
2026-06-26 22:27:19 [INFO] Loaded 19 valid IRN records
2026-06-26 22:27:21 [INFO] Launching Chromium in headed mode...
2026-06-26 22:27:22 [INFO] Browser ready
2026-06-26 22:27:22 [INFO] Navigating to https://einvoice.gst.gov.in/jsonDownload...
2026-06-26 22:27:26 [INFO] Portal loaded
2026-06-26 22:28:18 [INFO] User confirmed login -- automation starting
2026-06-26 22:28:18 [INFO] Processing 19 IRNs (starting from #1)
2026-06-26 22:28:18 [INFO] [1/19] ----------------------------------------------
2026-06-26 22:28:18 [INFO]   Invoice: BOM7-125914  |  IRN: acbaab77ba78d758d1bca34c...513436b63b4f
2026-06-26 22:28:19 [INFO]   Typed IRN: acbaab77ba78d758d1bca34c...513436b63b4f
2026-06-26 22:28:19 [INFO]   Clicked Search -- waiting for results...
2026-06-26 22:28:20 [INFO]   Search results visible
2026-06-26 22:28:21 [INFO]   Download triggered via row icon
2026-06-26 22:28:22 [INFO]   [OK] Saved -> BOM7-125914.pdf
2026-06-26 22:28:27 [INFO] [2/19] ----------------------------------------------
2026-06-26 22:28:27 [INFO]   Invoice: BOM7-125915  |  IRN: f78ddde3f1dc6fd0204aa351...9262f0cd0d32
2026-06-26 22:28:28 [INFO]   Typed IRN: f78ddde3f1dc6fd0204aa351...9262f0cd0d32
2026-06-26 22:28:28 [INFO]   Clicked Search -- waiting for results...
2026-06-26 22:28:29 [INFO]   Search results visible
2026-06-26 22:28:30 [INFO]   Download triggered via row icon
2026-06-26 22:28:30 [INFO]   [OK] Saved -> BOM7-125915.pdf
2026-06-26 22:28:35 [INFO] [3/19] ----------------------------------------------
2026-06-26 22:28:35 [INFO]   Invoice: BOM7-125916  |  IRN: e88ce2c65759d8d5bef9f52d...b4240f1c7603
2026-06-26 22:28:36 [INFO]   Typed IRN: e88ce2c65759d8d5bef9f52d...b4240f1c7603
2026-06-26 22:28:36 [INFO]   Clicked Search -- waiting for results...
2026-06-26 22:28:37 [INFO]   Search results visible
2026-06-26 22:28:37 [INFO]   Download triggered via row icon
2026-06-26 22:28:38 [INFO]   [OK] Saved -> BOM7-125916.pdf
2026-06-26 22:28:42 [INFO] [4/19] ----------------------------------------------
2026-06-26 22:28:42 [INFO]   Invoice: CJB1-168046  |  IRN: 5852c73de6698c6b198e15c1...1e6d2a09a7db
2026-06-26 22:28:43 [INFO]   Typed IRN: 5852c73de6698c6b198e15c1...1e6d2a09a7db
2026-06-26 22:28:43 [INFO]   Clicked Search -- waiting for results...
2026-06-26 22:28:44 [INFO]   Search results visible
2026-06-26 22:28:44 [INFO]   Download triggered via row icon
2026-06-26 22:28:45 [INFO]   [OK] Saved -> CJB1-168046.pdf
2026-06-26 22:28:49 [INFO] [5/19] ----------------------------------------------
2026-06-26 22:28:49 [INFO]   Invoice: CJB1-169386  |  IRN: 91c8deb4579df4b3702f7e07...96a3c441d97b
2026-06-26 22:28:50 [INFO]   Typed IRN: 91c8deb4579df4b3702f7e07...96a3c441d97b
2026-06-26 22:28:50 [INFO]   Clicked Search -- waiting for results...
2026-06-26 22:28:51 [INFO]   Search results visible
2026-06-26 22:28:51 [INFO]   Download triggered via row icon
2026-06-26 22:28:52 [INFO]   [OK] Saved -> CJB1-169386.pdf
2026-06-26 22:28:53 [INFO] 
Interrupted by user (Ctrl+C)
2026-06-26 22:28:53 [INFO] Final result: 5/5 succeeded
