2026-06-28 19:44:40 [INFO] Log file: logs\gst_download_20260628_194440.log
2026-06-28 19:44:40 [INFO] ==================================================
2026-06-28 19:44:40 [INFO]   GST e-Invoice Bulk Downloader
2026-06-28 19:44:40 [INFO] ==================================================
2026-06-28 19:44:40 [INFO] Batch name: August_2026
2026-06-28 19:44:40 [INFO] Reading Excel file: D:\Invoice_Book\processed_excel\August_2026.xlsx
2026-06-28 19:44:40 [INFO] Sheet: 'B2B_Filtered' (Parsing rows...)
2026-06-28 19:44:40 [INFO] Loaded 1015 valid IRN records
2026-06-28 19:44:40 [INFO] [Pipeline] Starting pipeline for batch 'August_2026'
2026-06-28 19:44:40 [INFO] [Pipeline] Staging:   staging\August_2026
2026-06-28 19:44:40 [INFO] [Pipeline] Originals: D:\Invoice_Book\original\August_2026
2026-06-28 19:44:40 [INFO] [Pipeline] Processed: D:\Invoice_Book\processed\August_2026
2026-06-28 19:44:40 [INFO] [StateManager] Recovering orphan: LIAA2DE270002368_06-06-2026.pdf
2026-06-28 19:44:40 [INFO] [StateManager] Registered: LIAA2DE270002368_06-06-2026.pdf
2026-06-28 19:44:40 [INFO] [StateManager] Recovering orphan: LIAA2DE270002368_06-06-2026_1.pdf
2026-06-28 19:44:40 [INFO] [StateManager] Registered: LIAA2DE270002368_06-06-2026_1.pdf
2026-06-28 19:44:40 [INFO] [StateManager] Recovering orphan: LIAA2JY270002305_06-06-2026.pdf
2026-06-28 19:44:40 [INFO] [StateManager] Registered: LIAA2JY270002305_06-06-2026.pdf
2026-06-28 19:44:40 [INFO] [StateManager] Recovering orphan: LIAA2JY270002305_06-06-2026_1.pdf
2026-06-28 19:44:40 [INFO] [StateManager] Registered: LIAA2JY270002305_06-06-2026_1.pdf
2026-06-28 19:44:40 [INFO] [BackupWorker] Started
2026-06-28 19:44:40 [INFO] [ModifierWorker-1] Started
2026-06-28 19:44:40 [INFO] [ModifierWorker-2] Started
2026-06-28 19:44:40 [INFO] [Pipeline] All workers started (2 modifier workers)
2026-06-28 19:44:40 [INFO] [BackupWorker] Backed up: LIAA2DE270002368_06-06-2026.pdf
2026-06-28 19:44:40 [INFO] [BackupWorker] Backed up: LIAA2DE270002368_06-06-2026_1.pdf
2026-06-28 19:44:40 [INFO] [BackupWorker] Backed up: LIAA2JY270002305_06-06-2026.pdf
2026-06-28 19:44:40 [INFO] [BackupWorker] Backed up: LIAA2JY270002305_06-06-2026_1.pdf
2026-06-28 19:44:41 [INFO] [ModifierWorker-1] Modifying: LIAA2DE270002368_06-06-2026_1.pdf
2026-06-28 19:44:41 [INFO] [ModifierWorker-2] Modifying: LIAA2DE270002368_06-06-2026.pdf
2026-06-28 19:44:42 [INFO] Launching Chromium in headed mode...
2026-06-28 19:44:42 [INFO] [ModifierWorker-2] Completed: LIAA2DE270002368_06-06-2026.pdf
2026-06-28 19:44:42 [INFO] [ModifierWorker-1] Completed: LIAA2DE270002368_06-06-2026_1.pdf
2026-06-28 19:44:42 [INFO] [ModifierWorker-2] Modifying: LIAA2JY270002305_06-06-2026.pdf
2026-06-28 19:44:42 [INFO] [ModifierWorker-1] Modifying: LIAA2JY270002305_06-06-2026_1.pdf
2026-06-28 19:44:43 [INFO] [ModifierWorker-2] Completed: LIAA2JY270002305_06-06-2026.pdf
2026-06-28 19:44:43 [INFO] [ModifierWorker-1] Completed: LIAA2JY270002305_06-06-2026_1.pdf
2026-06-28 19:44:44 [INFO] Browser ready
2026-06-28 19:44:44 [INFO] Navigating to https://einvoice.gst.gov.in/jsonDownload...
2026-06-28 19:44:52 [INFO] Portal loaded
2026-06-28 19:44:52 [INFO] [UI_PROMPT] Action Required: Please log in manually on the browser, then click Continue.
2026-06-28 19:45:24 [INFO] User confirmed login -- automation starting
2026-06-28 19:45:24 [INFO] Processing 1015 IRNs (starting from #1)
2026-06-28 19:45:24 [INFO] [1/1015] ----------------------------------------------
2026-06-28 19:45:25 [INFO]   [SKIPPED] Already processed: LIAA2DE270002368_06-06-2026.pdf
2026-06-28 19:45:26 [INFO] [2/1015] ----------------------------------------------
2026-06-28 19:45:26 [INFO]   [SKIPPED] Already processed: LIAA2JY270002305_06-06-2026.pdf
2026-06-28 19:45:27 [INFO] [3/1015] ----------------------------------------------
2026-06-28 19:45:27 [INFO]   Invoice: LIAA2JY270002368  |  Date: 08-06-2026  |  IRN: e7c3c532ba6ab85462eeb4ed...41abd93c2980
2026-06-28 19:45:28 [INFO]   Typed IRN: e7c3c532ba6ab85462eeb4ed...41abd93c2980
2026-06-28 19:45:28 [INFO]   Clicked Search -- waiting for results...
2026-06-28 19:45:29 [INFO]   Search results visible
2026-06-28 19:45:30 [INFO]   Download triggered via row icon
2026-06-28 19:45:30 [INFO]   [OK] Saved -> LIAA2JY270002368_08-06-2026.pdf
2026-06-28 19:45:30 [INFO] [StateManager] Registered: LIAA2JY270002368_08-06-2026.pdf
2026-06-28 19:45:31 [INFO] [BackupWorker] Backed up: LIAA2JY270002368_08-06-2026.pdf
2026-06-28 19:45:31 [INFO] [ModifierWorker-1] Modifying: LIAA2JY270002368_08-06-2026.pdf
2026-06-28 19:45:32 [INFO] [ModifierWorker-1] Completed: LIAA2JY270002368_08-06-2026.pdf
2026-06-28 19:45:32 [INFO] [4/1015] ----------------------------------------------
2026-06-28 19:45:32 [INFO]   Invoice: LIAA4DU270002383  |  Date: 06-06-2026  |  IRN: 46465eaa5c948ba9fcd9a02f...abe649f5412c
2026-06-28 19:45:33 [INFO]   Typed IRN: 46465eaa5c948ba9fcd9a02f...abe649f5412c
2026-06-28 19:45:33 [INFO]   Clicked Search -- waiting for results...
2026-06-28 19:45:34 [INFO]   Search results visible
2026-06-28 19:45:35 [INFO]   Download triggered via row icon
2026-06-28 19:45:35 [INFO]   [OK] Saved -> LIAA4DU270002383_06-06-2026.pdf
2026-06-28 19:45:35 [INFO] [StateManager] Registered: LIAA4DU270002383_06-06-2026.pdf
2026-06-28 19:45:35 [INFO] [BackupWorker] Backed up: LIAA4DU270002383_06-06-2026.pdf
2026-06-28 19:45:35 [INFO] [ModifierWorker-2] Modifying: LIAA4DU270002383_06-06-2026.pdf
2026-06-28 19:45:36 [INFO] [ModifierWorker-2] Completed: LIAA4DU270002383_06-06-2026.pdf
2026-06-28 19:45:37 [INFO] [5/1015] ----------------------------------------------
2026-06-28 19:45:37 [INFO]   Invoice: LIAA4DU270002384  |  Date: 06-06-2026  |  IRN: 64c34305918bcb3778910b90...f34d0e6806ca
2026-06-28 19:45:38 [INFO]   Typed IRN: 64c34305918bcb3778910b90...f34d0e6806ca
2026-06-28 19:45:38 [INFO]   Clicked Search -- waiting for results...
2026-06-28 19:45:39 [INFO]   Search results visible
2026-06-28 19:45:40 [INFO]   Download triggered via row icon
2026-06-28 19:45:40 [INFO]   [OK] Saved -> LIAA4DU270002384_06-06-2026.pdf
2026-06-28 19:45:40 [INFO] [StateManager] Registered: LIAA4DU270002384_06-06-2026.pdf
2026-06-28 19:45:40 [INFO] [BackupWorker] Backed up: LIAA4DU270002384_06-06-2026.pdf
2026-06-28 19:45:40 [INFO] [ModifierWorker-1] Modifying: LIAA4DU270002384_06-06-2026.pdf
2026-06-28 19:45:41 [INFO] [ModifierWorker-1] Completed: LIAA4DU270002384_06-06-2026.pdf
2026-06-28 19:45:42 [INFO] [6/1015] ----------------------------------------------
2026-06-28 19:45:42 [INFO]   Invoice: LIAA4R5270002350  |  Date: 06-06-2026  |  IRN: 66c0618c459d0a84de9f8483...79175bfe3d6c
2026-06-28 19:45:43 [INFO]   Typed IRN: 66c0618c459d0a84de9f8483...79175bfe3d6c
2026-06-28 19:45:43 [INFO]   Clicked Search -- waiting for results...
2026-06-28 19:45:44 [INFO]   Search results visible
2026-06-28 19:45:45 [INFO]   Download triggered via row icon
2026-06-28 19:45:45 [INFO]   [OK] Saved -> LIAA4R5270002350_06-06-2026.pdf
2026-06-28 19:45:45 [INFO] [StateManager] Registered: LIAA4R5270002350_06-06-2026.pdf
2026-06-28 19:45:45 [INFO] [BackupWorker] Backed up: LIAA4R5270002350_06-06-2026.pdf
2026-06-28 19:45:45 [INFO] [ModifierWorker-1] Modifying: LIAA4R5270002350_06-06-2026.pdf
2026-06-28 19:45:46 [INFO] [ModifierWorker-1] Completed: LIAA4R5270002350_06-06-2026.pdf
2026-06-28 19:45:47 [INFO] [7/1015] ----------------------------------------------
2026-06-28 19:45:47 [INFO]   Invoice: LIAA5EU270002404  |  Date: 06-06-2026  |  IRN: cbf3c148066b2398110ceca9...9b8eff0d6533
2026-06-28 19:45:48 [INFO]   Typed IRN: cbf3c148066b2398110ceca9...9b8eff0d6533
2026-06-28 19:45:48 [INFO]   Clicked Search -- waiting for results...
2026-06-28 19:45:49 [INFO]   Search results visible
2026-06-28 19:45:49 [INFO]   Download triggered via row icon
2026-06-28 19:45:49 [INFO]   [OK] Saved -> LIAA5EU270002404_06-06-2026.pdf
2026-06-28 19:45:49 [INFO] [StateManager] Registered: LIAA5EU270002404_06-06-2026.pdf
2026-06-28 19:45:50 [INFO] [BackupWorker] Backed up: LIAA5EU270002404_06-06-2026.pdf
2026-06-28 19:45:50 [INFO] [ModifierWorker-1] Modifying: LIAA5EU270002404_06-06-2026.pdf
2026-06-28 19:45:50 [INFO] [ModifierWorker-1] Completed: LIAA5EU270002404_06-06-2026.pdf
2026-06-28 19:45:52 [INFO] [8/1015] ----------------------------------------------
2026-06-28 19:45:52 [INFO]   Invoice: LIAA5EU270002407  |  Date: 06-06-2026  |  IRN: 863ff5541ecd04c160db5f0b...938c370594c6
2026-06-28 19:45:53 [INFO]   Typed IRN: 863ff5541ecd04c160db5f0b...938c370594c6
2026-06-28 19:45:53 [INFO]   Clicked Search -- waiting for results...
2026-06-28 19:45:54 [INFO]   Search results visible
2026-06-28 19:45:54 [INFO]   Download triggered via row icon
2026-06-28 19:45:54 [INFO]   [OK] Saved -> LIAA5EU270002407_06-06-2026.pdf
2026-06-28 19:45:54 [INFO] [StateManager] Registered: LIAA5EU270002407_06-06-2026.pdf
2026-06-28 19:45:54 [INFO] [BackupWorker] Backed up: LIAA5EU270002407_06-06-2026.pdf
2026-06-28 19:45:55 [INFO] [ModifierWorker-1] Modifying: LIAA5EU270002407_06-06-2026.pdf
2026-06-28 19:45:55 [INFO] [ModifierWorker-1] Completed: LIAA5EU270002407_06-06-2026.pdf
2026-06-28 19:45:56 [INFO] [9/1015] ----------------------------------------------
2026-06-28 19:45:56 [INFO]   Invoice: LIAA5XA270002401  |  Date: 06-06-2026  |  IRN: dc4c579169cd1a7422099898...e083ba55bc6a
2026-06-28 19:45:57 [INFO]   Typed IRN: dc4c579169cd1a7422099898...e083ba55bc6a
2026-06-28 19:45:57 [INFO]   Clicked Search -- waiting for results...
2026-06-28 19:45:58 [INFO]   Search results visible
2026-06-28 19:45:59 [INFO]   Download triggered via row icon
2026-06-28 19:45:59 [INFO]   [OK] Saved -> LIAA5XA270002401_06-06-2026.pdf
2026-06-28 19:45:59 [INFO] [StateManager] Registered: LIAA5XA270002401_06-06-2026.pdf
2026-06-28 19:45:59 [INFO] [BackupWorker] Backed up: LIAA5XA270002401_06-06-2026.pdf
2026-06-28 19:45:59 [INFO] [ModifierWorker-1] Modifying: LIAA5XA270002401_06-06-2026.pdf
2026-06-28 19:46:00 [INFO] [ModifierWorker-1] Completed: LIAA5XA270002401_06-06-2026.pdf
2026-06-28 19:46:01 [INFO] [10/1015] ----------------------------------------------
2026-06-28 19:46:01 [INFO]   Invoice: LIAA6OB270002427  |  Date: 08-06-2026  |  IRN: 9ac47dae0657be01696502be...2caf6819f591
2026-06-28 19:46:02 [INFO]   Typed IRN: 9ac47dae0657be01696502be...2caf6819f591
2026-06-28 19:46:02 [INFO]   Clicked Search -- waiting for results...
2026-06-28 19:46:03 [INFO]   Search results visible
2026-06-28 19:46:04 [INFO]   Download triggered via row icon
2026-06-28 19:46:04 [INFO]   [OK] Saved -> LIAA6OB270002427_08-06-2026.pdf
2026-06-28 19:46:04 [INFO] [StateManager] Registered: LIAA6OB270002427_08-06-2026.pdf
2026-06-28 19:46:04 [INFO] [BackupWorker] Backed up: LIAA6OB270002427_08-06-2026.pdf
2026-06-28 19:46:04 [INFO] [ModifierWorker-1] Modifying: LIAA6OB270002427_08-06-2026.pdf
2026-06-28 19:46:05 [INFO] [ModifierWorker-1] Completed: LIAA6OB270002427_08-06-2026.pdf
2026-06-28 19:46:06 [INFO] [11/1015] ----------------------------------------------
2026-06-28 19:46:06 [INFO]   Invoice: LIAA8CQ270002347  |  Date: 06-06-2026  |  IRN: dab6af647a617a341c072e93...f535915d9043
2026-06-28 19:46:07 [INFO]   Typed IRN: dab6af647a617a341c072e93...f535915d9043
2026-06-28 19:46:07 [INFO]   Clicked Search -- waiting for results...
2026-06-28 19:46:08 [INFO]   Search results visible
2026-06-28 19:46:09 [INFO]   Download triggered via row icon
2026-06-28 19:46:09 [INFO]   [OK] Saved -> LIAA8CQ270002347_06-06-2026.pdf
2026-06-28 19:46:09 [INFO] [StateManager] Registered: LIAA8CQ270002347_06-06-2026.pdf
2026-06-28 19:46:09 [INFO] [BackupWorker] Backed up: LIAA8CQ270002347_06-06-2026.pdf
2026-06-28 19:46:09 [INFO] [ModifierWorker-1] Modifying: LIAA8CQ270002347_06-06-2026.pdf
2026-06-28 19:46:10 [INFO] [ModifierWorker-1] Completed: LIAA8CQ270002347_06-06-2026.pdf
2026-06-28 19:46:11 [INFO] [12/1015] ----------------------------------------------
2026-06-28 19:46:11 [INFO]   Invoice: LIAA9FN270002404  |  Date: 06-06-2026  |  IRN: 9d2a3cc93145faf86cf95c6b...8d9699c71fd3
2026-06-28 19:46:11 [INFO]   Typed IRN: 9d2a3cc93145faf86cf95c6b...8d9699c71fd3
2026-06-28 19:46:12 [INFO]   Clicked Search -- waiting for results...
2026-06-28 19:46:13 [INFO]   Search results visible
2026-06-28 19:46:13 [INFO]   Download triggered via row icon
2026-06-28 19:46:14 [INFO]   [OK] Saved -> LIAA9FN270002404_06-06-2026.pdf
2026-06-28 19:46:14 [INFO] [StateManager] Registered: LIAA9FN270002404_06-06-2026.pdf
2026-06-28 19:46:14 [INFO] [BackupWorker] Backed up: LIAA9FN270002404_06-06-2026.pdf
2026-06-28 19:46:14 [INFO] [ModifierWorker-1] Modifying: LIAA9FN270002404_06-06-2026.pdf
2026-06-28 19:46:14 [INFO] [ModifierWorker-1] Completed: LIAA9FN270002404_06-06-2026.pdf
2026-06-28 19:46:16 [INFO] [13/1015] ----------------------------------------------
2026-06-28 19:46:16 [INFO]   Invoice: LIAA9FN270002405  |  Date: 06-06-2026  |  IRN: 96e4de5be1a8f903ba72e35d...7d5efc49a34b
2026-06-28 19:46:17 [INFO]   Typed IRN: 96e4de5be1a8f903ba72e35d...7d5efc49a34b
2026-06-28 19:46:17 [INFO]   Clicked Search -- waiting for results...
2026-06-28 19:46:18 [INFO]   Search results visible
2026-06-28 19:46:18 [INFO]   Download triggered via row icon
2026-06-28 19:46:19 [INFO]   [OK] Saved -> LIAA9FN270002405_06-06-2026.pdf
2026-06-28 19:46:19 [INFO] [StateManager] Registered: LIAA9FN270002405_06-06-2026.pdf
2026-06-28 19:46:19 [INFO] [BackupWorker] Backed up: LIAA9FN270002405_06-06-2026.pdf
2026-06-28 19:46:19 [INFO] [ModifierWorker-1] Modifying: LIAA9FN270002405_06-06-2026.pdf
2026-06-28 19:46:19 [INFO] [ModifierWorker-1] Completed: LIAA9FN270002405_06-06-2026.pdf
2026-06-28 19:46:20 [INFO] [14/1015] ----------------------------------------------
2026-06-28 19:46:20 [INFO]   Invoice: LIAAAUT270002500  |  Date: 06-06-2026  |  IRN: 8b0a72f11e00cf12a1f1f035...8ad27e8d1726
2026-06-28 19:46:21 [INFO]   Typed IRN: 8b0a72f11e00cf12a1f1f035...8ad27e8d1726
2026-06-28 19:46:21 [INFO]   Clicked Search -- waiting for results...
2026-06-28 19:46:23 [INFO]   Search results visible
2026-06-28 19:46:23 [INFO]   Download triggered via row icon
2026-06-28 19:46:23 [INFO]   [OK] Saved -> LIAAAUT270002500_06-06-2026.pdf
2026-06-28 19:46:23 [INFO] [StateManager] Registered: LIAAAUT270002500_06-06-2026.pdf
2026-06-28 19:46:23 [INFO] [BackupWorker] Backed up: LIAAAUT270002500_06-06-2026.pdf
2026-06-28 19:46:24 [INFO] [ModifierWorker-1] Modifying: LIAAAUT270002500_06-06-2026.pdf
2026-06-28 19:46:24 [INFO] [ModifierWorker-1] Completed: LIAAAUT270002500_06-06-2026.pdf
2026-06-28 19:46:25 [INFO] [15/1015] ----------------------------------------------
2026-06-28 19:46:25 [INFO]   Invoice: LIAAAUT270002502  |  Date: 06-06-2026  |  IRN: 8622d607ee7945baa26b3291...df58c4cca9b3
2026-06-28 19:46:26 [INFO]   Typed IRN: 8622d607ee7945baa26b3291...df58c4cca9b3
2026-06-28 19:46:26 [INFO]   Clicked Search -- waiting for results...
2026-06-28 19:46:27 [INFO]   Search results visible
2026-06-28 19:46:28 [INFO]   Download triggered via row icon
2026-06-28 19:46:28 [INFO]   [OK] Saved -> LIAAAUT270002502_06-06-2026.pdf
2026-06-28 19:46:28 [INFO] [StateManager] Registered: LIAAAUT270002502_06-06-2026.pdf
2026-06-28 19:46:28 [INFO] [BackupWorker] Backed up: LIAAAUT270002502_06-06-2026.pdf
2026-06-28 19:46:28 [INFO] [ModifierWorker-1] Modifying: LIAAAUT270002502_06-06-2026.pdf
2026-06-28 19:46:29 [INFO] [ModifierWorker-1] Completed: LIAAAUT270002502_06-06-2026.pdf
2026-06-28 19:46:30 [INFO] [16/1015] ----------------------------------------------
2026-06-28 19:46:30 [INFO]   Invoice: LIAAAUT270002503  |  Date: 06-06-2026  |  IRN: c39e00cb1803bdc3d452a556...693c7be31c65
2026-06-28 19:46:31 [INFO]   Typed IRN: c39e00cb1803bdc3d452a556...693c7be31c65
2026-06-28 19:46:31 [INFO]   Clicked Search -- waiting for results...
2026-06-28 19:46:32 [INFO]   Search results visible
2026-06-28 19:46:33 [INFO]   Download triggered via row icon
2026-06-28 19:46:33 [INFO]   [OK] Saved -> LIAAAUT270002503_06-06-2026.pdf
2026-06-28 19:46:33 [INFO] [StateManager] Registered: LIAAAUT270002503_06-06-2026.pdf
2026-06-28 19:46:33 [INFO] [BackupWorker] Backed up: LIAAAUT270002503_06-06-2026.pdf
2026-06-28 19:46:33 [INFO] [ModifierWorker-1] Modifying: LIAAAUT270002503_06-06-2026.pdf
2026-06-28 19:46:34 [INFO] [ModifierWorker-1] Completed: LIAAAUT270002503_06-06-2026.pdf
2026-06-28 19:46:35 [INFO] [17/1015] ----------------------------------------------
2026-06-28 19:46:35 [INFO]   Invoice: LIAAB58270002391  |  Date: 06-06-2026  |  IRN: cb1f6ad3f8495af9f66a56b5...f2b4d4e9a33f
2026-06-28 19:46:35 [INFO]   Typed IRN: cb1f6ad3f8495af9f66a56b5...f2b4d4e9a33f
2026-06-28 19:46:36 [INFO]   Clicked Search -- waiting for results...
2026-06-28 19:46:37 [INFO]   Search results visible
2026-06-28 19:46:37 [INFO]   Download triggered via row icon
2026-06-28 19:46:37 [INFO]   [OK] Saved -> LIAAB58270002391_06-06-2026.pdf
2026-06-28 19:46:37 [INFO] [StateManager] Registered: LIAAB58270002391_06-06-2026.pdf
2026-06-28 19:46:38 [INFO] [BackupWorker] Backed up: LIAAB58270002391_06-06-2026.pdf
2026-06-28 19:46:38 [INFO] [ModifierWorker-1] Modifying: LIAAB58270002391_06-06-2026.pdf
2026-06-28 19:46:39 [INFO] [ModifierWorker-1] Completed: LIAAB58270002391_06-06-2026.pdf
2026-06-28 19:46:39 [INFO] [18/1015] ----------------------------------------------
2026-06-28 19:46:39 [INFO]   Invoice: LIAAD4S270002367  |  Date: 06-06-2026  |  IRN: 536d80ad908d4b30a82a5777...9cc691d5f394
2026-06-28 19:46:40 [INFO]   Typed IRN: 536d80ad908d4b30a82a5777...9cc691d5f394
2026-06-28 19:46:40 [INFO]   Clicked Search -- waiting for results...
2026-06-28 19:46:42 [INFO]   Search results visible
2026-06-28 19:46:42 [INFO]   Download triggered via row icon
2026-06-28 19:46:42 [INFO]   [OK] Saved -> LIAAD4S270002367_06-06-2026.pdf
2026-06-28 19:46:42 [INFO] [StateManager] Registered: LIAAD4S270002367_06-06-2026.pdf
2026-06-28 19:46:43 [INFO] [BackupWorker] Backed up: LIAAD4S270002367_06-06-2026.pdf
2026-06-28 19:46:43 [INFO] [ModifierWorker-1] Modifying: LIAAD4S270002367_06-06-2026.pdf
2026-06-28 19:46:44 [INFO] [ModifierWorker-1] Completed: LIAAD4S270002367_06-06-2026.pdf
2026-06-28 19:46:45 [INFO] [19/1015] ----------------------------------------------
2026-06-28 19:46:45 [INFO]   Invoice: LIAADE4270002344  |  Date: 06-06-2026  |  IRN: b6febbdb55dfb066d88336a6...677dd4ebb8b8
2026-06-28 19:46:46 [INFO]   Typed IRN: b6febbdb55dfb066d88336a6...677dd4ebb8b8
2026-06-28 19:46:46 [INFO]   Clicked Search -- waiting for results...
2026-06-28 19:46:47 [INFO]   Search results visible
2026-06-28 19:46:47 [INFO]   Download triggered via row icon
2026-06-28 19:46:48 [INFO]   [OK] Saved -> LIAADE4270002344_06-06-2026.pdf
2026-06-28 19:46:48 [INFO] [StateManager] Registered: LIAADE4270002344_06-06-2026.pdf
2026-06-28 19:46:48 [INFO] [BackupWorker] Backed up: LIAADE4270002344_06-06-2026.pdf
2026-06-28 19:46:48 [INFO] [ModifierWorker-1] Modifying: LIAADE4270002344_06-06-2026.pdf
2026-06-28 19:46:48 [INFO] [ModifierWorker-1] Completed: LIAADE4270002344_06-06-2026.pdf
2026-06-28 19:46:49 [INFO] [20/1015] ----------------------------------------------
2026-06-28 19:46:49 [INFO]   Invoice: LIAADTX270002349  |  Date: 06-06-2026  |  IRN: d5ce96ba9fb7c34c18459e52...019ea982f3d9
2026-06-28 19:46:50 [INFO]   Typed IRN: d5ce96ba9fb7c34c18459e52...019ea982f3d9
2026-06-28 19:46:50 [INFO]   Clicked Search -- waiting for results...
2026-06-28 19:46:51 [INFO]   Search results visible
2026-06-28 19:46:52 [INFO]   Download triggered via row icon
2026-06-28 19:46:52 [INFO]   [OK] Saved -> LIAADTX270002349_06-06-2026.pdf
2026-06-28 19:46:52 [INFO] [StateManager] Registered: LIAADTX270002349_06-06-2026.pdf
2026-06-28 19:46:52 [INFO] [BackupWorker] Backed up: LIAADTX270002349_06-06-2026.pdf
2026-06-28 19:46:52 [INFO] [ModifierWorker-1] Modifying: LIAADTX270002349_06-06-2026.pdf
2026-06-28 19:46:52 [INFO] [ModifierWorker-1] Completed: LIAADTX270002349_06-06-2026.pdf
2026-06-28 19:46:54 [INFO] [21/1015] ----------------------------------------------
2026-06-28 19:46:54 [INFO]   Invoice: LIAADTX270002351  |  Date: 06-06-2026  |  IRN: ca08e1a3c5527dc27964fe83...b0bd93a78821
2026-06-28 19:46:55 [INFO]   Typed IRN: ca08e1a3c5527dc27964fe83...b0bd93a78821
2026-06-28 19:46:55 [INFO]   Clicked Search -- waiting for results...
2026-06-28 19:46:56 [INFO]   Search results visible
2026-06-28 19:46:56 [INFO]   Download triggered via row icon
2026-06-28 19:46:57 [INFO]   [OK] Saved -> LIAADTX270002351_06-06-2026.pdf
2026-06-28 19:46:57 [INFO] [StateManager] Registered: LIAADTX270002351_06-06-2026.pdf
2026-06-28 19:46:57 [INFO] [BackupWorker] Backed up: LIAADTX270002351_06-06-2026.pdf
2026-06-28 19:46:57 [INFO] [ModifierWorker-1] Modifying: LIAADTX270002351_06-06-2026.pdf
2026-06-28 19:46:58 [INFO] [ModifierWorker-1] Completed: LIAADTX270002351_06-06-2026.pdf
2026-06-28 19:46:59 [INFO] [22/1015] ----------------------------------------------
2026-06-28 19:46:59 [INFO]   Invoice: LIAAE7Z270002322  |  Date: 06-06-2026  |  IRN: bbe709c1b1c4e685e4321bf2...b001065d4c80
2026-06-28 19:46:59 [INFO]   Typed IRN: bbe709c1b1c4e685e4321bf2...b001065d4c80
2026-06-28 19:47:00 [INFO]   Clicked Search -- waiting for results...
2026-06-28 19:47:01 [INFO]   Search results visible
2026-06-28 19:47:01 [INFO]   Download triggered via row icon
2026-06-28 19:47:01 [INFO]   [OK] Saved -> LIAAE7Z270002322_06-06-2026.pdf
2026-06-28 19:47:01 [INFO] [StateManager] Registered: LIAAE7Z270002322_06-06-2026.pdf
2026-06-28 19:47:02 [INFO] [BackupWorker] Backed up: LIAAE7Z270002322_06-06-2026.pdf
2026-06-28 19:47:02 [INFO] [ModifierWorker-1] Modifying: LIAAE7Z270002322_06-06-2026.pdf
2026-06-28 19:47:02 [INFO] [ModifierWorker-1] Completed: LIAAE7Z270002322_06-06-2026.pdf
2026-06-28 19:47:04 [INFO] [23/1015] ----------------------------------------------
2026-06-28 19:47:04 [INFO]   Invoice: LIAAEGC270002454  |  Date: 06-06-2026  |  IRN: 97078a2139ee4e73fb7656f6...4dfe7352310d
2026-06-28 19:47:05 [INFO]   Typed IRN: 97078a2139ee4e73fb7656f6...4dfe7352310d
2026-06-28 19:47:05 [INFO]   Clicked Search -- waiting for results...
2026-06-28 19:47:06 [INFO]   Search results visible
2026-06-28 19:47:06 [INFO]   Download triggered via row icon
2026-06-28 19:47:06 [INFO]   [OK] Saved -> LIAAEGC270002454_06-06-2026.pdf
2026-06-28 19:47:06 [INFO] [StateManager] Registered: LIAAEGC270002454_06-06-2026.pdf
2026-06-28 19:47:07 [INFO] [BackupWorker] Backed up: LIAAEGC270002454_06-06-2026.pdf
2026-06-28 19:47:07 [INFO] [ModifierWorker-1] Modifying: LIAAEGC270002454_06-06-2026.pdf
2026-06-28 19:47:07 [INFO] [ModifierWorker-1] Completed: LIAAEGC270002454_06-06-2026.pdf
2026-06-28 19:47:08 [INFO] [24/1015] ----------------------------------------------
2026-06-28 19:47:08 [INFO]   Invoice: LIAAEGC270002455  |  Date: 06-06-2026  |  IRN: aaf3d23da22511b05fe714ca...ea9144d6b358
2026-06-28 19:47:09 [INFO]   Typed IRN: aaf3d23da22511b05fe714ca...ea9144d6b358
2026-06-28 19:47:09 [INFO]   Clicked Search -- waiting for results...
2026-06-28 19:47:10 [INFO]   Search results visible
2026-06-28 19:47:10 [INFO]   Download triggered via row icon
2026-06-28 19:47:11 [INFO]   [OK] Saved -> LIAAEGC270002455_06-06-2026.pdf
2026-06-28 19:47:11 [INFO] [StateManager] Registered: LIAAEGC270002455_06-06-2026.pdf
2026-06-28 19:47:11 [INFO] [BackupWorker] Backed up: LIAAEGC270002455_06-06-2026.pdf
2026-06-28 19:47:11 [INFO] [ModifierWorker-1] Modifying: LIAAEGC270002455_06-06-2026.pdf
2026-06-28 19:47:11 [INFO] [ModifierWorker-1] Completed: LIAAEGC270002455_06-06-2026.pdf
2026-06-28 19:47:13 [INFO] [25/1015] ----------------------------------------------
2026-06-28 19:47:13 [INFO]   Invoice: LIAAES5270002399  |  Date: 06-06-2026  |  IRN: db475f28fa050948d5df8bda...c2078f025746
2026-06-28 19:47:14 [INFO]   Typed IRN: db475f28fa050948d5df8bda...c2078f025746
2026-06-28 19:47:14 [INFO]   Clicked Search -- waiting for results...
2026-06-28 19:47:15 [INFO]   Search results visible
2026-06-28 19:47:15 [INFO]   Download triggered via row icon
2026-06-28 19:47:16 [INFO]   [OK] Saved -> LIAAES5270002399_06-06-2026.pdf
2026-06-28 19:47:16 [INFO] [StateManager] Registered: LIAAES5270002399_06-06-2026.pdf
2026-06-28 19:47:16 [INFO] [BackupWorker] Backed up: LIAAES5270002399_06-06-2026.pdf
2026-06-28 19:47:16 [INFO] [ModifierWorker-2] Modifying: LIAAES5270002399_06-06-2026.pdf
2026-06-28 19:47:17 [INFO] [ModifierWorker-2] Completed: LIAAES5270002399_06-06-2026.pdf
2026-06-28 19:47:18 [INFO] [26/1015] ----------------------------------------------
2026-06-28 19:47:18 [INFO]   Invoice: LIAAES5270002400  |  Date: 06-06-2026  |  IRN: 9090521beb6265f60410cbd2...9de03daaeea7
2026-06-28 19:47:19 [INFO]   Typed IRN: 9090521beb6265f60410cbd2...9de03daaeea7
2026-06-28 19:47:19 [INFO]   Clicked Search -- waiting for results...
2026-06-28 19:47:20 [INFO]   Search results visible
2026-06-28 19:47:20 [INFO]   Download triggered via row icon
2026-06-28 19:47:21 [INFO]   [OK] Saved -> LIAAES5270002400_06-06-2026.pdf
2026-06-28 19:47:21 [INFO] [StateManager] Registered: LIAAES5270002400_06-06-2026.pdf
2026-06-28 19:47:21 [INFO] [BackupWorker] Backed up: LIAAES5270002400_06-06-2026.pdf
2026-06-28 19:47:21 [INFO] [ModifierWorker-2] Modifying: LIAAES5270002400_06-06-2026.pdf
2026-06-28 19:47:22 [INFO] [ModifierWorker-2] Completed: LIAAES5270002400_06-06-2026.pdf
2026-06-28 19:47:22 [INFO] [27/1015] ----------------------------------------------
2026-06-28 19:47:22 [INFO]   Invoice: LIAAES5270002401  |  Date: 06-06-2026  |  IRN: 7157397681b149c04daa8b86...2249668d130e
2026-06-28 19:47:23 [INFO]   Typed IRN: 7157397681b149c04daa8b86...2249668d130e
2026-06-28 19:47:23 [INFO]   Clicked Search -- waiting for results...
2026-06-28 19:47:24 [INFO]   Search results visible
2026-06-28 19:47:25 [INFO]   Download triggered via row icon
2026-06-28 19:47:25 [INFO]   [OK] Saved -> LIAAES5270002401_06-06-2026.pdf
2026-06-28 19:47:25 [INFO] [StateManager] Registered: LIAAES5270002401_06-06-2026.pdf
2026-06-28 19:47:25 [INFO] [BackupWorker] Backed up: LIAAES5270002401_06-06-2026.pdf
2026-06-28 19:47:25 [INFO] [ModifierWorker-2] Modifying: LIAAES5270002401_06-06-2026.pdf
2026-06-28 19:47:26 [INFO] [ModifierWorker-2] Completed: LIAAES5270002401_06-06-2026.pdf
2026-06-28 19:47:26 [INFO] [28/1015] ----------------------------------------------
2026-06-28 19:47:26 [INFO]   Invoice: LIAAFJL270002394  |  Date: 06-06-2026  |  IRN: 0fa680f35600a379a292cd4e...b27e37a3bd3d
2026-06-28 19:47:27 [INFO]   Typed IRN: 0fa680f35600a379a292cd4e...b27e37a3bd3d
2026-06-28 19:47:27 [INFO]   Clicked Search -- waiting for results...
2026-06-28 19:47:28 [INFO]   Search results visible
2026-06-28 19:47:29 [INFO]   Download triggered via row icon
2026-06-28 19:47:29 [INFO]   [OK] Saved -> LIAAFJL270002394_06-06-2026.pdf
2026-06-28 19:47:29 [INFO] [StateManager] Registered: LIAAFJL270002394_06-06-2026.pdf
2026-06-28 19:47:29 [INFO] [BackupWorker] Backed up: LIAAFJL270002394_06-06-2026.pdf
2026-06-28 19:47:29 [INFO] [ModifierWorker-2] Modifying: LIAAFJL270002394_06-06-2026.pdf
2026-06-28 19:47:30 [INFO] [ModifierWorker-2] Completed: LIAAFJL270002394_06-06-2026.pdf
2026-06-28 19:47:31 [INFO] [29/1015] ----------------------------------------------
2026-06-28 19:47:31 [INFO]   Invoice: LIAAIVV270002384  |  Date: 06-06-2026  |  IRN: dc956f5436d47773903393c1...822f7a1e84e5
2026-06-28 19:47:32 [INFO]   Typed IRN: dc956f5436d47773903393c1...822f7a1e84e5
2026-06-28 19:47:32 [INFO]   Clicked Search -- waiting for results...
2026-06-28 19:47:33 [INFO]   Search results visible
2026-06-28 19:47:34 [INFO]   Download triggered via row icon
2026-06-28 19:47:35 [INFO]   [OK] Saved -> LIAAIVV270002384_06-06-2026.pdf
2026-06-28 19:47:35 [INFO] [StateManager] Registered: LIAAIVV270002384_06-06-2026.pdf
2026-06-28 19:47:35 [INFO] [BackupWorker] Backed up: LIAAIVV270002384_06-06-2026.pdf
2026-06-28 19:47:35 [INFO] [ModifierWorker-2] Modifying: LIAAIVV270002384_06-06-2026.pdf
2026-06-28 19:47:36 [INFO] [ModifierWorker-2] Completed: LIAAIVV270002384_06-06-2026.pdf
2026-06-28 19:47:36 [INFO] [30/1015] ----------------------------------------------
2026-06-28 19:47:36 [INFO]   Invoice: LIAAIVV270002447  |  Date: 08-06-2026  |  IRN: f3a0c96275732844af033c00...069c9aaad1e6
2026-06-28 19:47:37 [INFO]   Typed IRN: f3a0c96275732844af033c00...069c9aaad1e6
2026-06-28 19:47:37 [INFO]   Clicked Search -- waiting for results...
2026-06-28 19:47:38 [INFO]   Search results visible
2026-06-28 19:47:39 [INFO]   Download triggered via row icon
2026-06-28 19:47:39 [INFO]   [OK] Saved -> LIAAIVV270002447_08-06-2026.pdf
2026-06-28 19:47:39 [INFO] [StateManager] Registered: LIAAIVV270002447_08-06-2026.pdf
2026-06-28 19:47:39 [INFO] [BackupWorker] Backed up: LIAAIVV270002447_08-06-2026.pdf
2026-06-28 19:47:39 [INFO] [ModifierWorker-2] Modifying: LIAAIVV270002447_08-06-2026.pdf
2026-06-28 19:47:40 [INFO] [ModifierWorker-2] Completed: LIAAIVV270002447_08-06-2026.pdf
2026-06-28 19:47:41 [INFO] [31/1015] ----------------------------------------------
2026-06-28 19:47:41 [INFO]   Invoice: LIAAKAT270002585  |  Date: 08-06-2026  |  IRN: efc4ef2bc1e32116f83d1577...ddc6003f90dc
2026-06-28 19:47:42 [INFO]   Typed IRN: efc4ef2bc1e32116f83d1577...ddc6003f90dc
2026-06-28 19:47:42 [INFO]   Clicked Search -- waiting for results...
2026-06-28 19:47:44 [INFO]   Search results visible
2026-06-28 19:47:44 [INFO]   Download triggered via row icon
2026-06-28 19:47:44 [INFO]   [OK] Saved -> LIAAKAT270002585_08-06-2026.pdf
2026-06-28 19:47:44 [INFO] [StateManager] Registered: LIAAKAT270002585_08-06-2026.pdf
2026-06-28 19:47:44 [INFO] [BackupWorker] Backed up: LIAAKAT270002585_08-06-2026.pdf
2026-06-28 19:47:44 [INFO] [ModifierWorker-2] Modifying: LIAAKAT270002585_08-06-2026.pdf
2026-06-28 19:47:45 [INFO] [ModifierWorker-2] Completed: LIAAKAT270002585_08-06-2026.pdf
2026-06-28 19:47:46 [INFO] [32/1015] ----------------------------------------------
2026-06-28 19:47:46 [INFO]   Invoice: LIAALHW270002410  |  Date: 06-06-2026  |  IRN: 116bfaee9d81b85bce19d4ec...78446c873139
2026-06-28 19:47:47 [INFO]   Typed IRN: 116bfaee9d81b85bce19d4ec...78446c873139
2026-06-28 19:47:47 [INFO]   Clicked Search -- waiting for results...
2026-06-28 19:47:48 [INFO]   Search results visible
2026-06-28 19:47:49 [INFO]   Download triggered via row icon
2026-06-28 19:47:49 [INFO]   [OK] Saved -> LIAALHW270002410_06-06-2026.pdf
2026-06-28 19:47:49 [INFO] [StateManager] Registered: LIAALHW270002410_06-06-2026.pdf
2026-06-28 19:47:49 [INFO] [BackupWorker] Backed up: LIAALHW270002410_06-06-2026.pdf
2026-06-28 19:47:49 [INFO] [ModifierWorker-2] Modifying: LIAALHW270002410_06-06-2026.pdf
2026-06-28 19:47:49 [INFO] [ModifierWorker-2] Completed: LIAALHW270002410_06-06-2026.pdf
2026-06-28 19:47:50 [INFO] [33/1015] ----------------------------------------------
2026-06-28 19:47:50 [INFO]   Invoice: LIAAMYL270002404  |  Date: 06-06-2026  |  IRN: 556cbe010954a0f450f9bc86...3db77258aed3
2026-06-28 19:47:51 [INFO]   Typed IRN: 556cbe010954a0f450f9bc86...3db77258aed3
2026-06-28 19:47:51 [INFO]   Clicked Search -- waiting for results...
2026-06-28 19:47:52 [INFO]   Search results visible
2026-06-28 19:47:53 [INFO]   Download triggered via row icon
2026-06-28 19:47:53 [INFO]   [OK] Saved -> LIAAMYL270002404_06-06-2026.pdf
2026-06-28 19:47:53 [INFO] [StateManager] Registered: LIAAMYL270002404_06-06-2026.pdf
2026-06-28 19:47:54 [INFO] [BackupWorker] Backed up: LIAAMYL270002404_06-06-2026.pdf
2026-06-28 19:47:54 [INFO] [ModifierWorker-1] Modifying: LIAAMYL270002404_06-06-2026.pdf
2026-06-28 19:47:54 [INFO] [ModifierWorker-1] Completed: LIAAMYL270002404_06-06-2026.pdf
2026-06-28 19:47:56 [INFO] [34/1015] ----------------------------------------------
2026-06-28 19:47:56 [INFO]   Invoice: LIAAN7Z270002409  |  Date: 08-06-2026  |  IRN: 260063e1278a24a31359d317...695bc3dc702c
2026-06-28 19:47:56 [INFO]   Typed IRN: 260063e1278a24a31359d317...695bc3dc702c
2026-06-28 19:47:57 [INFO]   Clicked Search -- waiting for results...
2026-06-28 19:47:58 [INFO]   Search results visible
2026-06-28 19:47:58 [INFO]   Download triggered via row icon
2026-06-28 19:47:58 [INFO]   [OK] Saved -> LIAAN7Z270002409_08-06-2026.pdf
2026-06-28 19:47:58 [INFO] [StateManager] Registered: LIAAN7Z270002409_08-06-2026.pdf
2026-06-28 19:47:59 [INFO] [BackupWorker] Backed up: LIAAN7Z270002409_08-06-2026.pdf
2026-06-28 19:47:59 [INFO] [ModifierWorker-1] Modifying: LIAAN7Z270002409_08-06-2026.pdf
2026-06-28 19:47:59 [INFO] [ModifierWorker-1] Completed: LIAAN7Z270002409_08-06-2026.pdf
2026-06-28 19:48:01 [INFO] [35/1015] ----------------------------------------------
2026-06-28 19:48:01 [INFO]   Invoice: LIAANBL270002425  |  Date: 06-06-2026  |  IRN: 162555e4ee830fe7df22d1b8...1e55cce403f1
2026-06-28 19:48:01 [INFO]   Typed IRN: 162555e4ee830fe7df22d1b8...1e55cce403f1
2026-06-28 19:48:02 [INFO]   Clicked Search -- waiting for results...
2026-06-28 19:48:03 [INFO]   Search results visible
2026-06-28 19:48:03 [INFO]   Download triggered via row icon
2026-06-28 19:48:03 [INFO]   [OK] Saved -> LIAANBL270002425_06-06-2026.pdf
2026-06-28 19:48:03 [INFO] [StateManager] Registered: LIAANBL270002425_06-06-2026.pdf
2026-06-28 19:48:04 [INFO] [BackupWorker] Backed up: LIAANBL270002425_06-06-2026.pdf
2026-06-28 19:48:04 [INFO] [ModifierWorker-1] Modifying: LIAANBL270002425_06-06-2026.pdf
2026-06-28 19:48:05 [INFO] [ModifierWorker-1] Completed: LIAANBL270002425_06-06-2026.pdf
2026-06-28 19:48:06 [INFO] [36/1015] ----------------------------------------------
2026-06-28 19:48:06 [INFO]   Invoice: LIAANNU270002609  |  Date: 06-06-2026  |  IRN: 58a7576a37e51b152bb35af1...cc5eaea8438d
2026-06-28 19:48:07 [INFO]   Typed IRN: 58a7576a37e51b152bb35af1...cc5eaea8438d
2026-06-28 19:48:07 [INFO]   Clicked Search -- waiting for results...
2026-06-28 19:48:08 [INFO]   Search results visible
2026-06-28 19:48:08 [INFO]   Download triggered via row icon
2026-06-28 19:48:08 [INFO]   [OK] Saved -> LIAANNU270002609_06-06-2026.pdf
2026-06-28 19:48:08 [INFO] [StateManager] Registered: LIAANNU270002609_06-06-2026.pdf
2026-06-28 19:48:09 [INFO] [BackupWorker] Backed up: LIAANNU270002609_06-06-2026.pdf
2026-06-28 19:48:09 [INFO] [ModifierWorker-1] Modifying: LIAANNU270002609_06-06-2026.pdf
2026-06-28 19:48:10 [INFO] [ModifierWorker-1] Completed: LIAANNU270002609_06-06-2026.pdf
2026-06-28 19:48:10 [INFO] [SYSTEM] Automation stopped by user.
2026-06-28 19:48:10 [INFO] 
Interrupted by user (Ctrl+C)
2026-06-28 19:48:10 [INFO] Final result: 36/36 succeeded
2026-06-28 19:48:12 [INFO] Final result: 36/36 succeeded
2026-06-28 19:48:12 [INFO] Waiting for pipeline workers to complete...
2026-06-28 19:48:12 [INFO] [Pipeline] Initiating shutdown...
2026-06-28 19:48:12 [INFO] [BackupWorker] Stopped
2026-06-28 19:48:12 [INFO] [ModifierWorker-1] Stopped
2026-06-28 19:48:12 [INFO] [ModifierWorker-2] Stopped
2026-06-28 19:48:12 [INFO] [Pipeline] Final state: {<FileState.COMPLETED: 'COMPLETED'>: 38, 'total': 38}
2026-06-28 19:48:12 [INFO] [Pipeline] Shutdown complete
2026-06-28 19:48:12 [INFO] Pipeline stats: {<FileState.COMPLETED: 'COMPLETED'>: 38, 'total': 38}
