2026-06-28 18:32:37 [INFO] Log file: logs\gst_download_20260628_183237.log
2026-06-28 18:32:37 [INFO] ==================================================
2026-06-28 18:32:37 [INFO]   GST e-Invoice Bulk Downloader
2026-06-28 18:32:37 [INFO] ==================================================
2026-06-28 18:32:37 [INFO] Batch name: June_2026
2026-06-28 18:32:37 [INFO] Reading Excel file: D:\Invoice_Book\processed_excel\June_2026.xlsx
2026-06-28 18:32:37 [INFO] Sheet: 'B2B_Filtered' (Parsing rows...)
2026-06-28 18:32:37 [INFO] Loaded 5 valid IRN records
2026-06-28 18:32:37 [INFO] [Pipeline] Starting pipeline for batch 'June_2026'
2026-06-28 18:32:37 [INFO] [Pipeline] Staging:   staging\June_2026
2026-06-28 18:32:37 [INFO] [Pipeline] Originals: D:\Invoice_Book\original\June_2026
2026-06-28 18:32:37 [INFO] [Pipeline] Processed: D:\Invoice_Book\processed\June_2026
2026-06-28 18:32:37 [INFO] [BackupWorker] Started
2026-06-28 18:32:37 [INFO] [ModifierWorker-1] Started
2026-06-28 18:32:37 [INFO] [ModifierWorker-2] Started
2026-06-28 18:32:37 [INFO] [Pipeline] All workers started (2 modifier workers)
2026-06-28 18:32:38 [INFO] Launching Chromium in headed mode...
2026-06-28 18:32:39 [INFO] Browser ready
2026-06-28 18:32:39 [INFO] Navigating to https://einvoice.gst.gov.in/jsonDownload...
2026-06-28 18:32:42 [INFO] Portal loaded
2026-06-28 18:32:42 [INFO] [UI_PROMPT] Action Required: Please log in manually on the browser, then click Continue.
2026-06-28 18:36:54 [INFO] 
Interrupted by user (Ctrl+C)
2026-06-28 18:36:54 [INFO] Final result: 0/0 succeeded
