2026-06-28 18:55:31 [INFO] Log file: logs\gst_download_20260628_185531.log
2026-06-28 18:55:31 [INFO] ==================================================
2026-06-28 18:55:31 [INFO]   GST e-Invoice Bulk Downloader
2026-06-28 18:55:31 [INFO] ==================================================
2026-06-28 18:55:31 [INFO] Batch name: June_2026
2026-06-28 18:55:31 [INFO] Reading Excel file: D:\Invoice_Book\processed_excel\June_2026.xlsx
2026-06-28 18:55:31 [INFO] Sheet: 'B2B_Filtered' (Parsing rows...)
2026-06-28 18:55:31 [INFO] Loaded 5 valid IRN records
2026-06-28 18:55:31 [INFO] [Pipeline] Starting pipeline for batch 'June_2026'
2026-06-28 18:55:31 [INFO] [Pipeline] Staging:   staging\June_2026
2026-06-28 18:55:31 [INFO] [Pipeline] Originals: D:\Invoice_Book\original\June_2026
2026-06-28 18:55:31 [INFO] [Pipeline] Processed: D:\Invoice_Book\processed\June_2026
2026-06-28 18:55:31 [INFO] [StateManager] Recovering orphan: 2601370040023560_23-01-2026.pdf
2026-06-28 18:55:31 [INFO] [StateManager] Registered: 2601370040023560_23-01-2026.pdf
2026-06-28 18:55:31 [INFO] [StateManager] Recovering orphan: FAO8332605076149_02-01-2026.pdf
2026-06-28 18:55:31 [INFO] [StateManager] Registered: FAO8332605076149_02-01-2026.pdf
2026-06-28 18:55:31 [INFO] [StateManager] Recovering orphan: FAO8332605076156_02-01-2026.pdf
2026-06-28 18:55:31 [INFO] [StateManager] Registered: FAO8332605076156_02-01-2026.pdf
2026-06-28 18:55:31 [INFO] [StateManager] Recovering orphan: FAO8332605076169_02-01-2026.pdf
2026-06-28 18:55:31 [INFO] [StateManager] Registered: FAO8332605076169_02-01-2026.pdf
2026-06-28 18:55:31 [INFO] [StateManager] Recovering orphan: FAO8332605076213_02-01-2026.pdf
2026-06-28 18:55:31 [INFO] [StateManager] Registered: FAO8332605076213_02-01-2026.pdf
2026-06-28 18:55:31 [INFO] [BackupWorker] Started
2026-06-28 18:55:31 [INFO] [ModifierWorker-1] Started
2026-06-28 18:55:31 [INFO] [ModifierWorker-2] Started
2026-06-28 18:55:31 [INFO] [Pipeline] All workers started (2 modifier workers)
2026-06-28 18:55:31 [WARNING] [BackupWorker] Copy failed (attempt 1/3): [WinError 32] The process cannot access the file because it is being used by another process
2026-06-28 18:55:32 [WARNING] [BackupWorker] Copy failed (attempt 2/3): [WinError 32] The process cannot access the file because it is being used by another process
2026-06-28 18:55:32 [WARNING] [BackupWorker] Copy failed (attempt 3/3): [WinError 32] The process cannot access the file because it is being used by another process
2026-06-28 18:55:33 [ERROR] [BackupWorker] Failed to backup: 2601370040023560_23-01-2026.pdf
2026-06-28 18:55:33 [INFO] [BackupWorker] Backed up: FAO8332605076149_02-01-2026.pdf
2026-06-28 18:55:33 [WARNING] [BackupWorker] Copy failed (attempt 1/3): [WinError 32] The process cannot access the file because it is being used by another process
2026-06-28 18:55:33 [INFO] Launching Chromium in headed mode...
2026-06-28 18:55:33 [INFO] [ModifierWorker-1] Modifying: FAO8332605076149_02-01-2026.pdf
2026-06-28 18:55:34 [WARNING] [BackupWorker] Copy failed (attempt 2/3): [WinError 32] The process cannot access the file because it is being used by another process
2026-06-28 18:55:34 [WARNING] [BackupWorker] Copy failed (attempt 3/3): [WinError 32] The process cannot access the file because it is being used by another process
2026-06-28 18:55:35 [INFO] [ModifierWorker-1] Completed: FAO8332605076149_02-01-2026.pdf
2026-06-28 18:55:35 [ERROR] [BackupWorker] Failed to backup: FAO8332605076156_02-01-2026.pdf
2026-06-28 18:55:35 [INFO] [BackupWorker] Backed up: FAO8332605076169_02-01-2026.pdf
2026-06-28 18:55:35 [WARNING] [BackupWorker] Copy failed (attempt 1/3): [WinError 32] The process cannot access the file because it is being used by another process
2026-06-28 18:55:35 [INFO] [ModifierWorker-2] Modifying: FAO8332605076169_02-01-2026.pdf
2026-06-28 18:55:36 [WARNING] [BackupWorker] Copy failed (attempt 2/3): [WinError 32] The process cannot access the file because it is being used by another process
2026-06-28 18:55:36 [INFO] [ModifierWorker-2] Completed: FAO8332605076169_02-01-2026.pdf
2026-06-28 18:55:36 [WARNING] [BackupWorker] Copy failed (attempt 3/3): [WinError 32] The process cannot access the file because it is being used by another process
2026-06-28 18:55:37 [ERROR] [BackupWorker] Failed to backup: FAO8332605076213_02-01-2026.pdf
2026-06-28 18:55:37 [INFO] Browser ready
2026-06-28 18:55:37 [INFO] Navigating to https://einvoice.gst.gov.in/jsonDownload...
2026-06-28 18:55:40 [INFO] Portal loaded
2026-06-28 18:55:40 [INFO] [UI_PROMPT] Action Required: Please log in manually on the browser, then click Continue.
2026-06-28 18:56:52 [INFO] User confirmed login -- automation starting
2026-06-28 18:56:52 [INFO] Processing 5 IRNs (starting from #1)
2026-06-28 18:56:52 [INFO] [1/5] ----------------------------------------------
2026-06-28 18:56:52 [INFO]   Invoice: 2601370040023560  |  Date: 23-01-2026  |  IRN: 93c826e82bcacdb45cbdf07d...4883ec1aa2dd
2026-06-28 18:56:53 [INFO]   Typed IRN: 93c826e82bcacdb45cbdf07d...4883ec1aa2dd
2026-06-28 18:56:54 [INFO]   Clicked Search -- waiting for results...
2026-06-28 18:56:55 [INFO]   Search results visible
2026-06-28 18:56:56 [INFO]   Download triggered via row icon
2026-06-28 18:56:57 [INFO]   [OK] Saved -> 2601370040023560_23-01-2026_1.pdf
2026-06-28 18:56:57 [INFO] [StateManager] Registered: 2601370040023560_23-01-2026_1.pdf
2026-06-28 18:56:57 [INFO] [BackupWorker] Backed up: 2601370040023560_23-01-2026_1.pdf
2026-06-28 18:56:57 [INFO] [ModifierWorker-1] Modifying: 2601370040023560_23-01-2026_1.pdf
2026-06-28 18:56:57 [INFO] [ModifierWorker-1] Completed: 2601370040023560_23-01-2026_1.pdf
2026-06-28 18:56:59 [INFO] [2/5] ----------------------------------------------
2026-06-28 18:56:59 [INFO]   [SKIPPED] Already processed: FAO8332605076149_02-01-2026.pdf
2026-06-28 18:57:00 [INFO] [3/5] ----------------------------------------------
2026-06-28 18:57:00 [INFO]   Invoice: FAO8332605076156  |  Date: 02-01-2026  |  IRN: a2bc27d2eb98dd1782078667...264137437904
2026-06-28 18:57:01 [INFO]   Typed IRN: a2bc27d2eb98dd1782078667...264137437904
2026-06-28 18:57:01 [INFO]   Clicked Search -- waiting for results...
2026-06-28 18:57:02 [INFO]   Search results visible
2026-06-28 18:57:03 [INFO]   Download triggered via row icon
2026-06-28 18:57:03 [INFO]   [OK] Saved -> FAO8332605076156_02-01-2026_1.pdf
2026-06-28 18:57:03 [INFO] [StateManager] Registered: FAO8332605076156_02-01-2026_1.pdf
2026-06-28 18:57:03 [INFO] [BackupWorker] Backed up: FAO8332605076156_02-01-2026_1.pdf
2026-06-28 18:57:04 [INFO] [ModifierWorker-2] Modifying: FAO8332605076156_02-01-2026_1.pdf
2026-06-28 18:57:04 [INFO] [ModifierWorker-2] Completed: FAO8332605076156_02-01-2026_1.pdf
2026-06-28 18:57:05 [INFO] [4/5] ----------------------------------------------
2026-06-28 18:57:05 [INFO]   [SKIPPED] Already processed: FAO8332605076169_02-01-2026.pdf
2026-06-28 18:57:07 [INFO] [5/5] ----------------------------------------------
2026-06-28 18:57:07 [INFO]   Invoice: FAO8332605076213  |  Date: 02-01-2026  |  IRN: 6a42e746cc15d6a1b9777f14...df7fb46c1051
2026-06-28 18:57:08 [INFO]   Typed IRN: 6a42e746cc15d6a1b9777f14...df7fb46c1051
2026-06-28 18:57:08 [INFO]   Clicked Search -- waiting for results...
2026-06-28 18:57:09 [INFO]   Search results visible
2026-06-28 18:57:10 [INFO]   Download triggered via row icon
2026-06-28 18:57:10 [INFO]   [OK] Saved -> FAO8332605076213_02-01-2026_1.pdf
2026-06-28 18:57:10 [INFO] [StateManager] Registered: FAO8332605076213_02-01-2026_1.pdf
2026-06-28 18:57:11 [INFO] [BackupWorker] Backed up: FAO8332605076213_02-01-2026_1.pdf
2026-06-28 18:57:11 [INFO] Final result: 5/5 succeeded
2026-06-28 18:57:11 [INFO] [ModifierWorker-1] Modifying: FAO8332605076213_02-01-2026_1.pdf
2026-06-28 18:57:12 [INFO] Final result: 5/5 succeeded
2026-06-28 18:57:12 [INFO] Waiting for pipeline workers to complete...
2026-06-28 18:57:12 [INFO] [Pipeline] Initiating shutdown...
2026-06-28 18:57:12 [INFO] [ModifierWorker-1] Completed: FAO8332605076213_02-01-2026_1.pdf
2026-06-28 18:57:12 [INFO] [BackupWorker] Stopped
2026-06-28 18:57:12 [INFO] [ModifierWorker-2] Stopped
2026-06-28 18:57:12 [INFO] [ModifierWorker-1] Stopped
2026-06-28 18:57:12 [INFO] [Pipeline] Final state: {<FileState.FAILED: 'FAILED'>: 3, <FileState.COMPLETED: 'COMPLETED'>: 5, 'total': 8}
2026-06-28 18:57:12 [INFO] [Pipeline] Shutdown complete
2026-06-28 18:57:12 [INFO] Pipeline stats: {<FileState.FAILED: 'FAILED'>: 3, <FileState.COMPLETED: 'COMPLETED'>: 5, 'total': 8}
