2026-06-28 12:34:58 [INFO] Log file: logs\gst_download_20260628_123458.log
2026-06-28 12:34:58 [INFO] ==================================================
2026-06-28 12:34:58 [INFO]   GST e-Invoice Bulk Downloader
2026-06-28 12:34:58 [INFO] ==================================================
2026-06-28 12:34:58 [INFO] Batch name: June_2026
2026-06-28 12:34:58 [INFO] Preprocessing raw Excel file: uploads\invoices.xlsx
2026-06-28 12:35:05 [INFO] Preprocessing complete. Extracted 1015 valid records into uploads\invoices_rate18.xlsx
2026-06-28 12:35:05 [INFO] Reading Excel file: uploads\invoices_rate18.xlsx
2026-06-28 12:35:05 [INFO] Sheet: 'B2B_Filtered' (Parsing rows...)
2026-06-28 12:35:05 [INFO] Loaded 1015 valid IRN records
2026-06-28 12:35:06 [INFO] [Pipeline] Starting pipeline for batch 'June_2026'
2026-06-28 12:35:06 [INFO] [Pipeline] Staging:   staging\June_2026
2026-06-28 12:35:06 [INFO] [Pipeline] Originals: downloads\June_2026
2026-06-28 12:35:06 [INFO] [Pipeline] Processed: processed\June_2026
2026-06-28 12:35:06 [INFO] [BackupWorker] Started
2026-06-28 12:35:06 [INFO] [ModifierWorker-1] Started
2026-06-28 12:35:06 [INFO] [ModifierWorker-2] Started
2026-06-28 12:35:06 [INFO] [Pipeline] All workers started (2 modifier workers)
2026-06-28 12:35:21 [INFO] Launching Chromium in headed mode...
2026-06-28 12:35:23 [INFO] Browser ready
2026-06-28 12:35:23 [INFO] Navigating to https://einvoice.gst.gov.in/jsonDownload...
2026-06-28 12:35:33 [INFO] Portal loaded
2026-06-28 12:35:33 [INFO] [UI_PROMPT] Action Required: Please log in manually on the browser, then click Continue.
2026-06-28 12:36:20 [INFO] User confirmed login -- automation starting
2026-06-28 12:36:20 [INFO] Processing 1015 IRNs (starting from #1)
2026-06-28 12:36:20 [INFO] [1/1015] ----------------------------------------------
2026-06-28 12:36:20 [INFO]   Invoice: LIAA2DE270002368  |  Date: 06-06-2026  |  IRN: 675d50f09190d18f08f5a5dc...ed833a0ff0d9
2026-06-28 12:36:21 [INFO]   Typed IRN: 675d50f09190d18f08f5a5dc...ed833a0ff0d9
2026-06-28 12:36:21 [INFO]   Clicked Search -- waiting for results...
2026-06-28 12:36:23 [INFO]   Search results visible
2026-06-28 12:36:24 [INFO]   Download triggered via row icon
2026-06-28 12:36:25 [INFO]   [OK] Saved -> LIAA2DE270002368_06-06-2026.pdf
2026-06-28 12:36:25 [INFO] [StateManager] Registered: LIAA2DE270002368_06-06-2026.pdf
2026-06-28 12:36:25 [INFO] [BackupWorker] Backed up: LIAA2DE270002368_06-06-2026.pdf
2026-06-28 12:36:25 [INFO] [ModifierWorker-1] Modifying: LIAA2DE270002368_06-06-2026.pdf
2026-06-28 12:36:26 [INFO] [ModifierWorker-1] Completed: LIAA2DE270002368_06-06-2026.pdf
2026-06-28 12:36:27 [INFO] [2/1015] ----------------------------------------------
2026-06-28 12:36:27 [INFO]   Invoice: LIAA2JY270002305  |  Date: 06-06-2026  |  IRN: f9ce261e58ea02ba7d742f60...6ca8aaa4dc22
2026-06-28 12:36:28 [INFO]   Typed IRN: f9ce261e58ea02ba7d742f60...6ca8aaa4dc22
2026-06-28 12:36:28 [INFO]   Clicked Search -- waiting for results...
2026-06-28 12:36:30 [INFO]   Search results visible
2026-06-28 12:36:30 [INFO]   Download triggered via row icon
2026-06-28 12:36:31 [INFO]   [OK] Saved -> LIAA2JY270002305_06-06-2026.pdf
2026-06-28 12:36:31 [INFO] [StateManager] Registered: LIAA2JY270002305_06-06-2026.pdf
2026-06-28 12:36:31 [INFO] [BackupWorker] Backed up: LIAA2JY270002305_06-06-2026.pdf
2026-06-28 12:36:31 [INFO] [ModifierWorker-1] Modifying: LIAA2JY270002305_06-06-2026.pdf
2026-06-28 12:36:31 [INFO] [ModifierWorker-1] Completed: LIAA2JY270002305_06-06-2026.pdf
2026-06-28 12:36:33 [INFO] [3/1015] ----------------------------------------------
2026-06-28 12:36:33 [INFO]   Invoice: LIAA2JY270002368  |  Date: 08-06-2026  |  IRN: e7c3c532ba6ab85462eeb4ed...41abd93c2980
2026-06-28 12:36:34 [INFO]   Typed IRN: e7c3c532ba6ab85462eeb4ed...41abd93c2980
2026-06-28 12:36:34 [INFO]   Clicked Search -- waiting for results...
2026-06-28 12:36:35 [INFO]   Search results visible
2026-06-28 12:36:36 [INFO]   Download triggered via row icon
2026-06-28 12:36:36 [INFO]   [OK] Saved -> LIAA2JY270002368_08-06-2026.pdf
2026-06-28 12:36:36 [INFO] [StateManager] Registered: LIAA2JY270002368_08-06-2026.pdf
2026-06-28 12:36:36 [INFO] [BackupWorker] Backed up: LIAA2JY270002368_08-06-2026.pdf
2026-06-28 12:36:37 [INFO] [ModifierWorker-1] Modifying: LIAA2JY270002368_08-06-2026.pdf
2026-06-28 12:36:37 [INFO] [ModifierWorker-1] Completed: LIAA2JY270002368_08-06-2026.pdf
2026-06-28 12:36:38 [INFO] [4/1015] ----------------------------------------------
2026-06-28 12:36:38 [INFO]   Invoice: LIAA4DU270002383  |  Date: 06-06-2026  |  IRN: 46465eaa5c948ba9fcd9a02f...abe649f5412c
2026-06-28 12:36:39 [INFO]   Typed IRN: 46465eaa5c948ba9fcd9a02f...abe649f5412c
2026-06-28 12:36:40 [INFO]   Clicked Search -- waiting for results...
2026-06-28 12:36:41 [INFO]   Search results visible
2026-06-28 12:36:42 [INFO]   Download triggered via row icon
2026-06-28 12:36:42 [INFO]   [OK] Saved -> LIAA4DU270002383_06-06-2026.pdf
2026-06-28 12:36:42 [INFO] [StateManager] Registered: LIAA4DU270002383_06-06-2026.pdf
2026-06-28 12:36:42 [INFO] [BackupWorker] Backed up: LIAA4DU270002383_06-06-2026.pdf
2026-06-28 12:36:42 [INFO] [ModifierWorker-1] Modifying: LIAA4DU270002383_06-06-2026.pdf
2026-06-28 12:36:43 [INFO] [ModifierWorker-1] Completed: LIAA4DU270002383_06-06-2026.pdf
2026-06-28 12:36:44 [INFO] [5/1015] ----------------------------------------------
2026-06-28 12:36:44 [INFO]   Invoice: LIAA4DU270002384  |  Date: 06-06-2026  |  IRN: 64c34305918bcb3778910b90...f34d0e6806ca
2026-06-28 12:36:45 [INFO]   Typed IRN: 64c34305918bcb3778910b90...f34d0e6806ca
2026-06-28 12:36:45 [INFO]   Clicked Search -- waiting for results...
2026-06-28 12:36:46 [INFO]   Search results visible
2026-06-28 12:36:47 [INFO]   Download triggered via row icon
2026-06-28 12:36:47 [INFO]   [OK] Saved -> LIAA4DU270002384_06-06-2026.pdf
2026-06-28 12:36:47 [INFO] [StateManager] Registered: LIAA4DU270002384_06-06-2026.pdf
2026-06-28 12:36:48 [INFO] [BackupWorker] Backed up: LIAA4DU270002384_06-06-2026.pdf
2026-06-28 12:36:48 [INFO] [ModifierWorker-1] Modifying: LIAA4DU270002384_06-06-2026.pdf
2026-06-28 12:36:48 [INFO] [ModifierWorker-1] Completed: LIAA4DU270002384_06-06-2026.pdf
2026-06-28 12:36:50 [INFO] [6/1015] ----------------------------------------------
2026-06-28 12:36:50 [INFO]   Invoice: LIAA4R5270002350  |  Date: 06-06-2026  |  IRN: 66c0618c459d0a84de9f8483...79175bfe3d6c
2026-06-28 12:36:51 [INFO]   Typed IRN: 66c0618c459d0a84de9f8483...79175bfe3d6c
2026-06-28 12:36:51 [INFO]   Clicked Search -- waiting for results...
2026-06-28 12:36:52 [INFO]   Search results visible
2026-06-28 12:36:53 [INFO]   Download triggered via row icon
2026-06-28 12:36:53 [INFO]   [OK] Saved -> LIAA4R5270002350_06-06-2026.pdf
2026-06-28 12:36:53 [INFO] [StateManager] Registered: LIAA4R5270002350_06-06-2026.pdf
2026-06-28 12:36:53 [INFO] [BackupWorker] Backed up: LIAA4R5270002350_06-06-2026.pdf
2026-06-28 12:36:53 [INFO] [ModifierWorker-1] Modifying: LIAA4R5270002350_06-06-2026.pdf
2026-06-28 12:36:54 [INFO] [ModifierWorker-1] Completed: LIAA4R5270002350_06-06-2026.pdf
2026-06-28 12:36:55 [INFO] [7/1015] ----------------------------------------------
2026-06-28 12:36:55 [INFO]   Invoice: LIAA5EU270002404  |  Date: 06-06-2026  |  IRN: cbf3c148066b2398110ceca9...9b8eff0d6533
2026-06-28 12:36:56 [INFO]   Typed IRN: cbf3c148066b2398110ceca9...9b8eff0d6533
2026-06-28 12:36:56 [INFO]   Clicked Search -- waiting for results...
2026-06-28 12:36:58 [INFO]   Search results visible
2026-06-28 12:36:58 [INFO]   Download triggered via row icon
2026-06-28 12:36:59 [INFO]   [OK] Saved -> LIAA5EU270002404_06-06-2026.pdf
2026-06-28 12:36:59 [INFO] [StateManager] Registered: LIAA5EU270002404_06-06-2026.pdf
2026-06-28 12:36:59 [INFO] [BackupWorker] Backed up: LIAA5EU270002404_06-06-2026.pdf
2026-06-28 12:36:59 [INFO] [ModifierWorker-1] Modifying: LIAA5EU270002404_06-06-2026.pdf
2026-06-28 12:36:59 [INFO] [ModifierWorker-1] Completed: LIAA5EU270002404_06-06-2026.pdf
2026-06-28 12:37:00 [INFO] [8/1015] ----------------------------------------------
2026-06-28 12:37:00 [INFO]   Invoice: LIAA5EU270002407  |  Date: 06-06-2026  |  IRN: 863ff5541ecd04c160db5f0b...938c370594c6
2026-06-28 12:37:01 [INFO]   Typed IRN: 863ff5541ecd04c160db5f0b...938c370594c6
2026-06-28 12:37:01 [INFO]   Clicked Search -- waiting for results...
2026-06-28 12:37:02 [INFO]   Search results visible
2026-06-28 12:37:03 [INFO]   Download triggered via row icon
2026-06-28 12:37:03 [INFO]   [OK] Saved -> LIAA5EU270002407_06-06-2026.pdf
2026-06-28 12:37:03 [INFO] [StateManager] Registered: LIAA5EU270002407_06-06-2026.pdf
2026-06-28 12:37:03 [INFO] [BackupWorker] Backed up: LIAA5EU270002407_06-06-2026.pdf
2026-06-28 12:37:03 [INFO] [ModifierWorker-1] Modifying: LIAA5EU270002407_06-06-2026.pdf
2026-06-28 12:37:04 [INFO] [ModifierWorker-1] Completed: LIAA5EU270002407_06-06-2026.pdf
2026-06-28 12:37:05 [INFO] [9/1015] ----------------------------------------------
2026-06-28 12:37:05 [INFO]   Invoice: LIAA5XA270002401  |  Date: 06-06-2026  |  IRN: dc4c579169cd1a7422099898...e083ba55bc6a
2026-06-28 12:37:06 [INFO]   Typed IRN: dc4c579169cd1a7422099898...e083ba55bc6a
2026-06-28 12:37:06 [INFO]   Clicked Search -- waiting for results...
2026-06-28 12:37:08 [INFO]   Search results visible
2026-06-28 12:37:08 [INFO]   Download triggered via row icon
2026-06-28 12:37:09 [INFO]   [OK] Saved -> LIAA5XA270002401_06-06-2026.pdf
2026-06-28 12:37:09 [INFO] [StateManager] Registered: LIAA5XA270002401_06-06-2026.pdf
2026-06-28 12:37:09 [INFO] [BackupWorker] Backed up: LIAA5XA270002401_06-06-2026.pdf
2026-06-28 12:37:09 [INFO] [ModifierWorker-1] Modifying: LIAA5XA270002401_06-06-2026.pdf
2026-06-28 12:37:10 [INFO] [ModifierWorker-1] Completed: LIAA5XA270002401_06-06-2026.pdf
2026-06-28 12:37:11 [INFO] [10/1015] ----------------------------------------------
2026-06-28 12:37:11 [INFO]   Invoice: LIAA6OB270002427  |  Date: 08-06-2026  |  IRN: 9ac47dae0657be01696502be...2caf6819f591
2026-06-28 12:37:12 [INFO]   Typed IRN: 9ac47dae0657be01696502be...2caf6819f591
2026-06-28 12:37:12 [INFO]   Clicked Search -- waiting for results...
2026-06-28 12:37:14 [INFO]   Search results visible
2026-06-28 12:37:14 [INFO]   Download triggered via row icon
2026-06-28 12:37:15 [INFO]   [OK] Saved -> LIAA6OB270002427_08-06-2026.pdf
2026-06-28 12:37:15 [INFO] [StateManager] Registered: LIAA6OB270002427_08-06-2026.pdf
2026-06-28 12:37:15 [INFO] [BackupWorker] Backed up: LIAA6OB270002427_08-06-2026.pdf
2026-06-28 12:37:15 [INFO] [ModifierWorker-1] Modifying: LIAA6OB270002427_08-06-2026.pdf
2026-06-28 12:37:16 [INFO] [ModifierWorker-1] Completed: LIAA6OB270002427_08-06-2026.pdf
2026-06-28 12:37:17 [INFO] [11/1015] ----------------------------------------------
2026-06-28 12:37:17 [INFO]   Invoice: LIAA8CQ270002347  |  Date: 06-06-2026  |  IRN: dab6af647a617a341c072e93...f535915d9043
2026-06-28 12:37:18 [INFO]   Typed IRN: dab6af647a617a341c072e93...f535915d9043
2026-06-28 12:37:18 [INFO]   Clicked Search -- waiting for results...
2026-06-28 12:37:19 [INFO]   Search results visible
2026-06-28 12:37:20 [INFO]   Download triggered via row icon
2026-06-28 12:37:20 [INFO]   [OK] Saved -> LIAA8CQ270002347_06-06-2026.pdf
2026-06-28 12:37:20 [INFO] [StateManager] Registered: LIAA8CQ270002347_06-06-2026.pdf
2026-06-28 12:37:21 [INFO] [BackupWorker] Backed up: LIAA8CQ270002347_06-06-2026.pdf
2026-06-28 12:37:21 [INFO] [ModifierWorker-1] Modifying: LIAA8CQ270002347_06-06-2026.pdf
2026-06-28 12:37:21 [INFO] [ModifierWorker-1] Completed: LIAA8CQ270002347_06-06-2026.pdf
2026-06-28 12:37:22 [INFO] [12/1015] ----------------------------------------------
2026-06-28 12:37:22 [INFO]   Invoice: LIAA9FN270002404  |  Date: 06-06-2026  |  IRN: 9d2a3cc93145faf86cf95c6b...8d9699c71fd3
2026-06-28 12:37:23 [INFO]   Typed IRN: 9d2a3cc93145faf86cf95c6b...8d9699c71fd3
2026-06-28 12:37:23 [INFO]   Clicked Search -- waiting for results...
2026-06-28 12:37:24 [INFO]   Search results visible
2026-06-28 12:37:25 [INFO]   Download triggered via row icon
2026-06-28 12:37:25 [INFO]   [OK] Saved -> LIAA9FN270002404_06-06-2026.pdf
2026-06-28 12:37:25 [INFO] [StateManager] Registered: LIAA9FN270002404_06-06-2026.pdf
2026-06-28 12:37:26 [INFO] [BackupWorker] Backed up: LIAA9FN270002404_06-06-2026.pdf
2026-06-28 12:37:26 [INFO] [ModifierWorker-1] Modifying: LIAA9FN270002404_06-06-2026.pdf
2026-06-28 12:37:27 [INFO] [ModifierWorker-1] Completed: LIAA9FN270002404_06-06-2026.pdf
2026-06-28 12:37:28 [INFO] [SYSTEM] Automation paused. Waiting for resume...
2026-06-28 13:05:55 [INFO] 
Interrupted by user (Ctrl+C)
2026-06-28 13:05:55 [INFO] Final result: 12/12 succeeded
2026-06-28 13:05:56 [INFO] Final result: 12/12 succeeded
2026-06-28 13:05:56 [INFO] Waiting for pipeline workers to complete...
2026-06-28 13:05:56 [INFO] [Pipeline] Initiating shutdown...
2026-06-28 13:05:56 [INFO] [BackupWorker] Stopped
2026-06-28 13:05:56 [INFO] [ModifierWorker-2] Stopped
2026-06-28 13:05:56 [INFO] [ModifierWorker-1] Stopped
2026-06-28 13:05:56 [INFO] [Pipeline] Final state: {<FileState.COMPLETED: 'COMPLETED'>: 12, 'total': 12}
2026-06-28 13:05:56 [INFO] [Pipeline] Shutdown complete
2026-06-28 13:05:56 [INFO] Pipeline stats: {<FileState.COMPLETED: 'COMPLETED'>: 12, 'total': 12}
