2026-06-28 13:13:39 [INFO] Log file: logs\gst_download_20260628_131339.log
2026-06-28 13:13:39 [INFO] ==================================================
2026-06-28 13:13:39 [INFO]   GST e-Invoice Bulk Downloader
2026-06-28 13:13:39 [INFO] ==================================================
2026-06-28 13:13:39 [INFO] Batch name: June_2026
2026-06-28 13:13:39 [INFO] Preprocessing raw Excel file: uploads\invoices.xlsx
2026-06-28 13:13:42 [INFO] Preprocessing complete. Extracted 1015 valid records into uploads\invoices_rate18.xlsx
2026-06-28 13:13:42 [INFO] Reading Excel file: uploads\invoices_rate18.xlsx
2026-06-28 13:13:42 [INFO] Sheet: 'B2B_Filtered' (Parsing rows...)
2026-06-28 13:13:42 [INFO] Loaded 1015 valid IRN records
2026-06-28 13:13:42 [INFO] [Pipeline] Starting pipeline for batch 'June_2026'
2026-06-28 13:13:42 [INFO] [Pipeline] Staging:   staging\June_2026
2026-06-28 13:13:42 [INFO] [Pipeline] Originals: downloads\June_2026
2026-06-28 13:13:42 [INFO] [Pipeline] Processed: processed\June_2026
2026-06-28 13:13:42 [INFO] [BackupWorker] Started
2026-06-28 13:13:42 [INFO] [ModifierWorker-1] Started
2026-06-28 13:13:42 [INFO] [ModifierWorker-2] Started
2026-06-28 13:13:42 [INFO] [Pipeline] All workers started (2 modifier workers)
2026-06-28 13:13:43 [INFO] Launching Chromium in headed mode...
2026-06-28 13:13:45 [INFO] Browser ready
2026-06-28 13:13:45 [INFO] Navigating to https://einvoice.gst.gov.in/jsonDownload...
2026-06-28 13:13:48 [INFO] Portal loaded
2026-06-28 13:13:48 [INFO] [UI_PROMPT] Action Required: Please log in manually on the browser, then click Continue.
2026-06-28 13:14:50 [INFO] User confirmed login -- automation starting
2026-06-28 13:14:50 [INFO] Processing 1015 IRNs (starting from #1)
2026-06-28 13:14:50 [INFO] [1/1015] ----------------------------------------------
2026-06-28 13:14:50 [INFO]   Invoice: LIAA2DE270002368  |  Date: 06-06-2026  |  IRN: 675d50f09190d18f08f5a5dc...ed833a0ff0d9
2026-06-28 13:14:51 [INFO]   Typed IRN: 675d50f09190d18f08f5a5dc...ed833a0ff0d9
2026-06-28 13:14:51 [INFO]   Clicked Search -- waiting for results...
2026-06-28 13:14:53 [INFO]   Search results visible
2026-06-28 13:14:54 [INFO]   Download triggered via row icon
2026-06-28 13:14:54 [INFO]   [OK] Saved -> LIAA2DE270002368_06-06-2026.pdf
2026-06-28 13:14:54 [INFO] [StateManager] Registered: LIAA2DE270002368_06-06-2026.pdf
2026-06-28 13:14:54 [INFO] [BackupWorker] Backed up: LIAA2DE270002368_06-06-2026.pdf
2026-06-28 13:14:55 [INFO] [ModifierWorker-2] Modifying: LIAA2DE270002368_06-06-2026.pdf
2026-06-28 13:14:55 [INFO] [ModifierWorker-2] Completed: LIAA2DE270002368_06-06-2026.pdf
2026-06-28 13:14:56 [INFO] [2/1015] ----------------------------------------------
2026-06-28 13:14:56 [INFO]   Invoice: LIAA2JY270002305  |  Date: 06-06-2026  |  IRN: f9ce261e58ea02ba7d742f60...6ca8aaa4dc22
2026-06-28 13:14:57 [INFO]   Typed IRN: f9ce261e58ea02ba7d742f60...6ca8aaa4dc22
2026-06-28 13:14:57 [INFO]   Clicked Search -- waiting for results...
2026-06-28 13:14:58 [INFO]   Search results visible
2026-06-28 13:14:59 [INFO]   Download triggered via row icon
2026-06-28 13:14:59 [INFO]   [OK] Saved -> LIAA2JY270002305_06-06-2026.pdf
2026-06-28 13:14:59 [INFO] [StateManager] Registered: LIAA2JY270002305_06-06-2026.pdf
2026-06-28 13:14:59 [INFO] [BackupWorker] Backed up: LIAA2JY270002305_06-06-2026.pdf
2026-06-28 13:15:00 [INFO] [ModifierWorker-2] Modifying: LIAA2JY270002305_06-06-2026.pdf
2026-06-28 13:15:00 [INFO] [ModifierWorker-2] Completed: LIAA2JY270002305_06-06-2026.pdf
2026-06-28 13:15:01 [INFO] [3/1015] ----------------------------------------------
2026-06-28 13:15:01 [INFO]   Invoice: LIAA2JY270002368  |  Date: 08-06-2026  |  IRN: e7c3c532ba6ab85462eeb4ed...41abd93c2980
2026-06-28 13:15:02 [INFO]   Typed IRN: e7c3c532ba6ab85462eeb4ed...41abd93c2980
2026-06-28 13:15:02 [INFO]   Clicked Search -- waiting for results...
2026-06-28 13:15:04 [INFO]   Search results visible
2026-06-28 13:15:04 [INFO]   Download triggered via row icon
2026-06-28 13:15:04 [INFO]   [OK] Saved -> LIAA2JY270002368_08-06-2026.pdf
2026-06-28 13:15:04 [INFO] [StateManager] Registered: LIAA2JY270002368_08-06-2026.pdf
2026-06-28 13:15:05 [INFO] [BackupWorker] Backed up: LIAA2JY270002368_08-06-2026.pdf
2026-06-28 13:15:05 [INFO] [ModifierWorker-2] Modifying: LIAA2JY270002368_08-06-2026.pdf
2026-06-28 13:15:05 [INFO] [ModifierWorker-2] Completed: LIAA2JY270002368_08-06-2026.pdf
2026-06-28 13:15:06 [INFO] [4/1015] ----------------------------------------------
2026-06-28 13:15:06 [INFO]   Invoice: LIAA4DU270002383  |  Date: 06-06-2026  |  IRN: 46465eaa5c948ba9fcd9a02f...abe649f5412c
2026-06-28 13:15:07 [INFO]   Typed IRN: 46465eaa5c948ba9fcd9a02f...abe649f5412c
2026-06-28 13:15:07 [INFO]   Clicked Search -- waiting for results...
2026-06-28 13:15:09 [INFO]   Search results visible
2026-06-28 13:15:09 [INFO]   Download triggered via row icon
2026-06-28 13:15:09 [INFO]   [OK] Saved -> LIAA4DU270002383_06-06-2026.pdf
2026-06-28 13:15:09 [INFO] [StateManager] Registered: LIAA4DU270002383_06-06-2026.pdf
2026-06-28 13:15:09 [INFO] [BackupWorker] Backed up: LIAA4DU270002383_06-06-2026.pdf
2026-06-28 13:15:09 [INFO] [ModifierWorker-2] Modifying: LIAA4DU270002383_06-06-2026.pdf
2026-06-28 13:15:10 [INFO] [ModifierWorker-2] Completed: LIAA4DU270002383_06-06-2026.pdf
2026-06-28 13:15:11 [INFO] [5/1015] ----------------------------------------------
2026-06-28 13:15:11 [INFO]   Invoice: LIAA4DU270002384  |  Date: 06-06-2026  |  IRN: 64c34305918bcb3778910b90...f34d0e6806ca
2026-06-28 13:15:12 [INFO]   Typed IRN: 64c34305918bcb3778910b90...f34d0e6806ca
2026-06-28 13:15:12 [INFO]   Clicked Search -- waiting for results...
2026-06-28 13:15:13 [INFO]   Search results visible
2026-06-28 13:15:13 [INFO]   Download triggered via row icon
2026-06-28 13:15:13 [INFO]   [OK] Saved -> LIAA4DU270002384_06-06-2026.pdf
2026-06-28 13:15:13 [INFO] [StateManager] Registered: LIAA4DU270002384_06-06-2026.pdf
2026-06-28 13:15:14 [INFO] [BackupWorker] Backed up: LIAA4DU270002384_06-06-2026.pdf
2026-06-28 13:15:14 [INFO] [ModifierWorker-1] Modifying: LIAA4DU270002384_06-06-2026.pdf
2026-06-28 13:15:15 [INFO] [ModifierWorker-1] Completed: LIAA4DU270002384_06-06-2026.pdf
2026-06-28 13:15:16 [INFO] [6/1015] ----------------------------------------------
2026-06-28 13:15:16 [INFO]   Invoice: LIAA4R5270002350  |  Date: 06-06-2026  |  IRN: 66c0618c459d0a84de9f8483...79175bfe3d6c
2026-06-28 13:15:17 [INFO]   Typed IRN: 66c0618c459d0a84de9f8483...79175bfe3d6c
2026-06-28 13:15:17 [INFO]   Clicked Search -- waiting for results...
2026-06-28 13:15:18 [INFO]   Search results visible
2026-06-28 13:15:18 [INFO]   Download triggered via row icon
2026-06-28 13:15:19 [INFO]   [OK] Saved -> LIAA4R5270002350_06-06-2026.pdf
2026-06-28 13:15:19 [INFO] [StateManager] Registered: LIAA4R5270002350_06-06-2026.pdf
2026-06-28 13:15:19 [INFO] [BackupWorker] Backed up: LIAA4R5270002350_06-06-2026.pdf
2026-06-28 13:15:19 [INFO] [ModifierWorker-1] Modifying: LIAA4R5270002350_06-06-2026.pdf
2026-06-28 13:15:20 [INFO] [ModifierWorker-1] Completed: LIAA4R5270002350_06-06-2026.pdf
2026-06-28 13:15:21 [INFO] [7/1015] ----------------------------------------------
2026-06-28 13:15:21 [INFO]   Invoice: LIAA5EU270002404  |  Date: 06-06-2026  |  IRN: cbf3c148066b2398110ceca9...9b8eff0d6533
2026-06-28 13:15:22 [INFO]   Typed IRN: cbf3c148066b2398110ceca9...9b8eff0d6533
2026-06-28 13:15:22 [INFO]   Clicked Search -- waiting for results...
2026-06-28 13:15:23 [INFO]   Search results visible
2026-06-28 13:15:23 [INFO]   Download triggered via row icon
2026-06-28 13:15:24 [INFO]   [OK] Saved -> LIAA5EU270002404_06-06-2026.pdf
2026-06-28 13:15:24 [INFO] [StateManager] Registered: LIAA5EU270002404_06-06-2026.pdf
2026-06-28 13:15:24 [INFO] [BackupWorker] Backed up: LIAA5EU270002404_06-06-2026.pdf
2026-06-28 13:15:24 [INFO] [ModifierWorker-1] Modifying: LIAA5EU270002404_06-06-2026.pdf
2026-06-28 13:15:24 [INFO] [ModifierWorker-1] Completed: LIAA5EU270002404_06-06-2026.pdf
2026-06-28 13:15:26 [INFO] [8/1015] ----------------------------------------------
2026-06-28 13:15:26 [INFO]   Invoice: LIAA5EU270002407  |  Date: 06-06-2026  |  IRN: 863ff5541ecd04c160db5f0b...938c370594c6
2026-06-28 13:15:27 [INFO]   Typed IRN: 863ff5541ecd04c160db5f0b...938c370594c6
2026-06-28 13:15:27 [INFO]   Clicked Search -- waiting for results...
2026-06-28 13:15:28 [INFO]   Search results visible
2026-06-28 13:15:28 [INFO]   Download triggered via row icon
2026-06-28 13:15:29 [INFO]   [OK] Saved -> LIAA5EU270002407_06-06-2026.pdf
2026-06-28 13:15:29 [INFO] [StateManager] Registered: LIAA5EU270002407_06-06-2026.pdf
2026-06-28 13:15:29 [INFO] [BackupWorker] Backed up: LIAA5EU270002407_06-06-2026.pdf
2026-06-28 13:15:29 [INFO] [ModifierWorker-1] Modifying: LIAA5EU270002407_06-06-2026.pdf
2026-06-28 13:15:29 [INFO] [ModifierWorker-1] Completed: LIAA5EU270002407_06-06-2026.pdf
2026-06-28 13:15:31 [INFO] [9/1015] ----------------------------------------------
2026-06-28 13:15:31 [INFO]   Invoice: LIAA5XA270002401  |  Date: 06-06-2026  |  IRN: dc4c579169cd1a7422099898...e083ba55bc6a
2026-06-28 13:15:32 [INFO]   Typed IRN: dc4c579169cd1a7422099898...e083ba55bc6a
2026-06-28 13:15:32 [INFO]   Clicked Search -- waiting for results...
2026-06-28 13:15:33 [INFO]   Search results visible
2026-06-28 13:15:33 [INFO]   Download triggered via row icon
2026-06-28 13:15:34 [INFO]   [OK] Saved -> LIAA5XA270002401_06-06-2026.pdf
2026-06-28 13:15:34 [INFO] [StateManager] Registered: LIAA5XA270002401_06-06-2026.pdf
2026-06-28 13:15:34 [INFO] [BackupWorker] Backed up: LIAA5XA270002401_06-06-2026.pdf
2026-06-28 13:15:34 [INFO] [ModifierWorker-1] Modifying: LIAA5XA270002401_06-06-2026.pdf
2026-06-28 13:15:35 [INFO] [ModifierWorker-1] Completed: LIAA5XA270002401_06-06-2026.pdf
2026-06-28 13:15:36 [INFO] [10/1015] ----------------------------------------------
2026-06-28 13:15:36 [INFO]   Invoice: LIAA6OB270002427  |  Date: 08-06-2026  |  IRN: 9ac47dae0657be01696502be...2caf6819f591
2026-06-28 13:15:37 [INFO]   Typed IRN: 9ac47dae0657be01696502be...2caf6819f591
2026-06-28 13:15:37 [INFO]   Clicked Search -- waiting for results...
2026-06-28 13:15:38 [INFO]   Search results visible
2026-06-28 13:15:38 [INFO]   Download triggered via row icon
2026-06-28 13:15:38 [INFO]   [OK] Saved -> LIAA6OB270002427_08-06-2026.pdf
2026-06-28 13:15:38 [INFO] [StateManager] Registered: LIAA6OB270002427_08-06-2026.pdf
2026-06-28 13:15:39 [INFO] [BackupWorker] Backed up: LIAA6OB270002427_08-06-2026.pdf
2026-06-28 13:15:39 [INFO] [ModifierWorker-1] Modifying: LIAA6OB270002427_08-06-2026.pdf
2026-06-28 13:15:39 [INFO] [ModifierWorker-1] Completed: LIAA6OB270002427_08-06-2026.pdf
2026-06-28 13:15:40 [INFO] [11/1015] ----------------------------------------------
2026-06-28 13:15:40 [INFO]   Invoice: LIAA8CQ270002347  |  Date: 06-06-2026  |  IRN: dab6af647a617a341c072e93...f535915d9043
2026-06-28 13:15:41 [INFO]   Typed IRN: dab6af647a617a341c072e93...f535915d9043
2026-06-28 13:15:41 [INFO]   Clicked Search -- waiting for results...
2026-06-28 13:15:42 [INFO]   Search results visible
2026-06-28 13:15:42 [INFO]   Download triggered via row icon
2026-06-28 13:15:43 [INFO]   [OK] Saved -> LIAA8CQ270002347_06-06-2026.pdf
2026-06-28 13:15:43 [INFO] [StateManager] Registered: LIAA8CQ270002347_06-06-2026.pdf
2026-06-28 13:15:43 [INFO] [BackupWorker] Backed up: LIAA8CQ270002347_06-06-2026.pdf
2026-06-28 13:15:43 [INFO] [ModifierWorker-1] Modifying: LIAA8CQ270002347_06-06-2026.pdf
2026-06-28 13:15:44 [INFO] [ModifierWorker-1] Completed: LIAA8CQ270002347_06-06-2026.pdf
2026-06-28 13:15:45 [INFO] [12/1015] ----------------------------------------------
2026-06-28 13:15:45 [INFO]   Invoice: LIAA9FN270002404  |  Date: 06-06-2026  |  IRN: 9d2a3cc93145faf86cf95c6b...8d9699c71fd3
2026-06-28 13:15:45 [INFO]   Typed IRN: 9d2a3cc93145faf86cf95c6b...8d9699c71fd3
2026-06-28 13:15:46 [INFO]   Clicked Search -- waiting for results...
2026-06-28 13:15:47 [INFO]   Search results visible
2026-06-28 13:15:47 [INFO]   Download triggered via row icon
2026-06-28 13:15:47 [INFO]   [OK] Saved -> LIAA9FN270002404_06-06-2026.pdf
2026-06-28 13:15:47 [INFO] [StateManager] Registered: LIAA9FN270002404_06-06-2026.pdf
2026-06-28 13:15:47 [INFO] [BackupWorker] Backed up: LIAA9FN270002404_06-06-2026.pdf
2026-06-28 13:15:48 [INFO] [ModifierWorker-1] Modifying: LIAA9FN270002404_06-06-2026.pdf
2026-06-28 13:15:48 [INFO] [ModifierWorker-1] Completed: LIAA9FN270002404_06-06-2026.pdf
2026-06-28 13:15:49 [INFO] [SYSTEM] Automation paused. Waiting for resume...
2026-06-28 13:15:55 [INFO] [SYSTEM] Automation resumed.
2026-06-28 13:15:55 [INFO] [13/1015] ----------------------------------------------
2026-06-28 13:15:55 [INFO]   Invoice: LIAA9FN270002405  |  Date: 06-06-2026  |  IRN: 96e4de5be1a8f903ba72e35d...7d5efc49a34b
2026-06-28 13:15:56 [INFO]   Typed IRN: 96e4de5be1a8f903ba72e35d...7d5efc49a34b
2026-06-28 13:15:56 [INFO]   Clicked Search -- waiting for results...
2026-06-28 13:15:57 [INFO]   Search results visible
2026-06-28 13:15:58 [INFO]   Download triggered via row icon
2026-06-28 13:15:58 [INFO]   [OK] Saved -> LIAA9FN270002405_06-06-2026.pdf
2026-06-28 13:15:58 [INFO] [StateManager] Registered: LIAA9FN270002405_06-06-2026.pdf
2026-06-28 13:15:58 [INFO] [BackupWorker] Backed up: LIAA9FN270002405_06-06-2026.pdf
2026-06-28 13:15:58 [INFO] [ModifierWorker-1] Modifying: LIAA9FN270002405_06-06-2026.pdf
2026-06-28 13:15:59 [INFO] [ModifierWorker-1] Completed: LIAA9FN270002405_06-06-2026.pdf
2026-06-28 13:15:59 [INFO] [SYSTEM] Automation stopped by user.
2026-06-28 13:15:59 [INFO] 
Interrupted by user (Ctrl+C)
2026-06-28 13:15:59 [INFO] Final result: 13/13 succeeded
2026-06-28 13:16:00 [INFO] Final result: 13/13 succeeded
2026-06-28 13:16:00 [INFO] Waiting for pipeline workers to complete...
2026-06-28 13:16:00 [INFO] [Pipeline] Initiating shutdown...
2026-06-28 13:16:00 [INFO] [ModifierWorker-2] Stopped
2026-06-28 13:16:00 [INFO] [BackupWorker] Stopped
2026-06-28 13:16:00 [INFO] [ModifierWorker-1] Stopped
2026-06-28 13:16:00 [INFO] [Pipeline] Final state: {<FileState.COMPLETED: 'COMPLETED'>: 13, 'total': 13}
2026-06-28 13:16:00 [INFO] [Pipeline] Shutdown complete
2026-06-28 13:16:00 [INFO] Pipeline stats: {<FileState.COMPLETED: 'COMPLETED'>: 13, 'total': 13}
