2026-06-28 19:41:02 [INFO] Log file: logs\gst_download_20260628_194102.log
2026-06-28 19:41:02 [INFO] ==================================================
2026-06-28 19:41:02 [INFO]   GST e-Invoice Bulk Downloader
2026-06-28 19:41:02 [INFO] ==================================================
2026-06-28 19:41:02 [INFO] Batch name: August_2026
2026-06-28 19:41:02 [INFO] Reading Excel file: D:\Invoice_Book\processed_excel\August_2026.xlsx
2026-06-28 19:41:02 [INFO] Sheet: 'B2B_Filtered' (Parsing rows...)
2026-06-28 19:41:02 [INFO] Loaded 1015 valid IRN records
2026-06-28 19:41:02 [INFO] [Pipeline] Starting pipeline for batch 'August_2026'
2026-06-28 19:41:02 [INFO] [Pipeline] Staging:   staging\August_2026
2026-06-28 19:41:02 [INFO] [Pipeline] Originals: D:\Invoice_Book\original\August_2026
2026-06-28 19:41:02 [INFO] [Pipeline] Processed: D:\Invoice_Book\processed\August_2026
2026-06-28 19:41:02 [INFO] [BackupWorker] Started
2026-06-28 19:41:02 [INFO] [ModifierWorker-1] Started
2026-06-28 19:41:02 [INFO] [ModifierWorker-2] Started
2026-06-28 19:41:02 [INFO] [Pipeline] All workers started (2 modifier workers)
2026-06-28 19:41:03 [INFO] Launching Chromium in headed mode...
2026-06-28 19:41:05 [INFO] Browser ready
2026-06-28 19:41:05 [INFO] Navigating to https://einvoice.gst.gov.in/jsonDownload...
2026-06-28 19:41:10 [INFO] Portal loaded
2026-06-28 19:41:10 [INFO] [UI_PROMPT] Action Required: Please log in manually on the browser, then click Continue.
2026-06-28 19:41:53 [INFO] User confirmed login -- automation starting
2026-06-28 19:41:53 [INFO] Processing 1015 IRNs (starting from #1)
2026-06-28 19:41:53 [INFO] [1/1015] ----------------------------------------------
2026-06-28 19:41:53 [INFO]   Invoice: LIAA2DE270002368  |  Date: 06-06-2026  |  IRN: 675d50f09190d18f08f5a5dc...ed833a0ff0d9
2026-06-28 19:41:54 [INFO]   Typed IRN: 675d50f09190d18f08f5a5dc...ed833a0ff0d9
2026-06-28 19:41:54 [INFO]   Clicked Search -- waiting for results...
2026-06-28 19:41:55 [INFO]   Search results visible
2026-06-28 19:41:56 [INFO]   Download triggered via row icon
2026-06-28 19:41:57 [INFO]   [OK] Saved -> LIAA2DE270002368_06-06-2026.pdf
2026-06-28 19:41:57 [ERROR]   Download error: name 'irn' is not defined
2026-06-28 19:41:57 [INFO]   -> Retry 2/2
2026-06-28 19:42:00 [INFO]   Invoice: LIAA2DE270002368  |  Date: 06-06-2026  |  IRN: 675d50f09190d18f08f5a5dc...ed833a0ff0d9
2026-06-28 19:42:00 [INFO]   Typed IRN: 675d50f09190d18f08f5a5dc...ed833a0ff0d9
2026-06-28 19:42:01 [INFO]   Clicked Search -- waiting for results...
2026-06-28 19:42:02 [INFO]   Search results visible
2026-06-28 19:42:02 [INFO]   Download triggered via row icon
2026-06-28 19:42:02 [INFO]   [OK] Saved -> LIAA2DE270002368_06-06-2026_1.pdf
2026-06-28 19:42:02 [ERROR]   Download error: name 'irn' is not defined
2026-06-28 19:42:03 [WARNING]   [FAIL] after 2 attempts -- LIAA2DE270002368
2026-06-28 19:42:04 [INFO] [2/1015] ----------------------------------------------
2026-06-28 19:42:04 [INFO]   Invoice: LIAA2JY270002305  |  Date: 06-06-2026  |  IRN: f9ce261e58ea02ba7d742f60...6ca8aaa4dc22
2026-06-28 19:42:05 [INFO]   Typed IRN: f9ce261e58ea02ba7d742f60...6ca8aaa4dc22
2026-06-28 19:42:05 [INFO]   Clicked Search -- waiting for results...
2026-06-28 19:42:06 [INFO]   Search results visible
2026-06-28 19:42:06 [INFO]   Download triggered via row icon
2026-06-28 19:42:07 [INFO]   [OK] Saved -> LIAA2JY270002305_06-06-2026.pdf
2026-06-28 19:42:07 [ERROR]   Download error: name 'irn' is not defined
2026-06-28 19:42:07 [INFO]   -> Retry 2/2
2026-06-28 19:42:09 [INFO]   Invoice: LIAA2JY270002305  |  Date: 06-06-2026  |  IRN: f9ce261e58ea02ba7d742f60...6ca8aaa4dc22
2026-06-28 19:42:10 [INFO]   Typed IRN: f9ce261e58ea02ba7d742f60...6ca8aaa4dc22
2026-06-28 19:42:10 [INFO]   Clicked Search -- waiting for results...
2026-06-28 19:42:11 [INFO]   Search results visible
2026-06-28 19:42:12 [INFO]   Download triggered via row icon
2026-06-28 19:42:12 [INFO]   [OK] Saved -> LIAA2JY270002305_06-06-2026_1.pdf
2026-06-28 19:42:12 [ERROR]   Download error: name 'irn' is not defined
2026-06-28 19:42:12 [WARNING]   [FAIL] after 2 attempts -- LIAA2JY270002305
2026-06-28 19:42:14 [INFO] [SYSTEM] Automation paused. Waiting for resume...
2026-06-28 19:43:55 [INFO] 
Interrupted by user (Ctrl+C)
2026-06-28 19:43:55 [INFO] Final result: 0/2 succeeded
2026-06-28 19:43:56 [INFO] Final result: 0/2 succeeded
2026-06-28 19:43:56 [INFO] Waiting for pipeline workers to complete...
2026-06-28 19:43:56 [INFO] [Pipeline] Initiating shutdown...
2026-06-28 19:43:56 [INFO] [BackupWorker] Stopped
2026-06-28 19:43:56 [INFO] [ModifierWorker-1] Stopped
2026-06-28 19:43:56 [INFO] [ModifierWorker-2] Stopped
2026-06-28 19:43:56 [INFO] [Pipeline] Final state: {'total': 0}
2026-06-28 19:43:56 [INFO] [Pipeline] Shutdown complete
2026-06-28 19:43:56 [INFO] Pipeline stats: {'total': 0}
