2026-06-28 02:31:58 [INFO] Log file: logs\gst_download_20260628_023158.log
2026-06-28 02:31:58 [INFO] ==================================================
2026-06-28 02:31:58 [INFO]   GST e-Invoice Bulk Downloader
2026-06-28 02:31:58 [INFO] ==================================================
2026-06-28 02:31:58 [INFO] Preprocessing raw Excel file: input\invoices.xlsx
2026-06-28 02:32:01 [INFO] Preprocessing complete. Extracted 1015 valid records into input\invoices_rate18.xlsx
2026-06-28 02:32:01 [INFO] Reading Excel file: input\invoices_rate18.xlsx
2026-06-28 02:32:01 [INFO] Sheet: 'B2B_Filtered' (Parsing rows...)
2026-06-28 02:32:01 [INFO] Loaded 1015 valid IRN records
2026-06-28 02:32:02 [INFO] Launching Chromium in headed mode...
2026-06-28 02:32:03 [INFO] Browser ready
2026-06-28 02:32:03 [INFO] Navigating to https://einvoice.gst.gov.in/jsonDownload...
2026-06-28 02:32:06 [INFO] Portal loaded
2026-06-28 02:32:06 [INFO] [UI_PROMPT] Action Required: Please log in manually on the browser, then click Continue.
2026-06-28 02:32:33 [INFO] User confirmed login -- automation starting
2026-06-28 02:32:33 [INFO] Processing 1015 IRNs (starting from #1)
2026-06-28 02:32:33 [INFO] [1/1015] ----------------------------------------------
2026-06-28 02:32:34 [INFO]   Invoice: LIAA2DE270002368  |  Date: 06-06-2026  |  IRN: 675d50f09190d18f08f5a5dc...ed833a0ff0d9
2026-06-28 02:32:34 [INFO]   Typed IRN: 675d50f09190d18f08f5a5dc...ed833a0ff0d9
2026-06-28 02:32:35 [INFO]   Clicked Search -- waiting for results...
2026-06-28 02:32:36 [INFO]   Search results visible
2026-06-28 02:32:37 [INFO]   Download triggered via row icon
2026-06-28 02:32:37 [INFO]   [OK] Saved -> LIAA2DE270002368_06-06-2026_2.pdf
2026-06-28 02:32:37 [INFO] Worker modifying: LIAA2DE270002368_06-06-2026_2.pdf
2026-06-28 02:32:38 [INFO] Worker modification OK: LIAA2DE270002368_06-06-2026_2.pdf
2026-06-28 02:32:39 [INFO] [2/1015] ----------------------------------------------
2026-06-28 02:32:39 [INFO]   Invoice: LIAA2JY270002305  |  Date: 06-06-2026  |  IRN: f9ce261e58ea02ba7d742f60...6ca8aaa4dc22
2026-06-28 02:32:40 [INFO]   Typed IRN: f9ce261e58ea02ba7d742f60...6ca8aaa4dc22
2026-06-28 02:32:41 [INFO]   Clicked Search -- waiting for results...
2026-06-28 02:32:42 [INFO]   Search results visible
2026-06-28 02:32:42 [INFO]   Download triggered via row icon
2026-06-28 02:32:42 [INFO]   [OK] Saved -> LIAA2JY270002305_06-06-2026_2.pdf
2026-06-28 02:32:42 [INFO] Worker modifying: LIAA2JY270002305_06-06-2026_2.pdf
2026-06-28 02:32:43 [INFO] Worker modification OK: LIAA2JY270002305_06-06-2026_2.pdf
2026-06-28 02:32:44 [INFO] [3/1015] ----------------------------------------------
2026-06-28 02:32:44 [INFO]   Invoice: LIAA2JY270002368  |  Date: 08-06-2026  |  IRN: e7c3c532ba6ab85462eeb4ed...41abd93c2980
2026-06-28 02:32:45 [INFO]   Typed IRN: e7c3c532ba6ab85462eeb4ed...41abd93c2980
2026-06-28 02:32:45 [INFO]   Clicked Search -- waiting for results...
2026-06-28 02:32:47 [INFO]   Search results visible
2026-06-28 02:32:47 [INFO]   Download triggered via row icon
2026-06-28 02:32:47 [INFO]   [OK] Saved -> LIAA2JY270002368_08-06-2026_2.pdf
2026-06-28 02:32:47 [INFO] Worker modifying: LIAA2JY270002368_08-06-2026_2.pdf
2026-06-28 02:32:48 [INFO] Worker modification OK: LIAA2JY270002368_08-06-2026_2.pdf
2026-06-28 02:32:49 [INFO] [4/1015] ----------------------------------------------
2026-06-28 02:32:49 [INFO]   Invoice: LIAA4DU270002383  |  Date: 06-06-2026  |  IRN: 46465eaa5c948ba9fcd9a02f...abe649f5412c
2026-06-28 02:32:50 [INFO]   Typed IRN: 46465eaa5c948ba9fcd9a02f...abe649f5412c
2026-06-28 02:32:50 [INFO]   Clicked Search -- waiting for results...
2026-06-28 02:32:51 [INFO]   Search results visible
2026-06-28 02:32:52 [INFO]   Download triggered via row icon
2026-06-28 02:32:52 [INFO]   [OK] Saved -> LIAA4DU270002383_06-06-2026_1.pdf
2026-06-28 02:32:52 [INFO] Worker modifying: LIAA4DU270002383_06-06-2026_1.pdf
2026-06-28 02:32:52 [INFO] Worker modification OK: LIAA4DU270002383_06-06-2026_1.pdf
2026-06-28 02:32:53 [INFO] [5/1015] ----------------------------------------------
2026-06-28 02:32:53 [INFO]   Invoice: LIAA4DU270002384  |  Date: 06-06-2026  |  IRN: 64c34305918bcb3778910b90...f34d0e6806ca
2026-06-28 02:32:54 [INFO]   Typed IRN: 64c34305918bcb3778910b90...f34d0e6806ca
2026-06-28 02:32:54 [INFO]   Clicked Search -- waiting for results...
2026-06-28 02:32:55 [INFO]   Search results visible
2026-06-28 02:32:56 [INFO]   Download triggered via row icon
2026-06-28 02:32:56 [INFO]   [OK] Saved -> LIAA4DU270002384_06-06-2026_1.pdf
2026-06-28 02:32:56 [INFO] Worker modifying: LIAA4DU270002384_06-06-2026_1.pdf
2026-06-28 02:32:56 [INFO] Worker modification OK: LIAA4DU270002384_06-06-2026_1.pdf
2026-06-28 02:32:58 [INFO] [6/1015] ----------------------------------------------
2026-06-28 02:32:58 [INFO]   Invoice: LIAA4R5270002350  |  Date: 06-06-2026  |  IRN: 66c0618c459d0a84de9f8483...79175bfe3d6c
2026-06-28 02:32:58 [INFO]   Typed IRN: 66c0618c459d0a84de9f8483...79175bfe3d6c
2026-06-28 02:32:59 [INFO]   Clicked Search -- waiting for results...
2026-06-28 02:33:00 [INFO]   Search results visible
2026-06-28 02:33:01 [INFO]   Download triggered via row icon
2026-06-28 02:33:01 [INFO]   [OK] Saved -> LIAA4R5270002350_06-06-2026_1.pdf
2026-06-28 02:33:01 [INFO] Worker modifying: LIAA4R5270002350_06-06-2026_1.pdf
2026-06-28 02:33:01 [INFO] Worker modification OK: LIAA4R5270002350_06-06-2026_1.pdf
2026-06-28 02:33:03 [INFO] [7/1015] ----------------------------------------------
2026-06-28 02:33:03 [INFO]   Invoice: LIAA5EU270002404  |  Date: 06-06-2026  |  IRN: cbf3c148066b2398110ceca9...9b8eff0d6533
2026-06-28 02:33:04 [INFO]   Typed IRN: cbf3c148066b2398110ceca9...9b8eff0d6533
2026-06-28 02:33:04 [INFO]   Clicked Search -- waiting for results...
2026-06-28 02:33:05 [INFO]   Search results visible
2026-06-28 02:33:05 [INFO]   Download triggered via row icon
2026-06-28 02:33:05 [INFO]   [OK] Saved -> LIAA5EU270002404_06-06-2026_1.pdf
2026-06-28 02:33:05 [INFO] Worker modifying: LIAA5EU270002404_06-06-2026_1.pdf
2026-06-28 02:33:06 [INFO] Worker modification OK: LIAA5EU270002404_06-06-2026_1.pdf
2026-06-28 02:33:07 [INFO] [8/1015] ----------------------------------------------
2026-06-28 02:33:07 [INFO]   Invoice: LIAA5EU270002407  |  Date: 06-06-2026  |  IRN: 863ff5541ecd04c160db5f0b...938c370594c6
2026-06-28 02:33:08 [INFO]   Typed IRN: 863ff5541ecd04c160db5f0b...938c370594c6
2026-06-28 02:33:08 [INFO]   Clicked Search -- waiting for results...
2026-06-28 02:33:09 [INFO]   Search results visible
2026-06-28 02:33:10 [INFO]   Download triggered via row icon
2026-06-28 02:33:10 [INFO]   [OK] Saved -> LIAA5EU270002407_06-06-2026_1.pdf
2026-06-28 02:33:10 [INFO] Worker modifying: LIAA5EU270002407_06-06-2026_1.pdf
2026-06-28 02:33:10 [INFO] Worker modification OK: LIAA5EU270002407_06-06-2026_1.pdf
2026-06-28 02:33:12 [INFO] [9/1015] ----------------------------------------------
2026-06-28 02:33:12 [INFO]   Invoice: LIAA5XA270002401  |  Date: 06-06-2026  |  IRN: dc4c579169cd1a7422099898...e083ba55bc6a
2026-06-28 02:33:13 [INFO]   Typed IRN: dc4c579169cd1a7422099898...e083ba55bc6a
2026-06-28 02:33:13 [INFO]   Clicked Search -- waiting for results...
2026-06-28 02:33:14 [INFO]   Search results visible
2026-06-28 02:33:14 [INFO]   Download triggered via row icon
2026-06-28 02:33:15 [INFO]   [OK] Saved -> LIAA5XA270002401_06-06-2026_1.pdf
2026-06-28 02:33:15 [INFO] Worker modifying: LIAA5XA270002401_06-06-2026_1.pdf
2026-06-28 02:33:15 [INFO] Worker modification OK: LIAA5XA270002401_06-06-2026_1.pdf
2026-06-28 02:33:17 [INFO] [10/1015] ----------------------------------------------
2026-06-28 02:33:17 [INFO]   Invoice: LIAA6OB270002427  |  Date: 08-06-2026  |  IRN: 9ac47dae0657be01696502be...2caf6819f591
2026-06-28 02:33:18 [INFO]   Typed IRN: 9ac47dae0657be01696502be...2caf6819f591
2026-06-28 02:33:18 [INFO]   Clicked Search -- waiting for results...
2026-06-28 02:33:19 [INFO]   Search results visible
2026-06-28 02:33:19 [INFO]   Download triggered via row icon
2026-06-28 02:33:19 [INFO]   [OK] Saved -> LIAA6OB270002427_08-06-2026.pdf
2026-06-28 02:33:19 [INFO] Worker modifying: LIAA6OB270002427_08-06-2026.pdf
2026-06-28 02:33:20 [INFO] Worker modification OK: LIAA6OB270002427_08-06-2026.pdf
2026-06-28 02:33:21 [INFO] [11/1015] ----------------------------------------------
2026-06-28 02:33:21 [INFO]   Invoice: LIAA8CQ270002347  |  Date: 06-06-2026  |  IRN: dab6af647a617a341c072e93...f535915d9043
2026-06-28 02:33:22 [INFO]   Typed IRN: dab6af647a617a341c072e93...f535915d9043
2026-06-28 02:33:22 [INFO]   Clicked Search -- waiting for results...
2026-06-28 02:33:23 [INFO]   Search results visible
2026-06-28 02:33:24 [INFO]   Download triggered via row icon
2026-06-28 02:33:24 [INFO]   [OK] Saved -> LIAA8CQ270002347_06-06-2026.pdf
2026-06-28 02:33:24 [INFO] Worker modifying: LIAA8CQ270002347_06-06-2026.pdf
2026-06-28 02:33:24 [INFO] Worker modification OK: LIAA8CQ270002347_06-06-2026.pdf
2026-06-28 02:33:26 [INFO] [12/1015] ----------------------------------------------
2026-06-28 02:33:26 [INFO]   Invoice: LIAA9FN270002404  |  Date: 06-06-2026  |  IRN: 9d2a3cc93145faf86cf95c6b...8d9699c71fd3
2026-06-28 02:33:27 [INFO]   Typed IRN: 9d2a3cc93145faf86cf95c6b...8d9699c71fd3
2026-06-28 02:33:27 [INFO]   Clicked Search -- waiting for results...
2026-06-28 02:33:28 [INFO]   Search results visible
2026-06-28 02:33:28 [INFO]   Download triggered via row icon
2026-06-28 02:33:29 [INFO]   [OK] Saved -> LIAA9FN270002404_06-06-2026.pdf
2026-06-28 02:33:29 [INFO] Worker modifying: LIAA9FN270002404_06-06-2026.pdf
2026-06-28 02:33:29 [INFO] Worker modification OK: LIAA9FN270002404_06-06-2026.pdf
2026-06-28 02:33:30 [INFO] [13/1015] ----------------------------------------------
2026-06-28 02:33:30 [INFO]   Invoice: LIAA9FN270002405  |  Date: 06-06-2026  |  IRN: 96e4de5be1a8f903ba72e35d...7d5efc49a34b
2026-06-28 02:33:31 [INFO]   Typed IRN: 96e4de5be1a8f903ba72e35d...7d5efc49a34b
2026-06-28 02:33:31 [INFO]   Clicked Search -- waiting for results...
2026-06-28 02:33:32 [INFO]   Search results visible
2026-06-28 02:33:33 [INFO]   Download triggered via row icon
2026-06-28 02:33:33 [INFO]   [OK] Saved -> LIAA9FN270002405_06-06-2026.pdf
2026-06-28 02:33:33 [INFO] Worker modifying: LIAA9FN270002405_06-06-2026.pdf
2026-06-28 02:33:33 [INFO] Worker modification OK: LIAA9FN270002405_06-06-2026.pdf
2026-06-28 02:33:35 [INFO] [14/1015] ----------------------------------------------
2026-06-28 02:33:35 [INFO]   Invoice: LIAAAUT270002500  |  Date: 06-06-2026  |  IRN: 8b0a72f11e00cf12a1f1f035...8ad27e8d1726
2026-06-28 02:33:36 [INFO]   Typed IRN: 8b0a72f11e00cf12a1f1f035...8ad27e8d1726
2026-06-28 02:33:36 [INFO]   Clicked Search -- waiting for results...
2026-06-28 02:33:37 [INFO]   Search results visible
2026-06-28 02:33:37 [INFO]   Download triggered via row icon
2026-06-28 02:33:37 [INFO]   [OK] Saved -> LIAAAUT270002500_06-06-2026.pdf
2026-06-28 02:33:37 [INFO] Worker modifying: LIAAAUT270002500_06-06-2026.pdf
2026-06-28 02:33:38 [INFO] Worker modification OK: LIAAAUT270002500_06-06-2026.pdf
2026-06-28 02:33:39 [INFO] [15/1015] ----------------------------------------------
2026-06-28 02:33:39 [INFO]   Invoice: LIAAAUT270002502  |  Date: 06-06-2026  |  IRN: 8622d607ee7945baa26b3291...df58c4cca9b3
2026-06-28 02:33:40 [INFO]   Typed IRN: 8622d607ee7945baa26b3291...df58c4cca9b3
2026-06-28 02:33:40 [INFO]   Clicked Search -- waiting for results...
2026-06-28 02:33:41 [INFO]   Search results visible
2026-06-28 02:33:42 [INFO]   Download triggered via row icon
2026-06-28 02:33:42 [INFO]   [OK] Saved -> LIAAAUT270002502_06-06-2026.pdf
2026-06-28 02:33:42 [INFO] Worker modifying: LIAAAUT270002502_06-06-2026.pdf
2026-06-28 02:33:42 [INFO] Worker modification OK: LIAAAUT270002502_06-06-2026.pdf
2026-06-28 02:33:44 [INFO] [16/1015] ----------------------------------------------
2026-06-28 02:33:44 [INFO]   Invoice: LIAAAUT270002503  |  Date: 06-06-2026  |  IRN: c39e00cb1803bdc3d452a556...693c7be31c65
2026-06-28 02:33:45 [INFO]   Typed IRN: c39e00cb1803bdc3d452a556...693c7be31c65
2026-06-28 02:33:45 [INFO]   Clicked Search -- waiting for results...
2026-06-28 02:33:46 [INFO]   Search results visible
2026-06-28 02:33:47 [INFO]   Download triggered via row icon
2026-06-28 02:33:47 [INFO]   [OK] Saved -> LIAAAUT270002503_06-06-2026.pdf
2026-06-28 02:33:47 [INFO] Worker modifying: LIAAAUT270002503_06-06-2026.pdf
2026-06-28 02:33:47 [INFO] Worker modification OK: LIAAAUT270002503_06-06-2026.pdf
2026-06-28 02:33:49 [INFO] [17/1015] ----------------------------------------------
2026-06-28 02:33:49 [INFO]   Invoice: LIAAB58270002391  |  Date: 06-06-2026  |  IRN: cb1f6ad3f8495af9f66a56b5...f2b4d4e9a33f
2026-06-28 02:33:50 [INFO]   Typed IRN: cb1f6ad3f8495af9f66a56b5...f2b4d4e9a33f
2026-06-28 02:33:50 [INFO]   Clicked Search -- waiting for results...
2026-06-28 02:33:52 [INFO]   Search results visible
2026-06-28 02:33:52 [INFO]   Download triggered via row icon
2026-06-28 02:33:52 [INFO]   [OK] Saved -> LIAAB58270002391_06-06-2026.pdf
2026-06-28 02:33:52 [INFO] Worker modifying: LIAAB58270002391_06-06-2026.pdf
2026-06-28 02:33:53 [INFO] Worker modification OK: LIAAB58270002391_06-06-2026.pdf
2026-06-28 02:33:54 [INFO] [18/1015] ----------------------------------------------
2026-06-28 02:33:54 [INFO]   Invoice: LIAAD4S270002367  |  Date: 06-06-2026  |  IRN: 536d80ad908d4b30a82a5777...9cc691d5f394
2026-06-28 02:33:55 [INFO]   Typed IRN: 536d80ad908d4b30a82a5777...9cc691d5f394
2026-06-28 02:33:55 [INFO]   Clicked Search -- waiting for results...
2026-06-28 02:33:56 [INFO]   Search results visible
2026-06-28 02:33:57 [INFO]   Download triggered via row icon
2026-06-28 02:33:57 [INFO]   [OK] Saved -> LIAAD4S270002367_06-06-2026.pdf
2026-06-28 02:33:57 [INFO] Worker modifying: LIAAD4S270002367_06-06-2026.pdf
2026-06-28 02:33:57 [INFO] Worker modification OK: LIAAD4S270002367_06-06-2026.pdf
2026-06-28 02:33:59 [INFO] [19/1015] ----------------------------------------------
2026-06-28 02:33:59 [INFO]   Invoice: LIAADE4270002344  |  Date: 06-06-2026  |  IRN: b6febbdb55dfb066d88336a6...677dd4ebb8b8
2026-06-28 02:34:00 [INFO]   Typed IRN: b6febbdb55dfb066d88336a6...677dd4ebb8b8
2026-06-28 02:34:00 [INFO]   Clicked Search -- waiting for results...
2026-06-28 02:34:02 [INFO]   Search results visible
2026-06-28 02:34:02 [INFO]   Download triggered via row icon
2026-06-28 02:34:02 [INFO]   [OK] Saved -> LIAADE4270002344_06-06-2026.pdf
2026-06-28 02:34:02 [INFO] Worker modifying: LIAADE4270002344_06-06-2026.pdf
2026-06-28 02:34:02 [INFO] Worker modification OK: LIAADE4270002344_06-06-2026.pdf
2026-06-28 02:34:04 [INFO] [20/1015] ----------------------------------------------
2026-06-28 02:34:04 [INFO]   Invoice: LIAADTX270002349  |  Date: 06-06-2026  |  IRN: d5ce96ba9fb7c34c18459e52...019ea982f3d9
2026-06-28 02:34:05 [INFO]   Typed IRN: d5ce96ba9fb7c34c18459e52...019ea982f3d9
2026-06-28 02:34:05 [INFO]   Clicked Search -- waiting for results...
2026-06-28 02:34:06 [INFO]   Search results visible
2026-06-28 02:34:07 [INFO]   Download triggered via row icon
2026-06-28 02:34:07 [INFO]   [OK] Saved -> LIAADTX270002349_06-06-2026.pdf
2026-06-28 02:34:07 [INFO] Worker modifying: LIAADTX270002349_06-06-2026.pdf
2026-06-28 02:34:08 [INFO] Worker modification OK: LIAADTX270002349_06-06-2026.pdf
2026-06-28 02:34:10 [INFO] [21/1015] ----------------------------------------------
2026-06-28 02:34:10 [INFO]   Invoice: LIAADTX270002351  |  Date: 06-06-2026  |  IRN: ca08e1a3c5527dc27964fe83...b0bd93a78821
2026-06-28 02:34:11 [INFO]   Typed IRN: ca08e1a3c5527dc27964fe83...b0bd93a78821
2026-06-28 02:34:11 [INFO]   Clicked Search -- waiting for results...
2026-06-28 02:34:13 [INFO]   Search results visible
2026-06-28 02:34:13 [INFO]   Download triggered via row icon
2026-06-28 02:34:13 [INFO]   [OK] Saved -> LIAADTX270002351_06-06-2026.pdf
2026-06-28 02:34:13 [INFO] Worker modifying: LIAADTX270002351_06-06-2026.pdf
2026-06-28 02:34:14 [INFO] Worker modification OK: LIAADTX270002351_06-06-2026.pdf
2026-06-28 02:34:15 [INFO] [22/1015] ----------------------------------------------
2026-06-28 02:34:15 [INFO]   Invoice: LIAAE7Z270002322  |  Date: 06-06-2026  |  IRN: bbe709c1b1c4e685e4321bf2...b001065d4c80
2026-06-28 02:34:16 [INFO]   Typed IRN: bbe709c1b1c4e685e4321bf2...b001065d4c80
2026-06-28 02:34:16 [INFO]   Clicked Search -- waiting for results...
2026-06-28 02:34:17 [INFO]   Search results visible
2026-06-28 02:34:18 [INFO]   Download triggered via row icon
2026-06-28 02:34:18 [INFO]   [OK] Saved -> LIAAE7Z270002322_06-06-2026.pdf
2026-06-28 02:34:18 [INFO] Worker modifying: LIAAE7Z270002322_06-06-2026.pdf
2026-06-28 02:34:19 [INFO] Worker modification OK: LIAAE7Z270002322_06-06-2026.pdf
2026-06-28 02:34:20 [INFO] [23/1015] ----------------------------------------------
2026-06-28 02:34:20 [INFO]   Invoice: LIAAEGC270002454  |  Date: 06-06-2026  |  IRN: 97078a2139ee4e73fb7656f6...4dfe7352310d
2026-06-28 02:34:21 [INFO]   Typed IRN: 97078a2139ee4e73fb7656f6...4dfe7352310d
2026-06-28 02:34:21 [INFO]   Clicked Search -- waiting for results...
2026-06-28 02:34:22 [INFO]   Search results visible
2026-06-28 02:34:23 [INFO]   Download triggered via row icon
2026-06-28 02:34:23 [INFO]   [OK] Saved -> LIAAEGC270002454_06-06-2026.pdf
2026-06-28 02:34:23 [INFO] Worker modifying: LIAAEGC270002454_06-06-2026.pdf
2026-06-28 02:34:23 [INFO] Worker modification OK: LIAAEGC270002454_06-06-2026.pdf
2026-06-28 02:34:24 [INFO] [24/1015] ----------------------------------------------
2026-06-28 02:34:24 [INFO]   Invoice: LIAAEGC270002455  |  Date: 06-06-2026  |  IRN: aaf3d23da22511b05fe714ca...ea9144d6b358
2026-06-28 02:34:25 [INFO]   Typed IRN: aaf3d23da22511b05fe714ca...ea9144d6b358
2026-06-28 02:34:25 [INFO]   Clicked Search -- waiting for results...
2026-06-28 02:34:27 [INFO]   Search results visible
2026-06-28 02:34:27 [INFO]   Download triggered via row icon
2026-06-28 02:34:27 [INFO]   [OK] Saved -> LIAAEGC270002455_06-06-2026.pdf
2026-06-28 02:34:27 [INFO] Worker modifying: LIAAEGC270002455_06-06-2026.pdf
2026-06-28 02:34:27 [INFO] Worker modification OK: LIAAEGC270002455_06-06-2026.pdf
2026-06-28 02:34:29 [INFO] [25/1015] ----------------------------------------------
2026-06-28 02:34:29 [INFO]   Invoice: LIAAES5270002399  |  Date: 06-06-2026  |  IRN: db475f28fa050948d5df8bda...c2078f025746
2026-06-28 02:34:30 [INFO]   Typed IRN: db475f28fa050948d5df8bda...c2078f025746
2026-06-28 02:34:30 [INFO]   Clicked Search -- waiting for results...
2026-06-28 02:34:31 [INFO]   Search results visible
2026-06-28 02:34:32 [INFO]   Download triggered via row icon
2026-06-28 02:34:32 [INFO]   [OK] Saved -> LIAAES5270002399_06-06-2026.pdf
2026-06-28 02:34:32 [INFO] Worker modifying: LIAAES5270002399_06-06-2026.pdf
2026-06-28 02:34:32 [INFO] Worker modification OK: LIAAES5270002399_06-06-2026.pdf
2026-06-28 02:34:34 [INFO] [26/1015] ----------------------------------------------
2026-06-28 02:34:34 [INFO]   Invoice: LIAAES5270002400  |  Date: 06-06-2026  |  IRN: 9090521beb6265f60410cbd2...9de03daaeea7
2026-06-28 02:34:34 [INFO]   Typed IRN: 9090521beb6265f60410cbd2...9de03daaeea7
2026-06-28 02:34:35 [INFO]   Clicked Search -- waiting for results...
2026-06-28 02:34:36 [INFO]   Search results visible
2026-06-28 02:34:36 [INFO]   Download triggered via row icon
2026-06-28 02:34:36 [INFO]   [OK] Saved -> LIAAES5270002400_06-06-2026.pdf
2026-06-28 02:34:37 [INFO] Worker modifying: LIAAES5270002400_06-06-2026.pdf
2026-06-28 02:34:37 [INFO] Worker modification OK: LIAAES5270002400_06-06-2026.pdf
2026-06-28 02:34:38 [INFO] [SYSTEM] Automation cancelled by user.
2026-06-28 02:34:38 [INFO] 
Interrupted by user (Ctrl+C)
2026-06-28 02:34:38 [INFO] Final result: 26/26 succeeded
2026-06-28 02:34:38 [INFO] Waiting for background modifications to complete...
