2026-06-26 14:42:29 [INFO] Log file: gst_download_20260626_144229.log
2026-06-26 14:42:29 [INFO] ==================================================
2026-06-26 14:42:29 [INFO]   GST e-Invoice Bulk Downloader
2026-06-26 14:42:29 [INFO] ==================================================
2026-06-26 14:42:29 [INFO] Reading Excel file: Invoices_rate18.xlsx
2026-06-26 14:42:29 [INFO] Sheet: 'Sheet1' | Rows: 8 | Cols: 24
2026-06-26 14:42:29 [INFO] Loaded 7 valid IRN records
2026-06-26 14:42:30 [INFO] Launching Chromium in headed mode...
2026-06-26 14:42:31 [INFO] Browser ready
2026-06-26 14:42:31 [INFO] Navigating to https://einvoice.gst.gov.in/jsonDownload...
2026-06-26 14:42:36 [INFO] Portal loaded
2026-06-26 14:43:29 [INFO] User confirmed login -- automation starting
2026-06-26 14:43:29 [INFO] Processing 7 IRNs (starting from #1)
2026-06-26 14:43:29 [INFO] [1/7] ----------------------------------------------
2026-06-26 14:43:29 [INFO]   Invoice: LBAAAD2270203721  |  IRN: b4ed30b0ee05cf20b75fced3...b04a3eec13a7
2026-06-26 14:43:30 [INFO]   Typed IRN: b4ed30b0ee05cf20b75fced3...b04a3eec13a7
2026-06-26 14:43:30 [INFO]   Clicked Search -- waiting for results...
2026-06-26 14:43:31 [INFO]   Search results visible
2026-06-26 14:43:32 [INFO]   Download triggered via row icon
2026-06-26 14:43:32 [INFO]   [OK] Saved -> LBAAAD2270203721.pdf
2026-06-26 14:43:35 [INFO]   Clicked 'Proceed' on confirmation popup
2026-06-26 14:43:35 [INFO]   Form reset via Reset button
2026-06-26 14:43:39 [INFO] [2/7] ----------------------------------------------
2026-06-26 14:43:39 [INFO]   Invoice: LBAAAD2270203724  |  IRN: 16581e1168cba015294fed54...9fe09bb71f14
2026-06-26 14:43:40 [INFO]   Typed IRN: 16581e1168cba015294fed54...9fe09bb71f14
2026-06-26 14:43:40 [INFO]   Clicked Search -- waiting for results...
2026-06-26 14:43:41 [INFO]   Search results visible
2026-06-26 14:43:42 [INFO]   Download triggered via row icon
2026-06-26 14:43:42 [INFO]   [OK] Saved -> LBAAAD2270203724.pdf
2026-06-26 14:43:44 [INFO]   Clicked 'Proceed' on confirmation popup
2026-06-26 14:43:44 [INFO]   Form reset via Reset button
2026-06-26 14:43:47 [INFO] [3/7] ----------------------------------------------
2026-06-26 14:43:47 [INFO]   Invoice: LBAAAD2270203725  |  IRN: d4417ea8fb3abd4133e2eb9c...7935afa3d20d
2026-06-26 14:43:48 [INFO]   Typed IRN: d4417ea8fb3abd4133e2eb9c...7935afa3d20d
2026-06-26 14:43:48 [INFO]   Clicked Search -- waiting for results...
2026-06-26 14:43:49 [INFO]   Search results visible
2026-06-26 14:43:50 [INFO]   Download triggered via row icon
2026-06-26 14:43:50 [INFO]   [OK] Saved -> LBAAAD2270203725.pdf
2026-06-26 14:43:52 [INFO]   Clicked 'Proceed' on confirmation popup
2026-06-26 14:43:52 [INFO]   Form reset via Reset button
2026-06-26 14:43:56 [INFO] [4/7] ----------------------------------------------
2026-06-26 14:43:56 [INFO]   Invoice: LBAAAD2270203730  |  IRN: 83211767b26af61a08cfd822...24ef7e8cc66e
2026-06-26 14:43:57 [INFO]   Typed IRN: 83211767b26af61a08cfd822...24ef7e8cc66e
2026-06-26 14:43:57 [INFO]   Clicked Search -- waiting for results...
2026-06-26 14:43:58 [INFO]   Search results visible
2026-06-26 14:43:59 [INFO]   Download triggered via row icon
2026-06-26 14:43:59 [INFO]   [OK] Saved -> LBAAAD2270203730.pdf
2026-06-26 14:44:01 [INFO]   Clicked 'Proceed' on confirmation popup
2026-06-26 14:44:01 [INFO]   Form reset via Reset button
2026-06-26 14:44:05 [INFO] [5/7] ----------------------------------------------
2026-06-26 14:44:05 [INFO]   Invoice: LBAAAD2270203732  |  IRN: 37a004c0e9b8bd0745026656...b47fb6d1574e
2026-06-26 14:44:06 [INFO]   Typed IRN: 37a004c0e9b8bd0745026656...b47fb6d1574e
2026-06-26 14:44:06 [INFO]   Clicked Search -- waiting for results...
2026-06-26 14:44:07 [INFO]   Search results visible
2026-06-26 14:44:08 [INFO]   Download triggered via row icon
2026-06-26 14:44:08 [INFO]   [OK] Saved -> LBAAAD2270203732.pdf
2026-06-26 14:44:10 [INFO]   Clicked 'Proceed' on confirmation popup
2026-06-26 14:44:10 [INFO]   Form reset via Reset button
2026-06-26 14:44:15 [INFO] [6/7] ----------------------------------------------
2026-06-26 14:44:15 [INFO]   Invoice: LBAAAD2270203733  |  IRN: 1c4746b7204cbb6c49a48482...2754112f1582
2026-06-26 14:44:16 [INFO]   Typed IRN: 1c4746b7204cbb6c49a48482...2754112f1582
2026-06-26 14:44:16 [INFO]   Clicked Search -- waiting for results...
2026-06-26 14:44:17 [INFO]   Search results visible
2026-06-26 14:44:17 [INFO]   Download triggered via row icon
2026-06-26 14:44:17 [INFO]   [OK] Saved -> LBAAAD2270203733.pdf
2026-06-26 14:44:20 [INFO]   Clicked 'Proceed' on confirmation popup
2026-06-26 14:44:20 [INFO]   Form reset via Reset button
2026-06-26 14:44:23 [INFO] [7/7] ----------------------------------------------
2026-06-26 14:44:23 [INFO]   Invoice: LBAAAD2270203738  |  IRN: 3e2baf46f96e1d0c390828eb...dc4749242c22
2026-06-26 14:44:24 [INFO]   Typed IRN: 3e2baf46f96e1d0c390828eb...dc4749242c22
2026-06-26 14:44:24 [INFO]   Clicked Search -- waiting for results...
2026-06-26 14:44:25 [INFO]   Search results visible
2026-06-26 14:44:26 [INFO]   Download triggered via row icon
2026-06-26 14:44:26 [INFO]   [OK] Saved -> LBAAAD2270203738.pdf
2026-06-26 14:44:28 [INFO]   Clicked 'Proceed' on confirmation popup
2026-06-26 14:44:28 [INFO]   Form reset via Reset button
2026-06-26 14:44:28 [INFO] Final result: 7/7 succeeded
