2026-06-28 03:08:24 [INFO] Log file: logs\gst_download_20260628_030824.log
2026-06-28 03:08:24 [INFO] ==================================================
2026-06-28 03:08:24 [INFO]   GST e-Invoice Bulk Downloader
2026-06-28 03:08:24 [INFO] ==================================================
2026-06-28 03:08:24 [INFO] Preprocessing raw Excel file: input\invoices.xlsx
2026-06-28 03:08:27 [INFO] Preprocessing complete. Extracted 1015 valid records into input\invoices_rate18.xlsx
2026-06-28 03:08:27 [INFO] Reading Excel file: input\invoices_rate18.xlsx
2026-06-28 03:08:28 [INFO] Sheet: 'B2B_Filtered' (Parsing rows...)
2026-06-28 03:08:28 [INFO] Loaded 1015 valid IRN records
2026-06-28 03:08:29 [INFO] Launching Chromium in headed mode...
2026-06-28 03:08:30 [INFO] Browser ready
2026-06-28 03:08:30 [INFO] Navigating to https://einvoice.gst.gov.in/jsonDownload...
2026-06-28 03:08:34 [INFO] Portal loaded
2026-06-28 03:08:34 [INFO] [UI_PROMPT] Action Required: Please log in manually on the browser, then click Continue.
2026-06-28 03:09:00 [INFO] User confirmed login -- automation starting
2026-06-28 03:09:00 [INFO] Processing 1015 IRNs (starting from #1)
2026-06-28 03:09:00 [INFO] [1/1015] ----------------------------------------------
2026-06-28 03:09:00 [INFO]   Invoice: LIAA2DE270002368  |  Date: 06-06-2026  |  IRN: 675d50f09190d18f08f5a5dc...ed833a0ff0d9
2026-06-28 03:09:01 [INFO]   Typed IRN: 675d50f09190d18f08f5a5dc...ed833a0ff0d9
2026-06-28 03:09:01 [INFO]   Clicked Search -- waiting for results...
2026-06-28 03:09:02 [INFO]   Search results visible
2026-06-28 03:09:03 [INFO]   Download triggered via row icon
2026-06-28 03:09:04 [INFO]   [OK] Saved -> LIAA2DE270002368_06-06-2026.pdf
2026-06-28 03:09:04 [INFO] Worker modifying: LIAA2DE270002368_06-06-2026.pdf
2026-06-28 03:09:04 [INFO] Worker modification OK: LIAA2DE270002368_06-06-2026.pdf
2026-06-28 03:09:05 [INFO] [2/1015] ----------------------------------------------
2026-06-28 03:09:05 [INFO]   Invoice: LIAA2JY270002305  |  Date: 06-06-2026  |  IRN: f9ce261e58ea02ba7d742f60...6ca8aaa4dc22
2026-06-28 03:09:06 [INFO]   Typed IRN: f9ce261e58ea02ba7d742f60...6ca8aaa4dc22
2026-06-28 03:09:06 [INFO]   Clicked Search -- waiting for results...
2026-06-28 03:09:08 [INFO]   Search results visible
2026-06-28 03:09:08 [INFO]   Download triggered via row icon
2026-06-28 03:09:08 [INFO]   [OK] Saved -> LIAA2JY270002305_06-06-2026.pdf
2026-06-28 03:09:08 [INFO] Worker modifying: LIAA2JY270002305_06-06-2026.pdf
2026-06-28 03:09:09 [INFO] Worker modification OK: LIAA2JY270002305_06-06-2026.pdf
2026-06-28 03:09:10 [INFO] [3/1015] ----------------------------------------------
2026-06-28 03:09:10 [INFO]   Invoice: LIAA2JY270002368  |  Date: 08-06-2026  |  IRN: e7c3c532ba6ab85462eeb4ed...41abd93c2980
2026-06-28 03:09:11 [INFO]   Typed IRN: e7c3c532ba6ab85462eeb4ed...41abd93c2980
2026-06-28 03:09:11 [INFO]   Clicked Search -- waiting for results...
2026-06-28 03:09:12 [INFO]   Search results visible
2026-06-28 03:09:13 [INFO]   Download triggered via row icon
2026-06-28 03:09:13 [INFO]   [OK] Saved -> LIAA2JY270002368_08-06-2026.pdf
2026-06-28 03:09:13 [INFO] Worker modifying: LIAA2JY270002368_08-06-2026.pdf
2026-06-28 03:09:13 [INFO] Worker modification OK: LIAA2JY270002368_08-06-2026.pdf
2026-06-28 03:09:15 [INFO] [4/1015] ----------------------------------------------
2026-06-28 03:09:15 [INFO]   Invoice: LIAA4DU270002383  |  Date: 06-06-2026  |  IRN: 46465eaa5c948ba9fcd9a02f...abe649f5412c
2026-06-28 03:09:16 [INFO]   Typed IRN: 46465eaa5c948ba9fcd9a02f...abe649f5412c
2026-06-28 03:09:16 [INFO]   Clicked Search -- waiting for results...
2026-06-28 03:09:17 [INFO]   Search results visible
2026-06-28 03:09:18 [INFO]   Download triggered via row icon
2026-06-28 03:09:18 [INFO]   [OK] Saved -> LIAA4DU270002383_06-06-2026.pdf
2026-06-28 03:09:18 [INFO] Worker modifying: LIAA4DU270002383_06-06-2026.pdf
2026-06-28 03:09:18 [INFO] Worker modification OK: LIAA4DU270002383_06-06-2026.pdf
2026-06-28 03:09:19 [INFO] [5/1015] ----------------------------------------------
2026-06-28 03:09:19 [INFO]   Invoice: LIAA4DU270002384  |  Date: 06-06-2026  |  IRN: 64c34305918bcb3778910b90...f34d0e6806ca
2026-06-28 03:09:20 [INFO]   Typed IRN: 64c34305918bcb3778910b90...f34d0e6806ca
2026-06-28 03:09:21 [INFO]   Clicked Search -- waiting for results...
2026-06-28 03:09:22 [INFO]   Search results visible
2026-06-28 03:09:23 [INFO]   Download triggered via row icon
2026-06-28 03:09:23 [INFO]   [OK] Saved -> LIAA4DU270002384_06-06-2026.pdf
2026-06-28 03:09:23 [INFO] Worker modifying: LIAA4DU270002384_06-06-2026.pdf
2026-06-28 03:09:24 [INFO] Worker modification OK: LIAA4DU270002384_06-06-2026.pdf
2026-06-28 03:09:25 [INFO] [6/1015] ----------------------------------------------
2026-06-28 03:09:25 [INFO]   Invoice: LIAA4R5270002350  |  Date: 06-06-2026  |  IRN: 66c0618c459d0a84de9f8483...79175bfe3d6c
2026-06-28 03:09:26 [INFO]   Typed IRN: 66c0618c459d0a84de9f8483...79175bfe3d6c
2026-06-28 03:09:26 [INFO]   Clicked Search -- waiting for results...
2026-06-28 03:09:28 [INFO]   Search results visible
2026-06-28 03:09:28 [INFO]   Download triggered via row icon
2026-06-28 03:09:28 [INFO]   [OK] Saved -> LIAA4R5270002350_06-06-2026.pdf
2026-06-28 03:09:28 [INFO] Worker modifying: LIAA4R5270002350_06-06-2026.pdf
2026-06-28 03:09:28 [INFO] Worker modification OK: LIAA4R5270002350_06-06-2026.pdf
2026-06-28 03:09:30 [INFO] [7/1015] ----------------------------------------------
2026-06-28 03:09:30 [INFO]   Invoice: LIAA5EU270002404  |  Date: 06-06-2026  |  IRN: cbf3c148066b2398110ceca9...9b8eff0d6533
2026-06-28 03:09:31 [INFO]   Typed IRN: cbf3c148066b2398110ceca9...9b8eff0d6533
2026-06-28 03:09:31 [INFO]   Clicked Search -- waiting for results...
2026-06-28 03:09:32 [INFO]   Search results visible
2026-06-28 03:09:32 [INFO]   Download triggered via row icon
2026-06-28 03:09:32 [INFO]   [OK] Saved -> LIAA5EU270002404_06-06-2026.pdf
2026-06-28 03:09:32 [INFO] Worker modifying: LIAA5EU270002404_06-06-2026.pdf
2026-06-28 03:09:33 [INFO] Worker modification OK: LIAA5EU270002404_06-06-2026.pdf
2026-06-28 03:09:35 [INFO] [8/1015] ----------------------------------------------
2026-06-28 03:09:35 [INFO]   Invoice: LIAA5EU270002407  |  Date: 06-06-2026  |  IRN: 863ff5541ecd04c160db5f0b...938c370594c6
2026-06-28 03:09:35 [INFO]   Typed IRN: 863ff5541ecd04c160db5f0b...938c370594c6
2026-06-28 03:09:36 [INFO]   Clicked Search -- waiting for results...
2026-06-28 03:09:37 [INFO]   Search results visible
2026-06-28 03:09:37 [INFO]   Download triggered via row icon
2026-06-28 03:09:37 [INFO]   [OK] Saved -> LIAA5EU270002407_06-06-2026.pdf
2026-06-28 03:09:37 [INFO] Worker modifying: LIAA5EU270002407_06-06-2026.pdf
2026-06-28 03:09:38 [INFO] Worker modification OK: LIAA5EU270002407_06-06-2026.pdf
2026-06-28 03:09:39 [INFO] [9/1015] ----------------------------------------------
2026-06-28 03:09:39 [INFO]   Invoice: LIAA5XA270002401  |  Date: 06-06-2026  |  IRN: dc4c579169cd1a7422099898...e083ba55bc6a
2026-06-28 03:09:40 [INFO]   Typed IRN: dc4c579169cd1a7422099898...e083ba55bc6a
2026-06-28 03:09:40 [INFO]   Clicked Search -- waiting for results...
2026-06-28 03:09:41 [INFO]   Search results visible
2026-06-28 03:09:42 [INFO]   Download triggered via row icon
2026-06-28 03:09:42 [INFO]   [OK] Saved -> LIAA5XA270002401_06-06-2026.pdf
2026-06-28 03:09:42 [INFO] Worker modifying: LIAA5XA270002401_06-06-2026.pdf
2026-06-28 03:09:42 [INFO] Worker modification OK: LIAA5XA270002401_06-06-2026.pdf
2026-06-28 03:09:44 [INFO] [10/1015] ----------------------------------------------
2026-06-28 03:09:44 [INFO]   Invoice: LIAA6OB270002427  |  Date: 08-06-2026  |  IRN: 9ac47dae0657be01696502be...2caf6819f591
2026-06-28 03:09:45 [INFO]   Typed IRN: 9ac47dae0657be01696502be...2caf6819f591
2026-06-28 03:09:45 [INFO]   Clicked Search -- waiting for results...
2026-06-28 03:09:46 [INFO]   Search results visible
2026-06-28 03:09:46 [INFO]   Download triggered via row icon
2026-06-28 03:09:46 [INFO]   [OK] Saved -> LIAA6OB270002427_08-06-2026.pdf
2026-06-28 03:09:46 [INFO] Worker modifying: LIAA6OB270002427_08-06-2026.pdf
2026-06-28 03:09:47 [INFO] Worker modification OK: LIAA6OB270002427_08-06-2026.pdf
2026-06-28 03:09:49 [INFO] [11/1015] ----------------------------------------------
2026-06-28 03:09:49 [INFO]   Invoice: LIAA8CQ270002347  |  Date: 06-06-2026  |  IRN: dab6af647a617a341c072e93...f535915d9043
2026-06-28 03:09:50 [INFO]   Typed IRN: dab6af647a617a341c072e93...f535915d9043
2026-06-28 03:09:50 [INFO]   Clicked Search -- waiting for results...
2026-06-28 03:09:51 [INFO]   Search results visible
2026-06-28 03:09:51 [INFO]   Download triggered via row icon
2026-06-28 03:09:51 [INFO]   [OK] Saved -> LIAA8CQ270002347_06-06-2026.pdf
2026-06-28 03:09:51 [INFO] Worker modifying: LIAA8CQ270002347_06-06-2026.pdf
2026-06-28 03:09:52 [INFO] Worker modification OK: LIAA8CQ270002347_06-06-2026.pdf
2026-06-28 03:09:53 [INFO] [12/1015] ----------------------------------------------
2026-06-28 03:09:53 [INFO]   Invoice: LIAA9FN270002404  |  Date: 06-06-2026  |  IRN: 9d2a3cc93145faf86cf95c6b...8d9699c71fd3
2026-06-28 03:09:54 [INFO]   Typed IRN: 9d2a3cc93145faf86cf95c6b...8d9699c71fd3
2026-06-28 03:09:54 [INFO]   Clicked Search -- waiting for results...
2026-06-28 03:09:55 [INFO]   Search results visible
2026-06-28 03:09:56 [INFO]   Download triggered via row icon
2026-06-28 03:09:56 [INFO]   [OK] Saved -> LIAA9FN270002404_06-06-2026.pdf
2026-06-28 03:09:56 [INFO] Worker modifying: LIAA9FN270002404_06-06-2026.pdf
2026-06-28 03:09:56 [INFO] Worker modification OK: LIAA9FN270002404_06-06-2026.pdf
2026-06-28 03:09:58 [INFO] [SYSTEM] Automation paused. Waiting for resume...
2026-06-28 03:10:01 [INFO] [SYSTEM] Automation resumed.
2026-06-28 03:10:01 [INFO] [13/1015] ----------------------------------------------
2026-06-28 03:10:01 [INFO]   Invoice: LIAA9FN270002405  |  Date: 06-06-2026  |  IRN: 96e4de5be1a8f903ba72e35d...7d5efc49a34b
2026-06-28 03:10:02 [INFO]   Typed IRN: 96e4de5be1a8f903ba72e35d...7d5efc49a34b
2026-06-28 03:10:02 [INFO]   Clicked Search -- waiting for results...
2026-06-28 03:10:03 [INFO]   Search results visible
2026-06-28 03:10:03 [INFO]   Download triggered via row icon
2026-06-28 03:10:03 [INFO]   [OK] Saved -> LIAA9FN270002405_06-06-2026.pdf
2026-06-28 03:10:03 [INFO] Worker modifying: LIAA9FN270002405_06-06-2026.pdf
2026-06-28 03:10:04 [INFO] Worker modification OK: LIAA9FN270002405_06-06-2026.pdf
2026-06-28 03:10:05 [INFO] [SYSTEM] Automation cancelled by user.
2026-06-28 03:10:05 [INFO] 
Interrupted by user (Ctrl+C)
2026-06-28 03:10:05 [INFO] Final result: 13/13 succeeded
2026-06-28 03:10:06 [INFO] Final result: 13/13 succeeded
2026-06-28 03:10:06 [INFO] Waiting for background modifications to complete...
