2026-06-28 03:02:03 [INFO] Log file: logs\gst_download_20260628_030203.log
2026-06-28 03:02:03 [INFO] ==================================================
2026-06-28 03:02:03 [INFO]   GST e-Invoice Bulk Downloader
2026-06-28 03:02:03 [INFO] ==================================================
2026-06-28 03:02:03 [INFO] Preprocessing raw Excel file: input\invoices.xlsx
2026-06-28 03:02:07 [INFO] Preprocessing complete. Extracted 1015 valid records into input\invoices_rate18.xlsx
2026-06-28 03:02:07 [INFO] Reading Excel file: input\invoices_rate18.xlsx
2026-06-28 03:02:07 [INFO] Sheet: 'B2B_Filtered' (Parsing rows...)
2026-06-28 03:02:07 [INFO] Loaded 1015 valid IRN records
2026-06-28 03:02:08 [INFO] Launching Chromium in headed mode...
2026-06-28 03:02:09 [INFO] Browser ready
2026-06-28 03:02:09 [INFO] Navigating to https://einvoice.gst.gov.in/jsonDownload...
2026-06-28 03:02:15 [INFO] Portal loaded
2026-06-28 03:02:15 [INFO] [UI_PROMPT] Action Required: Please log in manually on the browser, then click Continue.
2026-06-28 03:02:45 [INFO] User confirmed login -- automation starting
2026-06-28 03:02:45 [INFO] Processing 1015 IRNs (starting from #1)
2026-06-28 03:02:45 [INFO] [1/1015] ----------------------------------------------
2026-06-28 03:02:46 [INFO]   Invoice: LIAA2DE270002368  |  Date: 06-06-2026  |  IRN: 675d50f09190d18f08f5a5dc...ed833a0ff0d9
2026-06-28 03:02:47 [INFO]   Typed IRN: 675d50f09190d18f08f5a5dc...ed833a0ff0d9
2026-06-28 03:02:47 [INFO]   Clicked Search -- waiting for results...
2026-06-28 03:02:48 [INFO]   Search results visible
2026-06-28 03:02:49 [INFO]   Download triggered via row icon
2026-06-28 03:02:49 [INFO]   [OK] Saved -> LIAA2DE270002368_06-06-2026.pdf
2026-06-28 03:02:49 [INFO] Worker modifying: LIAA2DE270002368_06-06-2026.pdf
2026-06-28 03:02:50 [INFO] Worker modification OK: LIAA2DE270002368_06-06-2026.pdf
2026-06-28 03:02:51 [INFO] [2/1015] ----------------------------------------------
2026-06-28 03:02:51 [INFO]   Invoice: LIAA2JY270002305  |  Date: 06-06-2026  |  IRN: f9ce261e58ea02ba7d742f60...6ca8aaa4dc22
2026-06-28 03:02:52 [INFO]   Typed IRN: f9ce261e58ea02ba7d742f60...6ca8aaa4dc22
2026-06-28 03:02:52 [INFO]   Clicked Search -- waiting for results...
2026-06-28 03:02:53 [INFO]   Search results visible
2026-06-28 03:02:54 [INFO]   Download triggered via row icon
2026-06-28 03:02:54 [INFO]   [OK] Saved -> LIAA2JY270002305_06-06-2026.pdf
2026-06-28 03:02:54 [INFO] Worker modifying: LIAA2JY270002305_06-06-2026.pdf
2026-06-28 03:02:54 [INFO] Worker modification OK: LIAA2JY270002305_06-06-2026.pdf
2026-06-28 03:02:56 [INFO] [3/1015] ----------------------------------------------
2026-06-28 03:02:56 [INFO]   Invoice: LIAA2JY270002368  |  Date: 08-06-2026  |  IRN: e7c3c532ba6ab85462eeb4ed...41abd93c2980
2026-06-28 03:02:57 [INFO]   Typed IRN: e7c3c532ba6ab85462eeb4ed...41abd93c2980
2026-06-28 03:02:57 [INFO]   Clicked Search -- waiting for results...
2026-06-28 03:02:58 [INFO]   Search results visible
2026-06-28 03:02:59 [INFO]   Download triggered via row icon
2026-06-28 03:02:59 [INFO]   [OK] Saved -> LIAA2JY270002368_08-06-2026.pdf
2026-06-28 03:02:59 [INFO] Worker modifying: LIAA2JY270002368_08-06-2026.pdf
2026-06-28 03:02:59 [INFO] Worker modification OK: LIAA2JY270002368_08-06-2026.pdf
2026-06-28 03:03:01 [INFO] [4/1015] ----------------------------------------------
2026-06-28 03:03:01 [INFO]   Invoice: LIAA4DU270002383  |  Date: 06-06-2026  |  IRN: 46465eaa5c948ba9fcd9a02f...abe649f5412c
2026-06-28 03:03:02 [INFO]   Typed IRN: 46465eaa5c948ba9fcd9a02f...abe649f5412c
2026-06-28 03:03:02 [INFO]   Clicked Search -- waiting for results...
2026-06-28 03:03:03 [INFO]   Search results visible
2026-06-28 03:03:04 [INFO]   Download triggered via row icon
2026-06-28 03:03:04 [INFO]   [OK] Saved -> LIAA4DU270002383_06-06-2026.pdf
2026-06-28 03:03:04 [INFO] Worker modifying: LIAA4DU270002383_06-06-2026.pdf
2026-06-28 03:03:04 [INFO] Worker modification OK: LIAA4DU270002383_06-06-2026.pdf
2026-06-28 03:03:06 [INFO] [5/1015] ----------------------------------------------
2026-06-28 03:03:06 [INFO]   Invoice: LIAA4DU270002384  |  Date: 06-06-2026  |  IRN: 64c34305918bcb3778910b90...f34d0e6806ca
2026-06-28 03:03:07 [INFO]   Typed IRN: 64c34305918bcb3778910b90...f34d0e6806ca
2026-06-28 03:03:07 [INFO]   Clicked Search -- waiting for results...
2026-06-28 03:03:08 [INFO]   Search results visible
2026-06-28 03:03:08 [INFO]   Download triggered via row icon
2026-06-28 03:03:09 [INFO]   [OK] Saved -> LIAA4DU270002384_06-06-2026.pdf
2026-06-28 03:03:09 [INFO] Worker modifying: LIAA4DU270002384_06-06-2026.pdf
2026-06-28 03:03:09 [INFO] Worker modification OK: LIAA4DU270002384_06-06-2026.pdf
2026-06-28 03:03:11 [INFO] [6/1015] ----------------------------------------------
2026-06-28 03:03:11 [INFO]   Invoice: LIAA4R5270002350  |  Date: 06-06-2026  |  IRN: 66c0618c459d0a84de9f8483...79175bfe3d6c
2026-06-28 03:03:12 [INFO]   Typed IRN: 66c0618c459d0a84de9f8483...79175bfe3d6c
2026-06-28 03:03:12 [INFO]   Clicked Search -- waiting for results...
2026-06-28 03:03:13 [INFO]   Search results visible
2026-06-28 03:03:14 [INFO]   Download triggered via row icon
2026-06-28 03:03:14 [INFO]   [OK] Saved -> LIAA4R5270002350_06-06-2026.pdf
2026-06-28 03:03:14 [INFO] Worker modifying: LIAA4R5270002350_06-06-2026.pdf
2026-06-28 03:03:15 [INFO] Worker modification OK: LIAA4R5270002350_06-06-2026.pdf
2026-06-28 03:03:16 [INFO] [7/1015] ----------------------------------------------
2026-06-28 03:03:16 [INFO]   Invoice: LIAA5EU270002404  |  Date: 06-06-2026  |  IRN: cbf3c148066b2398110ceca9...9b8eff0d6533
2026-06-28 03:03:17 [INFO]   Typed IRN: cbf3c148066b2398110ceca9...9b8eff0d6533
2026-06-28 03:03:18 [INFO]   Clicked Search -- waiting for results...
2026-06-28 03:03:19 [INFO]   Search results visible
2026-06-28 03:03:19 [INFO]   Download triggered via row icon
2026-06-28 03:03:19 [INFO]   [OK] Saved -> LIAA5EU270002404_06-06-2026.pdf
2026-06-28 03:03:19 [INFO] Worker modifying: LIAA5EU270002404_06-06-2026.pdf
2026-06-28 03:03:20 [INFO] Worker modification OK: LIAA5EU270002404_06-06-2026.pdf
2026-06-28 03:03:22 [INFO] [8/1015] ----------------------------------------------
2026-06-28 03:03:22 [INFO]   Invoice: LIAA5EU270002407  |  Date: 06-06-2026  |  IRN: 863ff5541ecd04c160db5f0b...938c370594c6
2026-06-28 03:03:23 [INFO]   Typed IRN: 863ff5541ecd04c160db5f0b...938c370594c6
2026-06-28 03:03:23 [INFO]   Clicked Search -- waiting for results...
2026-06-28 03:03:24 [INFO]   Search results visible
2026-06-28 03:03:24 [INFO]   Download triggered via row icon
2026-06-28 03:03:25 [INFO]   [OK] Saved -> LIAA5EU270002407_06-06-2026.pdf
2026-06-28 03:03:25 [INFO] Worker modifying: LIAA5EU270002407_06-06-2026.pdf
2026-06-28 03:03:25 [INFO] Worker modification OK: LIAA5EU270002407_06-06-2026.pdf
2026-06-28 03:03:27 [INFO] [9/1015] ----------------------------------------------
2026-06-28 03:03:27 [INFO]   Invoice: LIAA5XA270002401  |  Date: 06-06-2026  |  IRN: dc4c579169cd1a7422099898...e083ba55bc6a
2026-06-28 03:03:28 [INFO]   Typed IRN: dc4c579169cd1a7422099898...e083ba55bc6a
2026-06-28 03:03:28 [INFO]   Clicked Search -- waiting for results...
2026-06-28 03:03:29 [INFO]   Search results visible
2026-06-28 03:03:29 [INFO]   Download triggered via row icon
2026-06-28 03:03:30 [INFO]   [OK] Saved -> LIAA5XA270002401_06-06-2026.pdf
2026-06-28 03:03:30 [INFO] Worker modifying: LIAA5XA270002401_06-06-2026.pdf
2026-06-28 03:03:30 [INFO] Worker modification OK: LIAA5XA270002401_06-06-2026.pdf
2026-06-28 03:03:31 [INFO] [10/1015] ----------------------------------------------
2026-06-28 03:03:31 [INFO]   Invoice: LIAA6OB270002427  |  Date: 08-06-2026  |  IRN: 9ac47dae0657be01696502be...2caf6819f591
2026-06-28 03:03:32 [INFO]   Typed IRN: 9ac47dae0657be01696502be...2caf6819f591
2026-06-28 03:03:32 [INFO]   Clicked Search -- waiting for results...
2026-06-28 03:03:34 [INFO]   Search results visible
2026-06-28 03:03:35 [INFO]   Download triggered via row icon
2026-06-28 03:03:36 [INFO]   [OK] Saved -> LIAA6OB270002427_08-06-2026.pdf
2026-06-28 03:03:36 [INFO] Worker modifying: LIAA6OB270002427_08-06-2026.pdf
2026-06-28 03:03:36 [INFO] Worker modification OK: LIAA6OB270002427_08-06-2026.pdf
2026-06-28 03:03:38 [INFO] [11/1015] ----------------------------------------------
2026-06-28 03:03:38 [INFO]   Invoice: LIAA8CQ270002347  |  Date: 06-06-2026  |  IRN: dab6af647a617a341c072e93...f535915d9043
2026-06-28 03:03:39 [INFO]   Typed IRN: dab6af647a617a341c072e93...f535915d9043
2026-06-28 03:03:39 [INFO]   Clicked Search -- waiting for results...
2026-06-28 03:03:40 [INFO]   Search results visible
2026-06-28 03:03:40 [INFO]   Download triggered via row icon
2026-06-28 03:03:41 [INFO]   [OK] Saved -> LIAA8CQ270002347_06-06-2026.pdf
2026-06-28 03:03:41 [INFO] Worker modifying: LIAA8CQ270002347_06-06-2026.pdf
2026-06-28 03:03:41 [INFO] Worker modification OK: LIAA8CQ270002347_06-06-2026.pdf
2026-06-28 03:03:42 [INFO] [12/1015] ----------------------------------------------
2026-06-28 03:03:42 [INFO]   Invoice: LIAA9FN270002404  |  Date: 06-06-2026  |  IRN: 9d2a3cc93145faf86cf95c6b...8d9699c71fd3
2026-06-28 03:03:43 [INFO]   Typed IRN: 9d2a3cc93145faf86cf95c6b...8d9699c71fd3
2026-06-28 03:03:43 [INFO]   Clicked Search -- waiting for results...
2026-06-28 03:03:44 [INFO]   Search results visible
2026-06-28 03:03:45 [INFO]   Download triggered via row icon
2026-06-28 03:03:45 [INFO]   [OK] Saved -> LIAA9FN270002404_06-06-2026.pdf
2026-06-28 03:03:45 [INFO] Worker modifying: LIAA9FN270002404_06-06-2026.pdf
2026-06-28 03:03:46 [INFO] Worker modification OK: LIAA9FN270002404_06-06-2026.pdf
2026-06-28 03:03:48 [INFO] [13/1015] ----------------------------------------------
2026-06-28 03:03:48 [INFO]   Invoice: LIAA9FN270002405  |  Date: 06-06-2026  |  IRN: 96e4de5be1a8f903ba72e35d...7d5efc49a34b
2026-06-28 03:03:49 [INFO]   Typed IRN: 96e4de5be1a8f903ba72e35d...7d5efc49a34b
2026-06-28 03:03:49 [INFO]   Clicked Search -- waiting for results...
2026-06-28 03:03:50 [INFO]   Search results visible
2026-06-28 03:03:51 [INFO]   Download triggered via row icon
2026-06-28 03:03:51 [INFO]   [OK] Saved -> LIAA9FN270002405_06-06-2026.pdf
2026-06-28 03:03:51 [INFO] Worker modifying: LIAA9FN270002405_06-06-2026.pdf
2026-06-28 03:03:52 [INFO] Worker modification OK: LIAA9FN270002405_06-06-2026.pdf
2026-06-28 03:03:53 [INFO] [SYSTEM] Automation cancelled by user.
2026-06-28 03:03:53 [INFO] 
Interrupted by user (Ctrl+C)
2026-06-28 03:03:53 [INFO] Final result: 13/13 succeeded
2026-06-28 03:03:54 [INFO] Final result: 13/13 succeeded
2026-06-28 03:03:54 [INFO] Waiting for background modifications to complete...
