2026-06-28 18:19:27 [INFO] Log file: logs\gst_download_20260628_181927.log
2026-06-28 18:19:27 [INFO] ==================================================
2026-06-28 18:19:27 [INFO]   GST e-Invoice Bulk Downloader
2026-06-28 18:19:27 [INFO] ==================================================
2026-06-28 18:19:27 [INFO] Batch name: invoices
2026-06-28 18:19:27 [INFO] Reading Excel file: D:\processed_excel\invoices.xlsx
2026-06-28 18:19:27 [INFO] Sheet: 'B2B_Filtered' (Parsing rows...)
2026-06-28 18:19:28 [INFO] Loaded 1015 valid IRN records
2026-06-28 18:19:28 [INFO] [Pipeline] Starting pipeline for batch 'invoices'
2026-06-28 18:19:28 [INFO] [Pipeline] Staging:   staging\invoices
2026-06-28 18:19:28 [INFO] [Pipeline] Originals: D:\original\invoices
2026-06-28 18:19:28 [INFO] [Pipeline] Processed: D:\processed\invoices
2026-06-28 18:19:28 [INFO] [BackupWorker] Started
2026-06-28 18:19:28 [INFO] [ModifierWorker-1] Started
2026-06-28 18:19:28 [INFO] [ModifierWorker-2] Started
2026-06-28 18:19:28 [INFO] [Pipeline] All workers started (2 modifier workers)
2026-06-28 18:19:43 [INFO] Launching Chromium in headed mode...
2026-06-28 18:19:46 [INFO] Browser ready
2026-06-28 18:19:46 [INFO] Navigating to https://einvoice.gst.gov.in/jsonDownload...
2026-06-28 18:19:50 [INFO] Portal loaded
2026-06-28 18:19:50 [INFO] [UI_PROMPT] Action Required: Please log in manually on the browser, then click Continue.
