2026-06-28 11:28:21 [INFO] Log file: logs\gst_download_20260628_112821.log
2026-06-28 11:28:21 [INFO] ==================================================
2026-06-28 11:28:21 [INFO]   GST e-Invoice Bulk Downloader
2026-06-28 11:28:21 [INFO] ==================================================
2026-06-28 11:28:21 [INFO] Preprocessing raw Excel file: input\invoices.xlsx
2026-06-28 11:28:27 [INFO] Preprocessing complete. Extracted 1015 valid records into input\invoices_rate18.xlsx
2026-06-28 11:28:27 [INFO] Reading Excel file: input\invoices_rate18.xlsx
2026-06-28 11:28:28 [INFO] Sheet: 'B2B_Filtered' (Parsing rows...)
2026-06-28 11:28:28 [INFO] Loaded 1015 valid IRN records
2026-06-28 11:28:42 [INFO] Launching Chromium in headed mode...
2026-06-28 11:28:45 [INFO] Browser ready
2026-06-28 11:28:45 [INFO] Navigating to https://einvoice.gst.gov.in/jsonDownload...
2026-06-28 11:28:49 [INFO] Portal loaded
2026-06-28 11:28:49 [INFO] [UI_PROMPT] Action Required: Please log in manually on the browser, then click Continue.
2026-06-28 11:29:38 [INFO] User confirmed login -- automation starting
2026-06-28 11:29:38 [INFO] Processing 1015 IRNs (starting from #1)
2026-06-28 11:29:38 [INFO] [1/1015] ----------------------------------------------
2026-06-28 11:29:38 [INFO]   Invoice: LIAA2DE270002368  |  Date: 06-06-2026  |  IRN: 675d50f09190d18f08f5a5dc...ed833a0ff0d9
2026-06-28 11:29:39 [INFO]   Typed IRN: 675d50f09190d18f08f5a5dc...ed833a0ff0d9
2026-06-28 11:29:40 [INFO]   Clicked Search -- waiting for results...
2026-06-28 11:29:41 [INFO]   Search results visible
2026-06-28 11:29:43 [INFO]   Download triggered via row icon
2026-06-28 11:29:44 [INFO]   [OK] Saved -> LIAA2DE270002368_06-06-2026.pdf
2026-06-28 11:29:44 [INFO] Worker modifying: LIAA2DE270002368_06-06-2026.pdf
2026-06-28 11:29:45 [INFO] Worker modification OK: LIAA2DE270002368_06-06-2026.pdf
2026-06-28 11:29:46 [INFO] [SYSTEM] Automation paused. Waiting for resume...
2026-06-28 11:31:46 [INFO] [SYSTEM] Automation resumed.
2026-06-28 11:31:46 [INFO] [2/1015] ----------------------------------------------
2026-06-28 11:31:46 [INFO]   Invoice: LIAA2JY270002305  |  Date: 06-06-2026  |  IRN: f9ce261e58ea02ba7d742f60...6ca8aaa4dc22
2026-06-28 11:31:47 [INFO]   Typed IRN: f9ce261e58ea02ba7d742f60...6ca8aaa4dc22
2026-06-28 11:31:47 [INFO]   Clicked Search -- waiting for results...
2026-06-28 11:31:48 [INFO]   Search results visible
2026-06-28 11:31:49 [INFO]   Download triggered via row icon
2026-06-28 11:31:49 [INFO]   [OK] Saved -> LIAA2JY270002305_06-06-2026.pdf
2026-06-28 11:31:49 [INFO] Worker modifying: LIAA2JY270002305_06-06-2026.pdf
2026-06-28 11:31:50 [INFO] Worker modification OK: LIAA2JY270002305_06-06-2026.pdf
2026-06-28 11:31:51 [INFO] [3/1015] ----------------------------------------------
2026-06-28 11:31:51 [INFO]   Invoice: LIAA2JY270002368  |  Date: 08-06-2026  |  IRN: e7c3c532ba6ab85462eeb4ed...41abd93c2980
2026-06-28 11:31:52 [INFO]   Typed IRN: e7c3c532ba6ab85462eeb4ed...41abd93c2980
2026-06-28 11:31:53 [INFO]   Clicked Search -- waiting for results...
2026-06-28 11:31:54 [INFO]   Search results visible
2026-06-28 11:31:55 [INFO]   Download triggered via row icon
2026-06-28 11:31:55 [INFO]   [OK] Saved -> LIAA2JY270002368_08-06-2026.pdf
2026-06-28 11:31:55 [INFO] Worker modifying: LIAA2JY270002368_08-06-2026.pdf
2026-06-28 11:31:56 [INFO] Worker modification OK: LIAA2JY270002368_08-06-2026.pdf
2026-06-28 11:31:57 [INFO] [4/1015] ----------------------------------------------
2026-06-28 11:31:57 [INFO]   Invoice: LIAA4DU270002383  |  Date: 06-06-2026  |  IRN: 46465eaa5c948ba9fcd9a02f...abe649f5412c
2026-06-28 11:31:58 [INFO]   Typed IRN: 46465eaa5c948ba9fcd9a02f...abe649f5412c
2026-06-28 11:31:58 [INFO]   Clicked Search -- waiting for results...
2026-06-28 11:32:00 [INFO]   Search results visible
2026-06-28 11:32:01 [INFO]   Download triggered via row icon
2026-06-28 11:32:01 [INFO]   [OK] Saved -> LIAA4DU270002383_06-06-2026.pdf
2026-06-28 11:32:01 [INFO] Worker modifying: LIAA4DU270002383_06-06-2026.pdf
2026-06-28 11:32:02 [INFO] Worker modification OK: LIAA4DU270002383_06-06-2026.pdf
2026-06-28 11:32:03 [INFO] [SYSTEM] Automation stopped by user.
2026-06-28 11:32:03 [INFO] 
Interrupted by user (Ctrl+C)
2026-06-28 11:32:03 [INFO] Final result: 4/4 succeeded
2026-06-28 11:32:04 [INFO] Final result: 4/4 succeeded
2026-06-28 11:32:04 [INFO] Waiting for background modifications to complete...
