2026-06-28 01:30:59 [INFO] Log file: logs\gst_download_20260628_013059.log
2026-06-28 01:30:59 [INFO] ==================================================
2026-06-28 01:30:59 [INFO]   GST e-Invoice Bulk Downloader
2026-06-28 01:30:59 [INFO] ==================================================
2026-06-28 01:30:59 [INFO] Preprocessing raw Excel file: input\invoices.xlsx
2026-06-28 01:31:02 [INFO] Preprocessing complete. Extracted 1015 valid records into input\invoices_rate18.xlsx
2026-06-28 01:31:02 [INFO] Reading Excel file: input\invoices_rate18.xlsx
2026-06-28 01:31:02 [INFO] Sheet: 'B2B_Filtered' (Parsing rows...)
2026-06-28 01:31:03 [INFO] Loaded 1015 valid IRN records
2026-06-28 01:31:03 [INFO] Loaded pdf_config.yaml for modifications.
2026-06-28 01:31:04 [INFO] Launching Chromium in headed mode...
2026-06-28 01:31:04 [ERROR] Fatal error: BrowserType.launch: Executable doesn't exist at C:\Users\SASI KOTHA\AppData\Local\ms-playwright\chromium-1169\chrome-win\chrome.exe
╔════════════════════════════════════════════════════════════╗
║ Looks like Playwright was just installed or updated.       ║
║ Please run the following command to download new browsers: ║
║                                                            ║
║     playwright install                                     ║
║                                                            ║
║ <3 Playwright Team                                         ║
╚════════════════════════════════════════════════════════════╝
Traceback (most recent call last):
  File "C:\Users\SASI KOTHA\Desktop\GST_M\main.py", line 149, in main
    dl.launch_browser()
  File "C:\Users\SASI KOTHA\Desktop\GST_M\gst_downloader\core.py", line 46, in launch_browser
    self.browser = self.pw.chromium.launch(
                   ^^^^^^^^^^^^^^^^^^^^^^^^
  File "C:\Users\SASI KOTHA\AppData\Roaming\Python\Python312\site-packages\playwright\sync_api\_generated.py", line 14494, in launch
    self._sync(
  File "C:\Users\SASI KOTHA\AppData\Roaming\Python\Python312\site-packages\playwright\_impl\_sync_base.py", line 115, in _sync
    return task.result()
           ^^^^^^^^^^^^^
  File "C:\Users\SASI KOTHA\AppData\Roaming\Python\Python312\site-packages\playwright\_impl\_browser_type.py", line 97, in launch
    Browser, from_channel(await self._channel.send("launch", params))
                          ^^^^^^^^^^^^^^^^^^^^^^^^^^^^^^^^^^^^^^^^^^
  File "C:\Users\SASI KOTHA\AppData\Roaming\Python\Python312\site-packages\playwright\_impl\_connection.py", line 61, in send
    return await self._connection.wrap_api_call(
           ^^^^^^^^^^^^^^^^^^^^^^^^^^^^^^^^^^^^^
  File "C:\Users\SASI KOTHA\AppData\Roaming\Python\Python312\site-packages\playwright\_impl\_connection.py", line 528, in wrap_api_call
    raise rewrite_error(error, f"{parsed_st['apiName']}: {error}") from None
playwright._impl._errors.Error: BrowserType.launch: Executable doesn't exist at C:\Users\SASI KOTHA\AppData\Local\ms-playwright\chromium-1169\chrome-win\chrome.exe
╔════════════════════════════════════════════════════════════╗
║ Looks like Playwright was just installed or updated.       ║
║ Please run the following command to download new browsers: ║
║                                                            ║
║     playwright install                                     ║
║                                                            ║
║ <3 Playwright Team                                         ║
╚════════════════════════════════════════════════════════════╝
2026-06-28 01:31:04 [INFO] Final result: 0/0 succeeded
2026-06-28 01:31:04 [INFO] Waiting for background modifications to complete...
