2026-06-28 02:54:52 [INFO] Log file: logs\gst_download_20260628_025452.log
2026-06-28 02:54:52 [INFO] ==================================================
2026-06-28 02:54:52 [INFO]   GST e-Invoice Bulk Downloader
2026-06-28 02:54:52 [INFO] ==================================================
2026-06-28 02:54:52 [INFO] Preprocessing raw Excel file: input\invoices.xlsx
2026-06-28 02:54:55 [INFO] Preprocessing complete. Extracted 1015 valid records into input\invoices_rate18.xlsx
2026-06-28 02:54:55 [INFO] Reading Excel file: input\invoices_rate18.xlsx
2026-06-28 02:54:55 [INFO] Sheet: 'B2B_Filtered' (Parsing rows...)
2026-06-28 02:54:55 [INFO] Loaded 1015 valid IRN records
2026-06-28 02:54:56 [INFO] Launching Chromium in headed mode...
2026-06-28 02:54:58 [INFO] Browser ready
2026-06-28 02:54:58 [INFO] Navigating to https://einvoice.gst.gov.in/jsonDownload...
2026-06-28 02:55:01 [INFO] Portal loaded
2026-06-28 02:55:01 [INFO] [UI_PROMPT] Action Required: Please log in manually on the browser, then click Continue.
2026-06-28 02:55:46 [INFO] User confirmed login -- automation starting
2026-06-28 02:55:46 [INFO] Processing 1015 IRNs (starting from #1)
2026-06-28 02:55:46 [INFO] [1/1015] ----------------------------------------------
2026-06-28 02:55:46 [INFO]   Invoice: LIAA2DE270002368  |  Date: 06-06-2026  |  IRN: 675d50f09190d18f08f5a5dc...ed833a0ff0d9
2026-06-28 02:55:47 [INFO]   Typed IRN: 675d50f09190d18f08f5a5dc...ed833a0ff0d9
2026-06-28 02:55:48 [INFO]   Clicked Search -- waiting for results...
2026-06-28 02:55:49 [INFO]   Search results visible
2026-06-28 02:55:50 [INFO]   Download triggered via row icon
2026-06-28 02:55:50 [INFO]   [OK] Saved -> LIAA2DE270002368_06-06-2026.pdf
2026-06-28 02:55:50 [INFO] Worker modifying: LIAA2DE270002368_06-06-2026.pdf
2026-06-28 02:55:51 [INFO] Worker modification OK: LIAA2DE270002368_06-06-2026.pdf
2026-06-28 02:55:52 [INFO] [2/1015] ----------------------------------------------
2026-06-28 02:55:52 [INFO]   Invoice: LIAA2JY270002305  |  Date: 06-06-2026  |  IRN: f9ce261e58ea02ba7d742f60...6ca8aaa4dc22
2026-06-28 02:55:53 [INFO]   Typed IRN: f9ce261e58ea02ba7d742f60...6ca8aaa4dc22
2026-06-28 02:55:53 [INFO]   Clicked Search -- waiting for results...
2026-06-28 02:55:54 [INFO]   Search results visible
2026-06-28 02:55:54 [INFO]   Download triggered via row icon
2026-06-28 02:55:55 [INFO]   [OK] Saved -> LIAA2JY270002305_06-06-2026.pdf
2026-06-28 02:55:55 [INFO] Worker modifying: LIAA2JY270002305_06-06-2026.pdf
2026-06-28 02:55:55 [INFO] Worker modification OK: LIAA2JY270002305_06-06-2026.pdf
2026-06-28 02:55:56 [INFO] [3/1015] ----------------------------------------------
2026-06-28 02:55:56 [INFO]   Invoice: LIAA2JY270002368  |  Date: 08-06-2026  |  IRN: e7c3c532ba6ab85462eeb4ed...41abd93c2980
2026-06-28 02:55:57 [INFO]   Typed IRN: e7c3c532ba6ab85462eeb4ed...41abd93c2980
2026-06-28 02:55:57 [INFO]   Clicked Search -- waiting for results...
2026-06-28 02:55:59 [INFO]   Search results visible
2026-06-28 02:55:59 [INFO]   Download triggered via row icon
2026-06-28 02:55:59 [INFO]   [OK] Saved -> LIAA2JY270002368_08-06-2026.pdf
2026-06-28 02:55:59 [INFO] Worker modifying: LIAA2JY270002368_08-06-2026.pdf
2026-06-28 02:56:00 [INFO] Worker modification OK: LIAA2JY270002368_08-06-2026.pdf
2026-06-28 02:56:01 [INFO] [4/1015] ----------------------------------------------
2026-06-28 02:56:01 [INFO]   Invoice: LIAA4DU270002383  |  Date: 06-06-2026  |  IRN: 46465eaa5c948ba9fcd9a02f...abe649f5412c
2026-06-28 02:56:02 [INFO]   Typed IRN: 46465eaa5c948ba9fcd9a02f...abe649f5412c
2026-06-28 02:56:02 [INFO]   Clicked Search -- waiting for results...
2026-06-28 02:56:03 [INFO]   Search results visible
2026-06-28 02:56:04 [INFO]   Download triggered via row icon
2026-06-28 02:56:04 [INFO]   [OK] Saved -> LIAA4DU270002383_06-06-2026.pdf
2026-06-28 02:56:04 [INFO] Worker modifying: LIAA4DU270002383_06-06-2026.pdf
2026-06-28 02:56:04 [INFO] Worker modification OK: LIAA4DU270002383_06-06-2026.pdf
2026-06-28 02:56:06 [INFO] [5/1015] ----------------------------------------------
2026-06-28 02:56:06 [INFO]   Invoice: LIAA4DU270002384  |  Date: 06-06-2026  |  IRN: 64c34305918bcb3778910b90...f34d0e6806ca
2026-06-28 02:56:07 [INFO]   Typed IRN: 64c34305918bcb3778910b90...f34d0e6806ca
2026-06-28 02:56:07 [INFO]   Clicked Search -- waiting for results...
2026-06-28 02:56:08 [INFO]   Search results visible
2026-06-28 02:56:08 [INFO]   Download triggered via row icon
2026-06-28 02:56:09 [INFO]   [OK] Saved -> LIAA4DU270002384_06-06-2026.pdf
2026-06-28 02:56:09 [INFO] Worker modifying: LIAA4DU270002384_06-06-2026.pdf
2026-06-28 02:56:09 [INFO] Worker modification OK: LIAA4DU270002384_06-06-2026.pdf
2026-06-28 02:56:10 [INFO] [6/1015] ----------------------------------------------
2026-06-28 02:56:10 [INFO]   Invoice: LIAA4R5270002350  |  Date: 06-06-2026  |  IRN: 66c0618c459d0a84de9f8483...79175bfe3d6c
2026-06-28 02:56:11 [INFO]   Typed IRN: 66c0618c459d0a84de9f8483...79175bfe3d6c
2026-06-28 02:56:11 [INFO]   Clicked Search -- waiting for results...
2026-06-28 02:56:13 [INFO]   Search results visible
2026-06-28 02:56:13 [INFO]   Download triggered via row icon
2026-06-28 02:56:13 [INFO]   [OK] Saved -> LIAA4R5270002350_06-06-2026.pdf
2026-06-28 02:56:13 [INFO] Worker modifying: LIAA4R5270002350_06-06-2026.pdf
2026-06-28 02:56:14 [INFO] Worker modification OK: LIAA4R5270002350_06-06-2026.pdf
2026-06-28 02:56:16 [INFO] [7/1015] ----------------------------------------------
2026-06-28 02:56:16 [INFO]   Invoice: LIAA5EU270002404  |  Date: 06-06-2026  |  IRN: cbf3c148066b2398110ceca9...9b8eff0d6533
2026-06-28 02:56:17 [INFO]   Typed IRN: cbf3c148066b2398110ceca9...9b8eff0d6533
2026-06-28 02:56:17 [INFO]   Clicked Search -- waiting for results...
2026-06-28 02:56:18 [INFO]   Search results visible
2026-06-28 02:56:18 [INFO]   Download triggered via row icon
2026-06-28 02:56:18 [INFO]   [OK] Saved -> LIAA5EU270002404_06-06-2026.pdf
2026-06-28 02:56:18 [INFO] Worker modifying: LIAA5EU270002404_06-06-2026.pdf
2026-06-28 02:56:19 [INFO] Worker modification OK: LIAA5EU270002404_06-06-2026.pdf
2026-06-28 02:56:21 [INFO] [8/1015] ----------------------------------------------
2026-06-28 02:56:21 [INFO]   Invoice: LIAA5EU270002407  |  Date: 06-06-2026  |  IRN: 863ff5541ecd04c160db5f0b...938c370594c6
2026-06-28 02:56:22 [INFO]   Typed IRN: 863ff5541ecd04c160db5f0b...938c370594c6
2026-06-28 02:56:22 [INFO]   Clicked Search -- waiting for results...
2026-06-28 02:56:23 [INFO]   Search results visible
2026-06-28 02:56:24 [INFO]   Download triggered via row icon
2026-06-28 02:56:24 [INFO]   [OK] Saved -> LIAA5EU270002407_06-06-2026.pdf
2026-06-28 02:56:24 [INFO] Worker modifying: LIAA5EU270002407_06-06-2026.pdf
2026-06-28 02:56:24 [INFO] Worker modification OK: LIAA5EU270002407_06-06-2026.pdf
2026-06-28 02:56:25 [INFO] [9/1015] ----------------------------------------------
2026-06-28 02:56:25 [INFO]   Invoice: LIAA5XA270002401  |  Date: 06-06-2026  |  IRN: dc4c579169cd1a7422099898...e083ba55bc6a
2026-06-28 02:56:26 [INFO]   Typed IRN: dc4c579169cd1a7422099898...e083ba55bc6a
2026-06-28 02:56:26 [INFO]   Clicked Search -- waiting for results...
2026-06-28 02:56:27 [INFO]   Search results visible
2026-06-28 02:56:28 [INFO]   Download triggered via row icon
2026-06-28 02:56:28 [INFO]   [OK] Saved -> LIAA5XA270002401_06-06-2026.pdf
2026-06-28 02:56:28 [INFO] Worker modifying: LIAA5XA270002401_06-06-2026.pdf
2026-06-28 02:56:28 [INFO] Worker modification OK: LIAA5XA270002401_06-06-2026.pdf
2026-06-28 02:56:30 [INFO] [10/1015] ----------------------------------------------
2026-06-28 02:56:30 [INFO]   Invoice: LIAA6OB270002427  |  Date: 08-06-2026  |  IRN: 9ac47dae0657be01696502be...2caf6819f591
2026-06-28 02:56:31 [INFO]   Typed IRN: 9ac47dae0657be01696502be...2caf6819f591
2026-06-28 02:56:31 [INFO]   Clicked Search -- waiting for results...
2026-06-28 02:56:33 [INFO]   Search results visible
2026-06-28 02:56:33 [INFO]   Download triggered via row icon
2026-06-28 02:56:33 [INFO]   [OK] Saved -> LIAA6OB270002427_08-06-2026.pdf
2026-06-28 02:56:33 [INFO] Worker modifying: LIAA6OB270002427_08-06-2026.pdf
2026-06-28 02:56:33 [INFO] Worker modification OK: LIAA6OB270002427_08-06-2026.pdf
2026-06-28 02:56:35 [INFO] [11/1015] ----------------------------------------------
2026-06-28 02:56:35 [INFO]   Invoice: LIAA8CQ270002347  |  Date: 06-06-2026  |  IRN: dab6af647a617a341c072e93...f535915d9043
2026-06-28 02:56:36 [INFO]   Typed IRN: dab6af647a617a341c072e93...f535915d9043
2026-06-28 02:56:36 [INFO]   Clicked Search -- waiting for results...
2026-06-28 02:56:37 [INFO]   Search results visible
2026-06-28 02:56:37 [INFO]   Download triggered via row icon
2026-06-28 02:56:38 [INFO]   [OK] Saved -> LIAA8CQ270002347_06-06-2026.pdf
2026-06-28 02:56:38 [INFO] Worker modifying: LIAA8CQ270002347_06-06-2026.pdf
2026-06-28 02:56:38 [INFO] Worker modification OK: LIAA8CQ270002347_06-06-2026.pdf
2026-06-28 02:56:39 [INFO] [12/1015] ----------------------------------------------
2026-06-28 02:56:39 [INFO]   Invoice: LIAA9FN270002404  |  Date: 06-06-2026  |  IRN: 9d2a3cc93145faf86cf95c6b...8d9699c71fd3
2026-06-28 02:56:40 [INFO]   Typed IRN: 9d2a3cc93145faf86cf95c6b...8d9699c71fd3
2026-06-28 02:56:40 [INFO]   Clicked Search -- waiting for results...
2026-06-28 02:56:41 [INFO]   Search results visible
2026-06-28 02:56:42 [INFO]   Download triggered via row icon
2026-06-28 02:56:42 [INFO]   [OK] Saved -> LIAA9FN270002404_06-06-2026.pdf
2026-06-28 02:56:42 [INFO] Worker modifying: LIAA9FN270002404_06-06-2026.pdf
2026-06-28 02:56:42 [INFO] Worker modification OK: LIAA9FN270002404_06-06-2026.pdf
2026-06-28 02:56:44 [INFO] [13/1015] ----------------------------------------------
2026-06-28 02:56:44 [INFO]   Invoice: LIAA9FN270002405  |  Date: 06-06-2026  |  IRN: 96e4de5be1a8f903ba72e35d...7d5efc49a34b
2026-06-28 02:56:45 [INFO]   Typed IRN: 96e4de5be1a8f903ba72e35d...7d5efc49a34b
2026-06-28 02:56:45 [INFO]   Clicked Search -- waiting for results...
2026-06-28 02:56:46 [INFO]   Search results visible
2026-06-28 02:56:47 [INFO]   Download triggered via row icon
2026-06-28 02:56:47 [INFO]   [OK] Saved -> LIAA9FN270002405_06-06-2026.pdf
2026-06-28 02:56:47 [INFO] Worker modifying: LIAA9FN270002405_06-06-2026.pdf
2026-06-28 02:56:47 [INFO] Worker modification OK: LIAA9FN270002405_06-06-2026.pdf
2026-06-28 02:56:49 [INFO] [14/1015] ----------------------------------------------
2026-06-28 02:56:49 [INFO]   Invoice: LIAAAUT270002500  |  Date: 06-06-2026  |  IRN: 8b0a72f11e00cf12a1f1f035...8ad27e8d1726
2026-06-28 02:56:50 [INFO]   Typed IRN: 8b0a72f11e00cf12a1f1f035...8ad27e8d1726
2026-06-28 02:56:50 [INFO]   Clicked Search -- waiting for results...
2026-06-28 02:56:51 [INFO]   Search results visible
2026-06-28 02:56:51 [INFO]   Download triggered via row icon
2026-06-28 02:56:52 [INFO]   [OK] Saved -> LIAAAUT270002500_06-06-2026.pdf
2026-06-28 02:56:52 [INFO] Worker modifying: LIAAAUT270002500_06-06-2026.pdf
2026-06-28 02:56:52 [INFO] Worker modification OK: LIAAAUT270002500_06-06-2026.pdf
2026-06-28 02:56:53 [INFO] [15/1015] ----------------------------------------------
2026-06-28 02:56:53 [INFO]   Invoice: LIAAAUT270002502  |  Date: 06-06-2026  |  IRN: 8622d607ee7945baa26b3291...df58c4cca9b3
2026-06-28 02:56:54 [INFO]   Typed IRN: 8622d607ee7945baa26b3291...df58c4cca9b3
2026-06-28 02:56:54 [INFO]   Clicked Search -- waiting for results...
2026-06-28 02:56:55 [INFO]   Search results visible
2026-06-28 02:56:56 [INFO]   Download triggered via row icon
2026-06-28 02:56:56 [INFO]   [OK] Saved -> LIAAAUT270002502_06-06-2026.pdf
2026-06-28 02:56:56 [INFO] Worker modifying: LIAAAUT270002502_06-06-2026.pdf
2026-06-28 02:56:56 [INFO] Worker modification OK: LIAAAUT270002502_06-06-2026.pdf
2026-06-28 02:56:58 [INFO] [16/1015] ----------------------------------------------
2026-06-28 02:56:58 [INFO]   Invoice: LIAAAUT270002503  |  Date: 06-06-2026  |  IRN: c39e00cb1803bdc3d452a556...693c7be31c65
2026-06-28 02:56:58 [INFO]   Typed IRN: c39e00cb1803bdc3d452a556...693c7be31c65
2026-06-28 02:56:59 [INFO]   Clicked Search -- waiting for results...
2026-06-28 02:57:00 [INFO]   Search results visible
2026-06-28 02:57:00 [INFO]   Download triggered via row icon
2026-06-28 02:57:01 [INFO]   [OK] Saved -> LIAAAUT270002503_06-06-2026.pdf
2026-06-28 02:57:01 [INFO] Worker modifying: LIAAAUT270002503_06-06-2026.pdf
2026-06-28 02:57:01 [INFO] Worker modification OK: LIAAAUT270002503_06-06-2026.pdf
2026-06-28 02:57:02 [INFO] [17/1015] ----------------------------------------------
2026-06-28 02:57:02 [INFO]   Invoice: LIAAB58270002391  |  Date: 06-06-2026  |  IRN: cb1f6ad3f8495af9f66a56b5...f2b4d4e9a33f
2026-06-28 02:57:03 [INFO]   Typed IRN: cb1f6ad3f8495af9f66a56b5...f2b4d4e9a33f
2026-06-28 02:57:03 [INFO]   Clicked Search -- waiting for results...
2026-06-28 02:57:05 [INFO]   Search results visible
2026-06-28 02:57:05 [INFO]   Download triggered via row icon
2026-06-28 02:57:05 [INFO]   [OK] Saved -> LIAAB58270002391_06-06-2026.pdf
2026-06-28 02:57:05 [INFO] Worker modifying: LIAAB58270002391_06-06-2026.pdf
2026-06-28 02:57:05 [INFO] Worker modification OK: LIAAB58270002391_06-06-2026.pdf
2026-06-28 02:57:07 [INFO] [18/1015] ----------------------------------------------
2026-06-28 02:57:07 [INFO]   Invoice: LIAAD4S270002367  |  Date: 06-06-2026  |  IRN: 536d80ad908d4b30a82a5777...9cc691d5f394
2026-06-28 02:57:08 [INFO]   Typed IRN: 536d80ad908d4b30a82a5777...9cc691d5f394
2026-06-28 02:57:08 [INFO]   Clicked Search -- waiting for results...
2026-06-28 02:57:09 [INFO]   Search results visible
2026-06-28 02:57:10 [INFO]   Download triggered via row icon
2026-06-28 02:57:10 [INFO]   [OK] Saved -> LIAAD4S270002367_06-06-2026.pdf
2026-06-28 02:57:10 [INFO] Worker modifying: LIAAD4S270002367_06-06-2026.pdf
2026-06-28 02:57:11 [INFO] Worker modification OK: LIAAD4S270002367_06-06-2026.pdf
2026-06-28 02:57:13 [INFO] [SYSTEM] Automation cancelled by user.
2026-06-28 02:57:13 [INFO] 
Interrupted by user (Ctrl+C)
2026-06-28 02:57:13 [INFO] Final result: 18/18 succeeded
2026-06-28 02:57:13 [INFO] Waiting for background modifications to complete...
