2026-06-28 02:46:01 [INFO] Log file: logs\gst_download_20260628_024601.log
2026-06-28 02:46:01 [INFO] ==================================================
2026-06-28 02:46:01 [INFO]   GST e-Invoice Bulk Downloader
2026-06-28 02:46:01 [INFO] ==================================================
2026-06-28 02:46:01 [INFO] Preprocessing raw Excel file: input\invoices.xlsx
2026-06-28 02:46:04 [INFO] Preprocessing complete. Extracted 1015 valid records into input\invoices_rate18.xlsx
2026-06-28 02:46:04 [INFO] Reading Excel file: input\invoices_rate18.xlsx
2026-06-28 02:46:04 [INFO] Sheet: 'B2B_Filtered' (Parsing rows...)
2026-06-28 02:46:04 [INFO] Loaded 1015 valid IRN records
2026-06-28 02:46:04 [INFO] [UI_JUMP] 495
2026-06-28 02:46:04 [INFO] Resuming from row 497 (index 495)
2026-06-28 02:46:05 [INFO] Launching Chromium in headed mode...
2026-06-28 02:46:07 [INFO] Browser ready
2026-06-28 02:46:07 [INFO] Navigating to https://einvoice.gst.gov.in/jsonDownload...
2026-06-28 02:46:10 [INFO] Portal loaded
2026-06-28 02:46:10 [INFO] [UI_PROMPT] Action Required: Please log in manually on the browser, then click Continue.
2026-06-28 02:46:46 [INFO] User confirmed login -- automation starting
2026-06-28 02:46:46 [INFO] Processing 520 IRNs (starting from #496)
2026-06-28 02:46:46 [INFO] [496/1015] ----------------------------------------------
2026-06-28 02:46:46 [INFO]   Invoice: LIAA1EJ270001133  |  Date: 06-06-2026  |  IRN: bc2b88ea3916adcddbabffd9...76e335c9a748
2026-06-28 02:46:47 [INFO]   Typed IRN: bc2b88ea3916adcddbabffd9...76e335c9a748
2026-06-28 02:46:47 [INFO]   Clicked Search -- waiting for results...
2026-06-28 02:46:49 [INFO]   Search results visible
2026-06-28 02:46:49 [INFO]   Download triggered via row icon
2026-06-28 02:46:50 [INFO]   [OK] Saved -> LIAA1EJ270001133_06-06-2026.pdf
2026-06-28 02:46:50 [INFO] Worker modifying: LIAA1EJ270001133_06-06-2026.pdf
2026-06-28 02:46:51 [INFO] Worker modification OK: LIAA1EJ270001133_06-06-2026.pdf
2026-06-28 02:46:53 [INFO] [497/1015] ----------------------------------------------
2026-06-28 02:46:53 [INFO]   Invoice: LIAA1EJ270001134  |  Date: 06-06-2026  |  IRN: af5586fa7bbc4663f9a5d518...2088e323547e
2026-06-28 02:46:53 [INFO]   Typed IRN: af5586fa7bbc4663f9a5d518...2088e323547e
2026-06-28 02:46:54 [INFO]   Clicked Search -- waiting for results...
2026-06-28 02:46:55 [INFO]   Search results visible
2026-06-28 02:46:55 [INFO]   Download triggered via row icon
2026-06-28 02:46:55 [INFO]   [OK] Saved -> LIAA1EJ270001134_06-06-2026.pdf
2026-06-28 02:46:55 [INFO] Worker modifying: LIAA1EJ270001134_06-06-2026.pdf
2026-06-28 02:46:56 [INFO] Worker modification OK: LIAA1EJ270001134_06-06-2026.pdf
2026-06-28 02:46:57 [INFO] [498/1015] ----------------------------------------------
2026-06-28 02:46:57 [INFO]   Invoice: LIAA28A270001184  |  Date: 06-06-2026  |  IRN: 218bec6637968632ab843b9c...9c0a754e05f6
2026-06-28 02:46:58 [INFO]   Typed IRN: 218bec6637968632ab843b9c...9c0a754e05f6
2026-06-28 02:46:58 [INFO]   Clicked Search -- waiting for results...
2026-06-28 02:46:59 [INFO]   Search results visible
2026-06-28 02:47:00 [INFO]   Download triggered via row icon
2026-06-28 02:47:00 [INFO]   [OK] Saved -> LIAA28A270001184_06-06-2026.pdf
2026-06-28 02:47:00 [INFO] Worker modifying: LIAA28A270001184_06-06-2026.pdf
2026-06-28 02:47:01 [INFO] Worker modification OK: LIAA28A270001184_06-06-2026.pdf
2026-06-28 02:47:02 [INFO] [499/1015] ----------------------------------------------
2026-06-28 02:47:02 [INFO]   [SKIPPED] Already processed: LIAA28A270001185_06-06-2026.pdf
2026-06-28 02:47:03 [INFO] [500/1015] ----------------------------------------------
2026-06-28 02:47:03 [INFO]   [SKIPPED] Already processed: LIAA28A270001187_06-06-2026.pdf
2026-06-28 02:47:03 [INFO] 
  [PAUSE] Batch pause (20s) after 500 IRNs...
2026-06-28 02:47:23 [INFO] [501/1015] ----------------------------------------------
2026-06-28 02:47:23 [INFO]   [SKIPPED] Already processed: LIAA28A270001188_06-06-2026.pdf
2026-06-28 02:47:25 [INFO] [502/1015] ----------------------------------------------
2026-06-28 02:47:25 [INFO]   [SKIPPED] Already processed: LIAA28A270001189_06-06-2026.pdf
2026-06-28 02:47:26 [INFO] [503/1015] ----------------------------------------------
2026-06-28 02:47:26 [INFO]   [SKIPPED] Already processed: LIAA28A270001190_06-06-2026.pdf
2026-06-28 02:47:27 [INFO] [504/1015] ----------------------------------------------
2026-06-28 02:47:27 [INFO]   [SKIPPED] Already processed: LIAA28A270001191_06-06-2026.pdf
2026-06-28 02:47:29 [INFO] [505/1015] ----------------------------------------------
2026-06-28 02:47:29 [INFO]   [SKIPPED] Already processed: LIAA2EQ270001152_06-06-2026.pdf
2026-06-28 02:47:31 [INFO] [506/1015] ----------------------------------------------
2026-06-28 02:47:31 [INFO]   Invoice: LIAA2EQ270001153  |  Date: 06-06-2026  |  IRN: ac0f8c4abd47937a0a2b0c29...9d17cf6cdc15
2026-06-28 02:47:31 [INFO]   Typed IRN: ac0f8c4abd47937a0a2b0c29...9d17cf6cdc15
2026-06-28 02:47:32 [INFO]   Clicked Search -- waiting for results...
2026-06-28 02:47:33 [INFO]   Search results visible
2026-06-28 02:47:33 [INFO]   Download triggered via row icon
2026-06-28 02:47:33 [INFO]   [OK] Saved -> LIAA2EQ270001153_06-06-2026.pdf
2026-06-28 02:47:33 [INFO] Worker modifying: LIAA2EQ270001153_06-06-2026.pdf
2026-06-28 02:47:34 [INFO] Worker modification OK: LIAA2EQ270001153_06-06-2026.pdf
2026-06-28 02:47:35 [INFO] [507/1015] ----------------------------------------------
2026-06-28 02:47:35 [INFO]   Invoice: LIAA2EQ270001154  |  Date: 06-06-2026  |  IRN: 41a6c7a4571978718281d5d0...abcba406fc73
2026-06-28 02:47:36 [INFO]   Typed IRN: 41a6c7a4571978718281d5d0...abcba406fc73
2026-06-28 02:47:36 [INFO]   Clicked Search -- waiting for results...
2026-06-28 02:47:37 [INFO]   Search results visible
2026-06-28 02:47:37 [INFO]   Download triggered via row icon
2026-06-28 02:47:38 [INFO]   [OK] Saved -> LIAA2EQ270001154_06-06-2026.pdf
2026-06-28 02:47:38 [INFO] Worker modifying: LIAA2EQ270001154_06-06-2026.pdf
2026-06-28 02:47:38 [INFO] Worker modification OK: LIAA2EQ270001154_06-06-2026.pdf
2026-06-28 02:47:40 [INFO] [508/1015] ----------------------------------------------
2026-06-28 02:47:40 [INFO]   Invoice: LIAA2EQ270001155  |  Date: 06-06-2026  |  IRN: e9a51a79d117bf9640d1078d...5d9e927221fb
2026-06-28 02:47:40 [INFO]   Typed IRN: e9a51a79d117bf9640d1078d...5d9e927221fb
2026-06-28 02:47:41 [INFO]   Clicked Search -- waiting for results...
2026-06-28 02:47:42 [INFO]   Search results visible
2026-06-28 02:47:42 [INFO]   Download triggered via row icon
2026-06-28 02:47:42 [INFO]   [OK] Saved -> LIAA2EQ270001155_06-06-2026.pdf
2026-06-28 02:47:42 [INFO] Worker modifying: LIAA2EQ270001155_06-06-2026.pdf
2026-06-28 02:47:43 [INFO] Worker modification OK: LIAA2EQ270001155_06-06-2026.pdf
2026-06-28 02:47:45 [INFO] [509/1015] ----------------------------------------------
2026-06-28 02:47:45 [INFO]   Invoice: LIAA3XD270001112  |  Date: 06-06-2026  |  IRN: b4fe84f57d311a0979cef526...53acb2fa3587
2026-06-28 02:47:45 [INFO]   Typed IRN: b4fe84f57d311a0979cef526...53acb2fa3587
2026-06-28 02:47:46 [INFO]   Clicked Search -- waiting for results...
2026-06-28 02:47:47 [INFO]   Search results visible
2026-06-28 02:47:47 [INFO]   Download triggered via row icon
2026-06-28 02:47:47 [INFO]   [OK] Saved -> LIAA3XD270001112_06-06-2026.pdf
2026-06-28 02:47:47 [INFO] Worker modifying: LIAA3XD270001112_06-06-2026.pdf
2026-06-28 02:47:48 [INFO] Worker modification OK: LIAA3XD270001112_06-06-2026.pdf
2026-06-28 02:47:49 [INFO] [510/1015] ----------------------------------------------
2026-06-28 02:47:49 [INFO]   Invoice: LIAA3XD270001113  |  Date: 06-06-2026  |  IRN: 20c6c70be592e75dd7b427cc...2ba64de3fe3a
2026-06-28 02:47:50 [INFO]   Typed IRN: 20c6c70be592e75dd7b427cc...2ba64de3fe3a
2026-06-28 02:47:50 [INFO]   Clicked Search -- waiting for results...
2026-06-28 02:47:51 [INFO]   Search results visible
2026-06-28 02:47:52 [INFO]   Download triggered via row icon
2026-06-28 02:47:52 [INFO]   [OK] Saved -> LIAA3XD270001113_06-06-2026.pdf
2026-06-28 02:47:52 [INFO] Worker modifying: LIAA3XD270001113_06-06-2026.pdf
2026-06-28 02:47:52 [INFO] Worker modification OK: LIAA3XD270001113_06-06-2026.pdf
2026-06-28 02:47:54 [INFO] [511/1015] ----------------------------------------------
2026-06-28 02:47:54 [INFO]   Invoice: LIAA3YQ270001229  |  Date: 06-06-2026  |  IRN: 262c8388739c29618e251bfd...5b7712a8c7d1
2026-06-28 02:47:54 [INFO]   Typed IRN: 262c8388739c29618e251bfd...5b7712a8c7d1
2026-06-28 02:47:55 [INFO]   Clicked Search -- waiting for results...
2026-06-28 02:47:56 [INFO]   Search results visible
2026-06-28 02:47:56 [INFO]   Download triggered via row icon
2026-06-28 02:47:57 [INFO]   [OK] Saved -> LIAA3YQ270001229_06-06-2026.pdf
2026-06-28 02:47:57 [INFO] Worker modifying: LIAA3YQ270001229_06-06-2026.pdf
2026-06-28 02:47:57 [INFO] Worker modification OK: LIAA3YQ270001229_06-06-2026.pdf
2026-06-28 02:47:59 [INFO] [512/1015] ----------------------------------------------
2026-06-28 02:47:59 [INFO]   Invoice: LIAA3YQ270001230  |  Date: 06-06-2026  |  IRN: 68884f41641b635174005e92...7a54528c4195
2026-06-28 02:48:00 [INFO]   Typed IRN: 68884f41641b635174005e92...7a54528c4195
2026-06-28 02:48:00 [INFO]   Clicked Search -- waiting for results...
2026-06-28 02:48:01 [INFO]   Search results visible
2026-06-28 02:48:01 [INFO]   Download triggered via row icon
2026-06-28 02:48:02 [INFO]   [OK] Saved -> LIAA3YQ270001230_06-06-2026.pdf
2026-06-28 02:48:02 [INFO] Worker modifying: LIAA3YQ270001230_06-06-2026.pdf
2026-06-28 02:48:02 [INFO] Worker modification OK: LIAA3YQ270001230_06-06-2026.pdf
2026-06-28 02:48:03 [INFO] [SYSTEM] Automation paused. Waiting for resume...
2026-06-28 02:52:04 [INFO] 
Interrupted by user (Ctrl+C)
2026-06-28 02:52:04 [INFO] Final result: 17/17 succeeded
2026-06-28 02:52:04 [INFO] Waiting for background modifications to complete...
