2026-06-28 03:16:52 [INFO] Log file: logs\gst_download_20260628_031652.log
2026-06-28 03:16:52 [INFO] ==================================================
2026-06-28 03:16:52 [INFO]   GST e-Invoice Bulk Downloader
2026-06-28 03:16:52 [INFO] ==================================================
2026-06-28 03:16:52 [INFO] Preprocessing raw Excel file: input\invoices.xlsx
2026-06-28 03:16:55 [INFO] Preprocessing complete. Extracted 1015 valid records into input\invoices_rate18.xlsx
2026-06-28 03:16:55 [INFO] Reading Excel file: input\invoices_rate18.xlsx
2026-06-28 03:16:55 [INFO] Sheet: 'B2B_Filtered' (Parsing rows...)
2026-06-28 03:16:56 [INFO] Loaded 1015 valid IRN records
2026-06-28 03:16:57 [INFO] Launching Chromium in headed mode...
2026-06-28 03:16:58 [INFO] Browser ready
2026-06-28 03:16:58 [INFO] Navigating to https://einvoice.gst.gov.in/jsonDownload...
2026-06-28 03:17:01 [INFO] Portal loaded
2026-06-28 03:17:01 [INFO] [UI_PROMPT] Action Required: Please log in manually on the browser, then click Continue.
2026-06-28 03:17:32 [INFO] User confirmed login -- automation starting
2026-06-28 03:17:32 [INFO] Processing 1015 IRNs (starting from #1)
2026-06-28 03:17:32 [INFO] [1/1015] ----------------------------------------------
2026-06-28 03:17:32 [INFO]   Invoice: LIAA2DE270002368  |  Date: 06-06-2026  |  IRN: 675d50f09190d18f08f5a5dc...ed833a0ff0d9
2026-06-28 03:17:33 [INFO]   Typed IRN: 675d50f09190d18f08f5a5dc...ed833a0ff0d9
2026-06-28 03:17:33 [INFO]   Clicked Search -- waiting for results...
2026-06-28 03:17:34 [INFO]   Search results visible
2026-06-28 03:17:35 [INFO]   Download triggered via row icon
2026-06-28 03:17:35 [INFO]   [OK] Saved -> LIAA2DE270002368_06-06-2026_1.pdf
2026-06-28 03:17:35 [INFO] Worker modifying: LIAA2DE270002368_06-06-2026_1.pdf
2026-06-28 03:17:36 [INFO] Worker modification OK: LIAA2DE270002368_06-06-2026_1.pdf
2026-06-28 03:17:37 [INFO] [2/1015] ----------------------------------------------
2026-06-28 03:17:37 [INFO]   Invoice: LIAA2JY270002305  |  Date: 06-06-2026  |  IRN: f9ce261e58ea02ba7d742f60...6ca8aaa4dc22
2026-06-28 03:17:38 [INFO]   Typed IRN: f9ce261e58ea02ba7d742f60...6ca8aaa4dc22
2026-06-28 03:17:38 [INFO]   Clicked Search -- waiting for results...
2026-06-28 03:17:39 [INFO]   Search results visible
2026-06-28 03:17:40 [INFO]   Download triggered via row icon
2026-06-28 03:17:40 [INFO]   [OK] Saved -> LIAA2JY270002305_06-06-2026.pdf
2026-06-28 03:17:40 [INFO] Worker modifying: LIAA2JY270002305_06-06-2026.pdf
2026-06-28 03:17:40 [INFO] Worker modification OK: LIAA2JY270002305_06-06-2026.pdf
2026-06-28 03:17:42 [INFO] [3/1015] ----------------------------------------------
2026-06-28 03:17:42 [INFO]   Invoice: LIAA2JY270002368  |  Date: 08-06-2026  |  IRN: e7c3c532ba6ab85462eeb4ed...41abd93c2980
2026-06-28 03:17:43 [INFO]   Typed IRN: e7c3c532ba6ab85462eeb4ed...41abd93c2980
2026-06-28 03:17:43 [INFO]   Clicked Search -- waiting for results...
2026-06-28 03:17:44 [INFO]   Search results visible
2026-06-28 03:17:44 [INFO]   Download triggered via row icon
2026-06-28 03:17:44 [INFO]   [OK] Saved -> LIAA2JY270002368_08-06-2026.pdf
2026-06-28 03:17:44 [INFO] Worker modifying: LIAA2JY270002368_08-06-2026.pdf
2026-06-28 03:17:45 [INFO] Worker modification OK: LIAA2JY270002368_08-06-2026.pdf
2026-06-28 03:17:46 [INFO] [4/1015] ----------------------------------------------
2026-06-28 03:17:46 [INFO]   Invoice: LIAA4DU270002383  |  Date: 06-06-2026  |  IRN: 46465eaa5c948ba9fcd9a02f...abe649f5412c
2026-06-28 03:17:47 [INFO]   Typed IRN: 46465eaa5c948ba9fcd9a02f...abe649f5412c
2026-06-28 03:17:47 [INFO]   Clicked Search -- waiting for results...
2026-06-28 03:17:48 [INFO]   Search results visible
2026-06-28 03:17:49 [INFO]   Download triggered via row icon
2026-06-28 03:17:49 [INFO]   [OK] Saved -> LIAA4DU270002383_06-06-2026.pdf
2026-06-28 03:17:49 [INFO] Worker modifying: LIAA4DU270002383_06-06-2026.pdf
2026-06-28 03:17:49 [INFO] Worker modification OK: LIAA4DU270002383_06-06-2026.pdf
2026-06-28 03:17:51 [INFO] [5/1015] ----------------------------------------------
2026-06-28 03:17:51 [INFO]   Invoice: LIAA4DU270002384  |  Date: 06-06-2026  |  IRN: 64c34305918bcb3778910b90...f34d0e6806ca
2026-06-28 03:17:52 [INFO]   Typed IRN: 64c34305918bcb3778910b90...f34d0e6806ca
2026-06-28 03:17:52 [INFO]   Clicked Search -- waiting for results...
2026-06-28 03:17:54 [INFO]   Search results visible
2026-06-28 03:17:54 [INFO]   Download triggered via row icon
2026-06-28 03:17:55 [INFO]   [OK] Saved -> LIAA4DU270002384_06-06-2026.pdf
2026-06-28 03:17:55 [INFO] Worker modifying: LIAA4DU270002384_06-06-2026.pdf
2026-06-28 03:17:55 [INFO] Worker modification OK: LIAA4DU270002384_06-06-2026.pdf
2026-06-28 03:17:57 [INFO] [6/1015] ----------------------------------------------
2026-06-28 03:17:57 [INFO]   Invoice: LIAA4R5270002350  |  Date: 06-06-2026  |  IRN: 66c0618c459d0a84de9f8483...79175bfe3d6c
2026-06-28 03:17:58 [INFO]   Typed IRN: 66c0618c459d0a84de9f8483...79175bfe3d6c
2026-06-28 03:17:58 [INFO]   Clicked Search -- waiting for results...
2026-06-28 03:17:59 [INFO]   Search results visible
2026-06-28 03:17:59 [INFO]   Download triggered via row icon
2026-06-28 03:17:59 [INFO]   [OK] Saved -> LIAA4R5270002350_06-06-2026.pdf
2026-06-28 03:17:59 [INFO] Worker modifying: LIAA4R5270002350_06-06-2026.pdf
2026-06-28 03:18:00 [INFO] Worker modification OK: LIAA4R5270002350_06-06-2026.pdf
2026-06-28 03:18:01 [INFO] [7/1015] ----------------------------------------------
2026-06-28 03:18:01 [INFO]   Invoice: LIAA5EU270002404  |  Date: 06-06-2026  |  IRN: cbf3c148066b2398110ceca9...9b8eff0d6533
2026-06-28 03:18:02 [INFO]   Typed IRN: cbf3c148066b2398110ceca9...9b8eff0d6533
2026-06-28 03:18:02 [INFO]   Clicked Search -- waiting for results...
2026-06-28 03:18:04 [INFO]   Search results visible
2026-06-28 03:18:04 [INFO]   Download triggered via row icon
2026-06-28 03:18:04 [INFO]   [OK] Saved -> LIAA5EU270002404_06-06-2026.pdf
2026-06-28 03:18:04 [INFO] Worker modifying: LIAA5EU270002404_06-06-2026.pdf
2026-06-28 03:18:05 [INFO] Worker modification OK: LIAA5EU270002404_06-06-2026.pdf
2026-06-28 03:18:06 [INFO] [8/1015] ----------------------------------------------
2026-06-28 03:18:06 [INFO]   Invoice: LIAA5EU270002407  |  Date: 06-06-2026  |  IRN: 863ff5541ecd04c160db5f0b...938c370594c6
2026-06-28 03:18:07 [INFO]   Typed IRN: 863ff5541ecd04c160db5f0b...938c370594c6
2026-06-28 03:18:07 [INFO]   Clicked Search -- waiting for results...
2026-06-28 03:18:08 [INFO]   Search results visible
2026-06-28 03:18:09 [INFO]   Download triggered via row icon
2026-06-28 03:18:09 [INFO]   [OK] Saved -> LIAA5EU270002407_06-06-2026.pdf
2026-06-28 03:18:09 [INFO] Worker modifying: LIAA5EU270002407_06-06-2026.pdf
2026-06-28 03:18:09 [INFO] Worker modification OK: LIAA5EU270002407_06-06-2026.pdf
2026-06-28 03:18:11 [INFO] [9/1015] ----------------------------------------------
2026-06-28 03:18:11 [INFO]   Invoice: LIAA5XA270002401  |  Date: 06-06-2026  |  IRN: dc4c579169cd1a7422099898...e083ba55bc6a
2026-06-28 03:18:11 [INFO]   Typed IRN: dc4c579169cd1a7422099898...e083ba55bc6a
2026-06-28 03:18:12 [INFO]   Clicked Search -- waiting for results...
2026-06-28 03:18:13 [INFO]   Search results visible
2026-06-28 03:18:13 [INFO]   Download triggered via row icon
2026-06-28 03:18:13 [INFO]   [OK] Saved -> LIAA5XA270002401_06-06-2026.pdf
2026-06-28 03:18:13 [INFO] Worker modifying: LIAA5XA270002401_06-06-2026.pdf
2026-06-28 03:18:13 [INFO] Worker modification OK: LIAA5XA270002401_06-06-2026.pdf
2026-06-28 03:18:15 [INFO] [10/1015] ----------------------------------------------
2026-06-28 03:18:15 [INFO]   Invoice: LIAA6OB270002427  |  Date: 08-06-2026  |  IRN: 9ac47dae0657be01696502be...2caf6819f591
2026-06-28 03:18:16 [INFO]   Typed IRN: 9ac47dae0657be01696502be...2caf6819f591
2026-06-28 03:18:16 [INFO]   Clicked Search -- waiting for results...
2026-06-28 03:18:17 [INFO]   Search results visible
2026-06-28 03:18:18 [INFO]   Download triggered via row icon
2026-06-28 03:18:18 [INFO]   [OK] Saved -> LIAA6OB270002427_08-06-2026.pdf
2026-06-28 03:18:18 [INFO] Worker modifying: LIAA6OB270002427_08-06-2026.pdf
2026-06-28 03:18:18 [INFO] Worker modification OK: LIAA6OB270002427_08-06-2026.pdf
2026-06-28 03:18:20 [INFO] [11/1015] ----------------------------------------------
2026-06-28 03:18:20 [INFO]   Invoice: LIAA8CQ270002347  |  Date: 06-06-2026  |  IRN: dab6af647a617a341c072e93...f535915d9043
2026-06-28 03:18:21 [INFO]   Typed IRN: dab6af647a617a341c072e93...f535915d9043
2026-06-28 03:18:21 [INFO]   Clicked Search -- waiting for results...
2026-06-28 03:18:22 [INFO]   Search results visible
2026-06-28 03:18:22 [INFO]   Download triggered via row icon
2026-06-28 03:18:22 [INFO]   [OK] Saved -> LIAA8CQ270002347_06-06-2026.pdf
2026-06-28 03:18:22 [INFO] Worker modifying: LIAA8CQ270002347_06-06-2026.pdf
2026-06-28 03:18:23 [INFO] Worker modification OK: LIAA8CQ270002347_06-06-2026.pdf
2026-06-28 03:18:24 [INFO] [12/1015] ----------------------------------------------
2026-06-28 03:18:24 [INFO]   Invoice: LIAA9FN270002404  |  Date: 06-06-2026  |  IRN: 9d2a3cc93145faf86cf95c6b...8d9699c71fd3
2026-06-28 03:18:25 [INFO]   Typed IRN: 9d2a3cc93145faf86cf95c6b...8d9699c71fd3
2026-06-28 03:18:25 [INFO]   Clicked Search -- waiting for results...
2026-06-28 03:18:26 [INFO]   Search results visible
2026-06-28 03:18:27 [INFO]   Download triggered via row icon
2026-06-28 03:18:27 [INFO]   [OK] Saved -> LIAA9FN270002404_06-06-2026.pdf
2026-06-28 03:18:27 [INFO] Worker modifying: LIAA9FN270002404_06-06-2026.pdf
2026-06-28 03:18:28 [INFO] Worker modification OK: LIAA9FN270002404_06-06-2026.pdf
2026-06-28 03:18:29 [INFO] [13/1015] ----------------------------------------------
2026-06-28 03:18:29 [INFO]   [SKIPPED] Already processed: LIAA9FN270002405_06-06-2026.pdf
2026-06-28 03:18:31 [INFO] [14/1015] ----------------------------------------------
2026-06-28 03:18:31 [INFO]   Invoice: LIAAAUT270002500  |  Date: 06-06-2026  |  IRN: 8b0a72f11e00cf12a1f1f035...8ad27e8d1726
2026-06-28 03:18:32 [INFO]   Typed IRN: 8b0a72f11e00cf12a1f1f035...8ad27e8d1726
2026-06-28 03:18:32 [INFO]   Clicked Search -- waiting for results...
2026-06-28 03:18:33 [INFO]   Search results visible
2026-06-28 03:18:33 [INFO]   Download triggered via row icon
2026-06-28 03:18:33 [INFO]   [OK] Saved -> LIAAAUT270002500_06-06-2026.pdf
2026-06-28 03:18:33 [INFO] Worker modifying: LIAAAUT270002500_06-06-2026.pdf
2026-06-28 03:18:34 [INFO] Worker modification OK: LIAAAUT270002500_06-06-2026.pdf
2026-06-28 03:18:35 [INFO] [15/1015] ----------------------------------------------
2026-06-28 03:18:35 [INFO]   Invoice: LIAAAUT270002502  |  Date: 06-06-2026  |  IRN: 8622d607ee7945baa26b3291...df58c4cca9b3
2026-06-28 03:18:36 [INFO]   Typed IRN: 8622d607ee7945baa26b3291...df58c4cca9b3
2026-06-28 03:18:36 [INFO]   Clicked Search -- waiting for results...
2026-06-28 03:18:37 [INFO]   Search results visible
2026-06-28 03:18:38 [INFO]   Download triggered via row icon
2026-06-28 03:18:38 [INFO]   [OK] Saved -> LIAAAUT270002502_06-06-2026.pdf
2026-06-28 03:18:38 [INFO] Worker modifying: LIAAAUT270002502_06-06-2026.pdf
2026-06-28 03:18:38 [INFO] Worker modification OK: LIAAAUT270002502_06-06-2026.pdf
2026-06-28 03:18:40 [INFO] [16/1015] ----------------------------------------------
2026-06-28 03:18:40 [INFO]   Invoice: LIAAAUT270002503  |  Date: 06-06-2026  |  IRN: c39e00cb1803bdc3d452a556...693c7be31c65
2026-06-28 03:18:41 [INFO]   Typed IRN: c39e00cb1803bdc3d452a556...693c7be31c65
2026-06-28 03:18:41 [INFO]   Clicked Search -- waiting for results...
2026-06-28 03:18:42 [INFO]   Search results visible
2026-06-28 03:18:42 [INFO]   Download triggered via row icon
2026-06-28 03:18:42 [INFO]   [OK] Saved -> LIAAAUT270002503_06-06-2026.pdf
2026-06-28 03:18:42 [INFO] Worker modifying: LIAAAUT270002503_06-06-2026.pdf
2026-06-28 03:18:43 [INFO] Worker modification OK: LIAAAUT270002503_06-06-2026.pdf
2026-06-28 03:18:44 [INFO] [17/1015] ----------------------------------------------
2026-06-28 03:18:44 [INFO]   Invoice: LIAAB58270002391  |  Date: 06-06-2026  |  IRN: cb1f6ad3f8495af9f66a56b5...f2b4d4e9a33f
2026-06-28 03:18:45 [INFO]   Typed IRN: cb1f6ad3f8495af9f66a56b5...f2b4d4e9a33f
2026-06-28 03:18:45 [INFO]   Clicked Search -- waiting for results...
2026-06-28 03:18:46 [INFO]   Search results visible
2026-06-28 03:18:47 [INFO]   Download triggered via row icon
2026-06-28 03:18:47 [INFO]   [OK] Saved -> LIAAB58270002391_06-06-2026.pdf
2026-06-28 03:18:47 [INFO] Worker modifying: LIAAB58270002391_06-06-2026.pdf
2026-06-28 03:18:47 [INFO] Worker modification OK: LIAAB58270002391_06-06-2026.pdf
2026-06-28 03:18:49 [INFO] [18/1015] ----------------------------------------------
2026-06-28 03:18:49 [INFO]   Invoice: LIAAD4S270002367  |  Date: 06-06-2026  |  IRN: 536d80ad908d4b30a82a5777...9cc691d5f394
2026-06-28 03:18:50 [INFO]   Typed IRN: 536d80ad908d4b30a82a5777...9cc691d5f394
2026-06-28 03:18:50 [INFO]   Clicked Search -- waiting for results...
2026-06-28 03:18:52 [INFO]   Search results visible
2026-06-28 03:18:52 [INFO]   Download triggered via row icon
2026-06-28 03:18:52 [INFO]   [OK] Saved -> LIAAD4S270002367_06-06-2026.pdf
2026-06-28 03:18:52 [INFO] Worker modifying: LIAAD4S270002367_06-06-2026.pdf
2026-06-28 03:18:53 [INFO] Worker modification OK: LIAAD4S270002367_06-06-2026.pdf
2026-06-28 03:18:55 [INFO] [19/1015] ----------------------------------------------
2026-06-28 03:18:55 [INFO]   Invoice: LIAADE4270002344  |  Date: 06-06-2026  |  IRN: b6febbdb55dfb066d88336a6...677dd4ebb8b8
2026-06-28 03:18:55 [INFO]   Typed IRN: b6febbdb55dfb066d88336a6...677dd4ebb8b8
2026-06-28 03:18:56 [INFO]   Clicked Search -- waiting for results...
2026-06-28 03:18:57 [INFO]   Search results visible
2026-06-28 03:18:57 [INFO]   Download triggered via row icon
2026-06-28 03:18:57 [INFO]   [OK] Saved -> LIAADE4270002344_06-06-2026.pdf
2026-06-28 03:18:57 [INFO] Worker modifying: LIAADE4270002344_06-06-2026.pdf
2026-06-28 03:18:58 [INFO] Worker modification OK: LIAADE4270002344_06-06-2026.pdf
2026-06-28 03:18:59 [INFO] [20/1015] ----------------------------------------------
2026-06-28 03:18:59 [INFO]   Invoice: LIAADTX270002349  |  Date: 06-06-2026  |  IRN: d5ce96ba9fb7c34c18459e52...019ea982f3d9
2026-06-28 03:19:00 [INFO]   Typed IRN: d5ce96ba9fb7c34c18459e52...019ea982f3d9
2026-06-28 03:19:00 [INFO]   Clicked Search -- waiting for results...
2026-06-28 03:19:01 [INFO]   Search results visible
2026-06-28 03:19:02 [INFO]   Download triggered via row icon
2026-06-28 03:19:02 [INFO]   [OK] Saved -> LIAADTX270002349_06-06-2026.pdf
2026-06-28 03:19:02 [INFO] Worker modifying: LIAADTX270002349_06-06-2026.pdf
2026-06-28 03:19:02 [INFO] Worker modification OK: LIAADTX270002349_06-06-2026.pdf
2026-06-28 03:19:04 [INFO] [21/1015] ----------------------------------------------
2026-06-28 03:19:04 [INFO]   Invoice: LIAADTX270002351  |  Date: 06-06-2026  |  IRN: ca08e1a3c5527dc27964fe83...b0bd93a78821
2026-06-28 03:19:05 [INFO]   Typed IRN: ca08e1a3c5527dc27964fe83...b0bd93a78821
2026-06-28 03:19:05 [INFO]   Clicked Search -- waiting for results...
2026-06-28 03:19:06 [INFO]   Search results visible
2026-06-28 03:19:06 [INFO]   Download triggered via row icon
2026-06-28 03:19:06 [INFO]   [OK] Saved -> LIAADTX270002351_06-06-2026.pdf
2026-06-28 03:19:06 [INFO] Worker modifying: LIAADTX270002351_06-06-2026.pdf
2026-06-28 03:19:07 [INFO] Worker modification OK: LIAADTX270002351_06-06-2026.pdf
2026-06-28 03:19:08 [INFO] [22/1015] ----------------------------------------------
2026-06-28 03:19:08 [INFO]   Invoice: LIAAE7Z270002322  |  Date: 06-06-2026  |  IRN: bbe709c1b1c4e685e4321bf2...b001065d4c80
2026-06-28 03:19:09 [INFO]   Typed IRN: bbe709c1b1c4e685e4321bf2...b001065d4c80
2026-06-28 03:19:09 [INFO]   Clicked Search -- waiting for results...
2026-06-28 03:19:10 [INFO]   Search results visible
2026-06-28 03:19:11 [INFO]   Download triggered via row icon
2026-06-28 03:19:11 [INFO]   [OK] Saved -> LIAAE7Z270002322_06-06-2026.pdf
2026-06-28 03:19:11 [INFO] Worker modifying: LIAAE7Z270002322_06-06-2026.pdf
2026-06-28 03:19:11 [INFO] Worker modification OK: LIAAE7Z270002322_06-06-2026.pdf
2026-06-28 03:19:13 [INFO] [23/1015] ----------------------------------------------
2026-06-28 03:19:13 [INFO]   Invoice: LIAAEGC270002454  |  Date: 06-06-2026  |  IRN: 97078a2139ee4e73fb7656f6...4dfe7352310d
2026-06-28 03:19:14 [INFO]   Typed IRN: 97078a2139ee4e73fb7656f6...4dfe7352310d
2026-06-28 03:19:14 [INFO]   Clicked Search -- waiting for results...
2026-06-28 03:19:15 [INFO]   Search results visible
2026-06-28 03:19:15 [INFO]   Download triggered via row icon
2026-06-28 03:19:16 [INFO]   [OK] Saved -> LIAAEGC270002454_06-06-2026.pdf
2026-06-28 03:19:16 [INFO] Worker modifying: LIAAEGC270002454_06-06-2026.pdf
2026-06-28 03:19:16 [INFO] Worker modification OK: LIAAEGC270002454_06-06-2026.pdf
2026-06-28 03:19:18 [INFO] [24/1015] ----------------------------------------------
2026-06-28 03:19:18 [INFO]   Invoice: LIAAEGC270002455  |  Date: 06-06-2026  |  IRN: aaf3d23da22511b05fe714ca...ea9144d6b358
2026-06-28 03:19:19 [INFO]   Typed IRN: aaf3d23da22511b05fe714ca...ea9144d6b358
2026-06-28 03:19:19 [INFO]   Clicked Search -- waiting for results...
2026-06-28 03:19:20 [INFO]   Search results visible
2026-06-28 03:19:21 [INFO]   Download triggered via row icon
2026-06-28 03:19:21 [INFO]   [OK] Saved -> LIAAEGC270002455_06-06-2026.pdf
2026-06-28 03:19:21 [INFO] Worker modifying: LIAAEGC270002455_06-06-2026.pdf
2026-06-28 03:19:21 [INFO] Worker modification OK: LIAAEGC270002455_06-06-2026.pdf
2026-06-28 03:19:23 [INFO] [25/1015] ----------------------------------------------
2026-06-28 03:19:23 [INFO]   Invoice: LIAAES5270002399  |  Date: 06-06-2026  |  IRN: db475f28fa050948d5df8bda...c2078f025746
2026-06-28 03:19:24 [INFO]   Typed IRN: db475f28fa050948d5df8bda...c2078f025746
2026-06-28 03:19:24 [INFO]   Clicked Search -- waiting for results...
2026-06-28 03:19:25 [INFO]   Search results visible
2026-06-28 03:19:25 [INFO]   Download triggered via row icon
2026-06-28 03:19:25 [INFO]   [OK] Saved -> LIAAES5270002399_06-06-2026.pdf
2026-06-28 03:19:25 [INFO] Worker modifying: LIAAES5270002399_06-06-2026.pdf
2026-06-28 03:19:26 [INFO] Worker modification OK: LIAAES5270002399_06-06-2026.pdf
2026-06-28 03:19:27 [INFO] [26/1015] ----------------------------------------------
2026-06-28 03:19:27 [INFO]   Invoice: LIAAES5270002400  |  Date: 06-06-2026  |  IRN: 9090521beb6265f60410cbd2...9de03daaeea7
2026-06-28 03:19:28 [INFO]   Typed IRN: 9090521beb6265f60410cbd2...9de03daaeea7
2026-06-28 03:19:28 [INFO]   Clicked Search -- waiting for results...
2026-06-28 03:19:29 [INFO]   Search results visible
2026-06-28 03:19:30 [INFO]   Download triggered via row icon
2026-06-28 03:19:30 [INFO]   [OK] Saved -> LIAAES5270002400_06-06-2026.pdf
2026-06-28 03:19:30 [INFO] Worker modifying: LIAAES5270002400_06-06-2026.pdf
2026-06-28 03:19:30 [INFO] Worker modification OK: LIAAES5270002400_06-06-2026.pdf
2026-06-28 03:19:32 [INFO] [27/1015] ----------------------------------------------
2026-06-28 03:19:32 [INFO]   Invoice: LIAAES5270002401  |  Date: 06-06-2026  |  IRN: 7157397681b149c04daa8b86...2249668d130e
2026-06-28 03:19:33 [INFO]   Typed IRN: 7157397681b149c04daa8b86...2249668d130e
2026-06-28 03:19:33 [INFO]   Clicked Search -- waiting for results...
2026-06-28 03:19:34 [INFO]   Search results visible
2026-06-28 03:19:35 [INFO]   Download triggered via row icon
2026-06-28 03:19:35 [INFO]   [OK] Saved -> LIAAES5270002401_06-06-2026.pdf
2026-06-28 03:19:35 [INFO] Worker modifying: LIAAES5270002401_06-06-2026.pdf
2026-06-28 03:19:35 [INFO] Worker modification OK: LIAAES5270002401_06-06-2026.pdf
2026-06-28 03:19:37 [INFO] [28/1015] ----------------------------------------------
2026-06-28 03:19:37 [INFO]   Invoice: LIAAFJL270002394  |  Date: 06-06-2026  |  IRN: 0fa680f35600a379a292cd4e...b27e37a3bd3d
2026-06-28 03:19:38 [INFO]   Typed IRN: 0fa680f35600a379a292cd4e...b27e37a3bd3d
2026-06-28 03:19:38 [INFO]   Clicked Search -- waiting for results...
2026-06-28 03:19:39 [INFO]   Search results visible
2026-06-28 03:19:40 [INFO]   Download triggered via row icon
2026-06-28 03:19:40 [INFO]   [OK] Saved -> LIAAFJL270002394_06-06-2026.pdf
2026-06-28 03:19:40 [INFO] Worker modifying: LIAAFJL270002394_06-06-2026.pdf
2026-06-28 03:19:40 [INFO] Worker modification OK: LIAAFJL270002394_06-06-2026.pdf
2026-06-28 03:19:42 [INFO] [29/1015] ----------------------------------------------
2026-06-28 03:19:42 [INFO]   Invoice: LIAAIVV270002384  |  Date: 06-06-2026  |  IRN: dc956f5436d47773903393c1...822f7a1e84e5
2026-06-28 03:19:43 [INFO]   Typed IRN: dc956f5436d47773903393c1...822f7a1e84e5
2026-06-28 03:19:43 [INFO]   Clicked Search -- waiting for results...
2026-06-28 03:19:44 [INFO]   Search results visible
2026-06-28 03:19:45 [INFO]   Download triggered via row icon
2026-06-28 03:19:45 [INFO]   [OK] Saved -> LIAAIVV270002384_06-06-2026.pdf
2026-06-28 03:19:45 [INFO] Worker modifying: LIAAIVV270002384_06-06-2026.pdf
2026-06-28 03:19:45 [INFO] Worker modification OK: LIAAIVV270002384_06-06-2026.pdf
2026-06-28 03:19:47 [INFO] [30/1015] ----------------------------------------------
2026-06-28 03:19:47 [INFO]   Invoice: LIAAIVV270002447  |  Date: 08-06-2026  |  IRN: f3a0c96275732844af033c00...069c9aaad1e6
2026-06-28 03:19:48 [INFO]   Typed IRN: f3a0c96275732844af033c00...069c9aaad1e6
2026-06-28 03:19:48 [INFO]   Clicked Search -- waiting for results...
2026-06-28 03:19:49 [INFO]   Search results visible
2026-06-28 03:19:50 [INFO]   Download triggered via row icon
2026-06-28 03:19:50 [INFO]   [OK] Saved -> LIAAIVV270002447_08-06-2026.pdf
2026-06-28 03:19:50 [INFO] Worker modifying: LIAAIVV270002447_08-06-2026.pdf
2026-06-28 03:19:50 [INFO] Worker modification OK: LIAAIVV270002447_08-06-2026.pdf
2026-06-28 03:19:52 [INFO] [SYSTEM] Automation stopped by user.
2026-06-28 03:19:52 [INFO] 
Interrupted by user (Ctrl+C)
2026-06-28 03:19:52 [INFO] Final result: 30/30 succeeded
2026-06-28 03:19:52 [INFO] Final result: 30/30 succeeded
2026-06-28 03:19:52 [INFO] Waiting for background modifications to complete...
