2026-06-28 19:05:54 [INFO] Log file: logs\gst_download_20260628_190554.log
2026-06-28 19:05:54 [INFO] ==================================================
2026-06-28 19:05:54 [INFO]   GST e-Invoice Bulk Downloader
2026-06-28 19:05:54 [INFO] ==================================================
2026-06-28 19:05:54 [INFO] Batch name: July_2026
2026-06-28 19:05:54 [INFO] Reading Excel file: D:\Invoice_Book\processed_excel\July_2026.xlsx
2026-06-28 19:05:54 [INFO] Sheet: 'B2B_Filtered' (Parsing rows...)
2026-06-28 19:05:54 [INFO] Loaded 5 valid IRN records
2026-06-28 19:05:54 [INFO] [Pipeline] Starting pipeline for batch 'July_2026'
2026-06-28 19:05:54 [INFO] [Pipeline] Staging:   staging\July_2026
2026-06-28 19:05:54 [INFO] [Pipeline] Originals: D:\Invoice_Book\original\July_2026
2026-06-28 19:05:54 [INFO] [Pipeline] Processed: D:\Invoice_Book\processed\July_2026
2026-06-28 19:05:54 [INFO] [BackupWorker] Started
2026-06-28 19:05:54 [INFO] [ModifierWorker-1] Started
2026-06-28 19:05:54 [INFO] [ModifierWorker-2] Started
2026-06-28 19:05:54 [INFO] [Pipeline] All workers started (2 modifier workers)
2026-06-28 19:05:55 [INFO] Launching Chromium in headed mode...
2026-06-28 19:05:56 [INFO] Browser ready
2026-06-28 19:05:56 [INFO] Navigating to https://einvoice.gst.gov.in/jsonDownload...
2026-06-28 19:06:04 [INFO] Portal loaded
2026-06-28 19:06:04 [INFO] [UI_PROMPT] Action Required: Please log in manually on the browser, then click Continue.
2026-06-28 19:06:54 [INFO] User confirmed login -- automation starting
2026-06-28 19:06:54 [INFO] Processing 5 IRNs (starting from #1)
2026-06-28 19:06:54 [INFO] [1/5] ----------------------------------------------
2026-06-28 19:06:54 [INFO]   Invoice: 2601370040023560  |  Date: 23-01-2026  |  IRN: 93c826e82bcacdb45cbdf07d...4883ec1aa2dd
2026-06-28 19:06:55 [INFO]   Typed IRN: 93c826e82bcacdb45cbdf07d...4883ec1aa2dd
2026-06-28 19:06:55 [INFO]   Clicked Search -- waiting for results...
2026-06-28 19:06:56 [INFO]   Search results visible
2026-06-28 19:06:57 [INFO]   Download triggered via row icon
2026-06-28 19:06:58 [INFO]   [OK] Saved -> 2601370040023560_23-01-2026.pdf
2026-06-28 19:06:58 [INFO] [StateManager] Registered: 2601370040023560_23-01-2026.pdf
2026-06-28 19:06:58 [INFO] [BackupWorker] Backed up: 2601370040023560_23-01-2026.pdf
2026-06-28 19:06:58 [INFO] [ModifierWorker-1] Modifying: 2601370040023560_23-01-2026.pdf
2026-06-28 19:06:58 [INFO] [ModifierWorker-1] Completed: 2601370040023560_23-01-2026.pdf
2026-06-28 19:07:00 [INFO] [2/5] ----------------------------------------------
2026-06-28 19:07:00 [INFO]   Invoice: FAO8332605076149  |  Date: 02-01-2026  |  IRN: fd6661fc3743e43949bcfd02...aabab0b2f42c
2026-06-28 19:07:01 [INFO]   Typed IRN: fd6661fc3743e43949bcfd02...aabab0b2f42c
2026-06-28 19:07:01 [INFO]   Clicked Search -- waiting for results...
2026-06-28 19:07:02 [INFO]   Search results visible
2026-06-28 19:07:03 [INFO]   Download triggered via row icon
2026-06-28 19:07:03 [INFO]   [OK] Saved -> FAO8332605076149_02-01-2026.pdf
2026-06-28 19:07:03 [INFO] [StateManager] Registered: FAO8332605076149_02-01-2026.pdf
2026-06-28 19:07:03 [INFO] [BackupWorker] Backed up: FAO8332605076149_02-01-2026.pdf
2026-06-28 19:07:04 [INFO] [ModifierWorker-1] Modifying: FAO8332605076149_02-01-2026.pdf
2026-06-28 19:07:04 [INFO] [ModifierWorker-1] Completed: FAO8332605076149_02-01-2026.pdf
2026-06-28 19:07:05 [INFO] [3/5] ----------------------------------------------
2026-06-28 19:07:05 [INFO]   Invoice: FAO8332605076156  |  Date: 02-01-2026  |  IRN: a2bc27d2eb98dd1782078667...264137437904
2026-06-28 19:07:06 [INFO]   Typed IRN: a2bc27d2eb98dd1782078667...264137437904
2026-06-28 19:07:06 [INFO]   Clicked Search -- waiting for results...
2026-06-28 19:07:07 [INFO]   Search results visible
2026-06-28 19:07:08 [INFO]   Download triggered via row icon
2026-06-28 19:07:08 [INFO]   [OK] Saved -> FAO8332605076156_02-01-2026.pdf
2026-06-28 19:07:08 [INFO] [StateManager] Registered: FAO8332605076156_02-01-2026.pdf
2026-06-28 19:07:08 [INFO] [BackupWorker] Backed up: FAO8332605076156_02-01-2026.pdf
2026-06-28 19:07:08 [INFO] [ModifierWorker-1] Modifying: FAO8332605076156_02-01-2026.pdf
2026-06-28 19:07:08 [INFO] [ModifierWorker-1] Completed: FAO8332605076156_02-01-2026.pdf
2026-06-28 19:07:10 [INFO] [4/5] ----------------------------------------------
2026-06-28 19:07:10 [INFO]   Invoice: FAO8332605076169  |  Date: 02-01-2026  |  IRN: cc6a845f83fd2c28e957fd89...93f51eaf58b0
2026-06-28 19:07:11 [INFO]   Typed IRN: cc6a845f83fd2c28e957fd89...93f51eaf58b0
2026-06-28 19:07:11 [INFO]   Clicked Search -- waiting for results...
2026-06-28 19:07:12 [INFO]   Search results visible
2026-06-28 19:07:13 [INFO]   Download triggered via row icon
2026-06-28 19:07:13 [INFO]   [OK] Saved -> FAO8332605076169_02-01-2026.pdf
2026-06-28 19:07:13 [INFO] [StateManager] Registered: FAO8332605076169_02-01-2026.pdf
2026-06-28 19:07:13 [INFO] [BackupWorker] Backed up: FAO8332605076169_02-01-2026.pdf
2026-06-28 19:07:13 [INFO] [ModifierWorker-1] Modifying: FAO8332605076169_02-01-2026.pdf
2026-06-28 19:07:13 [INFO] [ModifierWorker-1] Completed: FAO8332605076169_02-01-2026.pdf
2026-06-28 19:07:15 [INFO] [5/5] ----------------------------------------------
2026-06-28 19:07:15 [INFO]   Invoice: FAO8332605076213  |  Date: 02-01-2026  |  IRN: 6a42e746cc15d6a1b9777f14...df7fb46c1051
2026-06-28 19:07:15 [INFO]   Typed IRN: 6a42e746cc15d6a1b9777f14...df7fb46c1051
2026-06-28 19:07:16 [INFO]   Clicked Search -- waiting for results...
2026-06-28 19:07:17 [INFO]   Search results visible
2026-06-28 19:07:17 [INFO]   Download triggered via row icon
2026-06-28 19:07:17 [INFO]   [OK] Saved -> FAO8332605076213_02-01-2026.pdf
2026-06-28 19:07:17 [INFO] [StateManager] Registered: FAO8332605076213_02-01-2026.pdf
2026-06-28 19:07:17 [INFO] [BackupWorker] Backed up: FAO8332605076213_02-01-2026.pdf
2026-06-28 19:07:17 [INFO] [ModifierWorker-1] Modifying: FAO8332605076213_02-01-2026.pdf
2026-06-28 19:07:18 [INFO] Final result: 5/5 succeeded
2026-06-28 19:07:18 [INFO] [ModifierWorker-1] Completed: FAO8332605076213_02-01-2026.pdf
2026-06-28 19:07:18 [INFO] Final result: 5/5 succeeded
2026-06-28 19:07:18 [INFO] Waiting for pipeline workers to complete...
2026-06-28 19:07:18 [INFO] [Pipeline] Initiating shutdown...
2026-06-28 19:07:18 [INFO] [ModifierWorker-2] Stopped
2026-06-28 19:07:18 [INFO] [BackupWorker] Stopped
2026-06-28 19:07:18 [INFO] [ModifierWorker-1] Stopped
2026-06-28 19:07:18 [INFO] [Pipeline] Final state: {<FileState.COMPLETED: 'COMPLETED'>: 5, 'total': 5}
2026-06-28 19:07:18 [INFO] [Pipeline] Shutdown complete
2026-06-28 19:07:18 [INFO] Pipeline stats: {<FileState.COMPLETED: 'COMPLETED'>: 5, 'total': 5}
