2026-06-28 13:06:46 [INFO] Log file: logs\gst_download_20260628_130646.log
2026-06-28 13:06:46 [INFO] ==================================================
2026-06-28 13:06:46 [INFO]   GST e-Invoice Bulk Downloader
2026-06-28 13:06:46 [INFO] ==================================================
2026-06-28 13:06:46 [INFO] Batch name: June_2026
2026-06-28 13:06:46 [INFO] Preprocessing raw Excel file: uploads\invoices.xlsx
2026-06-28 13:06:50 [INFO] Preprocessing complete. Extracted 1015 valid records into uploads\invoices_rate18.xlsx
2026-06-28 13:06:50 [INFO] Reading Excel file: uploads\invoices_rate18.xlsx
2026-06-28 13:06:51 [INFO] Sheet: 'B2B_Filtered' (Parsing rows...)
2026-06-28 13:06:51 [INFO] Loaded 1015 valid IRN records
2026-06-28 13:06:51 [INFO] [UI_JUMP] 18
2026-06-28 13:06:51 [INFO] Resuming from row 20 (index 18)
2026-06-28 13:06:51 [INFO] [Pipeline] Starting pipeline for batch 'June_2026'
2026-06-28 13:06:51 [INFO] [Pipeline] Staging:   staging\June_2026
2026-06-28 13:06:51 [INFO] [Pipeline] Originals: downloads\June_2026
2026-06-28 13:06:51 [INFO] [Pipeline] Processed: processed\June_2026
2026-06-28 13:06:51 [INFO] [BackupWorker] Started
2026-06-28 13:06:51 [INFO] [ModifierWorker-1] Started
2026-06-28 13:06:51 [INFO] [ModifierWorker-2] Started
2026-06-28 13:06:51 [INFO] [Pipeline] All workers started (2 modifier workers)
2026-06-28 13:06:52 [INFO] Launching Chromium in headed mode...
2026-06-28 13:06:54 [INFO] Browser ready
2026-06-28 13:06:54 [INFO] Navigating to https://einvoice.gst.gov.in/jsonDownload...
2026-06-28 13:06:58 [INFO] Portal loaded
2026-06-28 13:06:58 [INFO] [UI_PROMPT] Action Required: Please log in manually on the browser, then click Continue.
2026-06-28 13:07:35 [INFO] User confirmed login -- automation starting
2026-06-28 13:07:35 [INFO] Processing 997 IRNs (starting from #19)
2026-06-28 13:07:35 [INFO] [19/1015] ----------------------------------------------
2026-06-28 13:07:35 [INFO]   Invoice: LIAADE4270002344  |  Date: 06-06-2026  |  IRN: b6febbdb55dfb066d88336a6...677dd4ebb8b8
2026-06-28 13:07:36 [INFO]   Typed IRN: b6febbdb55dfb066d88336a6...677dd4ebb8b8
2026-06-28 13:07:36 [INFO]   Clicked Search -- waiting for results...
2026-06-28 13:07:38 [INFO]   Search results visible
2026-06-28 13:07:38 [INFO]   Download triggered via row icon
2026-06-28 13:07:39 [INFO]   [OK] Saved -> LIAADE4270002344_06-06-2026.pdf
2026-06-28 13:07:39 [INFO] [StateManager] Registered: LIAADE4270002344_06-06-2026.pdf
2026-06-28 13:07:40 [INFO] [BackupWorker] Backed up: LIAADE4270002344_06-06-2026.pdf
2026-06-28 13:07:40 [INFO] [ModifierWorker-2] Modifying: LIAADE4270002344_06-06-2026.pdf
2026-06-28 13:07:40 [INFO] [ModifierWorker-2] Completed: LIAADE4270002344_06-06-2026.pdf
2026-06-28 13:07:41 [INFO] [20/1015] ----------------------------------------------
2026-06-28 13:07:41 [INFO]   Invoice: LIAADTX270002349  |  Date: 06-06-2026  |  IRN: d5ce96ba9fb7c34c18459e52...019ea982f3d9
2026-06-28 13:07:42 [INFO]   Typed IRN: d5ce96ba9fb7c34c18459e52...019ea982f3d9
2026-06-28 13:07:42 [INFO]   Clicked Search -- waiting for results...
2026-06-28 13:07:43 [INFO]   Search results visible
2026-06-28 13:07:43 [INFO]   Download triggered via row icon
2026-06-28 13:07:44 [INFO]   [OK] Saved -> LIAADTX270002349_06-06-2026.pdf
2026-06-28 13:07:44 [INFO] [StateManager] Registered: LIAADTX270002349_06-06-2026.pdf
2026-06-28 13:07:44 [INFO] [BackupWorker] Backed up: LIAADTX270002349_06-06-2026.pdf
2026-06-28 13:07:44 [INFO] [ModifierWorker-1] Modifying: LIAADTX270002349_06-06-2026.pdf
2026-06-28 13:07:45 [INFO] [ModifierWorker-1] Completed: LIAADTX270002349_06-06-2026.pdf
2026-06-28 13:07:45 [INFO] [21/1015] ----------------------------------------------
2026-06-28 13:07:46 [INFO]   Invoice: LIAADTX270002351  |  Date: 06-06-2026  |  IRN: ca08e1a3c5527dc27964fe83...b0bd93a78821
2026-06-28 13:07:46 [INFO]   Typed IRN: ca08e1a3c5527dc27964fe83...b0bd93a78821
2026-06-28 13:07:47 [INFO]   Clicked Search -- waiting for results...
2026-06-28 13:07:48 [INFO]   Search results visible
2026-06-28 13:07:48 [INFO]   Download triggered via row icon
2026-06-28 13:07:48 [INFO]   [OK] Saved -> LIAADTX270002351_06-06-2026.pdf
2026-06-28 13:07:48 [INFO] [StateManager] Registered: LIAADTX270002351_06-06-2026.pdf
2026-06-28 13:07:49 [INFO] [BackupWorker] Backed up: LIAADTX270002351_06-06-2026.pdf
2026-06-28 13:07:49 [INFO] [ModifierWorker-1] Modifying: LIAADTX270002351_06-06-2026.pdf
2026-06-28 13:07:49 [INFO] [ModifierWorker-1] Completed: LIAADTX270002351_06-06-2026.pdf
2026-06-28 13:07:51 [INFO] [22/1015] ----------------------------------------------
2026-06-28 13:07:51 [INFO]   Invoice: LIAAE7Z270002322  |  Date: 06-06-2026  |  IRN: bbe709c1b1c4e685e4321bf2...b001065d4c80
2026-06-28 13:07:51 [INFO]   Typed IRN: bbe709c1b1c4e685e4321bf2...b001065d4c80
2026-06-28 13:07:52 [INFO]   Clicked Search -- waiting for results...
2026-06-28 13:07:53 [INFO]   Search results visible
2026-06-28 13:07:53 [INFO]   Download triggered via row icon
2026-06-28 13:07:53 [INFO]   [OK] Saved -> LIAAE7Z270002322_06-06-2026.pdf
2026-06-28 13:07:53 [INFO] [StateManager] Registered: LIAAE7Z270002322_06-06-2026.pdf
2026-06-28 13:07:54 [INFO] [BackupWorker] Backed up: LIAAE7Z270002322_06-06-2026.pdf
2026-06-28 13:07:54 [INFO] [ModifierWorker-1] Modifying: LIAAE7Z270002322_06-06-2026.pdf
2026-06-28 13:07:55 [INFO] [ModifierWorker-1] Completed: LIAAE7Z270002322_06-06-2026.pdf
2026-06-28 13:07:56 [INFO] [23/1015] ----------------------------------------------
2026-06-28 13:07:56 [INFO]   Invoice: LIAAEGC270002454  |  Date: 06-06-2026  |  IRN: 97078a2139ee4e73fb7656f6...4dfe7352310d
2026-06-28 13:07:57 [INFO]   Typed IRN: 97078a2139ee4e73fb7656f6...4dfe7352310d
2026-06-28 13:07:57 [INFO]   Clicked Search -- waiting for results...
2026-06-28 13:07:58 [INFO]   Search results visible
2026-06-28 13:07:58 [INFO]   Download triggered via row icon
2026-06-28 13:07:58 [INFO]   [OK] Saved -> LIAAEGC270002454_06-06-2026.pdf
2026-06-28 13:07:58 [INFO] [StateManager] Registered: LIAAEGC270002454_06-06-2026.pdf
2026-06-28 13:07:58 [INFO] [BackupWorker] Backed up: LIAAEGC270002454_06-06-2026.pdf
2026-06-28 13:07:58 [INFO] [ModifierWorker-2] Modifying: LIAAEGC270002454_06-06-2026.pdf
2026-06-28 13:07:59 [INFO] [ModifierWorker-2] Completed: LIAAEGC270002454_06-06-2026.pdf
2026-06-28 13:08:01 [INFO] [24/1015] ----------------------------------------------
2026-06-28 13:08:01 [INFO]   Invoice: LIAAEGC270002455  |  Date: 06-06-2026  |  IRN: aaf3d23da22511b05fe714ca...ea9144d6b358
2026-06-28 13:08:02 [INFO]   Typed IRN: aaf3d23da22511b05fe714ca...ea9144d6b358
2026-06-28 13:08:02 [INFO]   Clicked Search -- waiting for results...
2026-06-28 13:08:03 [INFO]   Search results visible
2026-06-28 13:08:04 [INFO]   Download triggered via row icon
2026-06-28 13:08:04 [INFO]   [OK] Saved -> LIAAEGC270002455_06-06-2026.pdf
2026-06-28 13:08:04 [INFO] [StateManager] Registered: LIAAEGC270002455_06-06-2026.pdf
2026-06-28 13:08:04 [INFO] [BackupWorker] Backed up: LIAAEGC270002455_06-06-2026.pdf
2026-06-28 13:08:04 [INFO] [ModifierWorker-1] Modifying: LIAAEGC270002455_06-06-2026.pdf
2026-06-28 13:08:05 [INFO] [ModifierWorker-1] Completed: LIAAEGC270002455_06-06-2026.pdf
2026-06-28 13:08:06 [INFO] [SYSTEM] Automation paused. Waiting for resume...
2026-06-28 13:09:08 [INFO] [SYSTEM] Automation resumed.
2026-06-28 13:09:08 [INFO] [25/1015] ----------------------------------------------
2026-06-28 13:09:08 [INFO]   Invoice: LIAAES5270002399  |  Date: 06-06-2026  |  IRN: db475f28fa050948d5df8bda...c2078f025746
2026-06-28 13:09:09 [INFO]   Typed IRN: db475f28fa050948d5df8bda...c2078f025746
2026-06-28 13:09:09 [INFO]   Clicked Search -- waiting for results...
2026-06-28 13:09:10 [INFO]   Search results visible
2026-06-28 13:09:11 [INFO]   Download triggered via row icon
2026-06-28 13:09:11 [INFO]   [OK] Saved -> LIAAES5270002399_06-06-2026.pdf
2026-06-28 13:09:11 [INFO] [StateManager] Registered: LIAAES5270002399_06-06-2026.pdf
2026-06-28 13:09:12 [INFO] [BackupWorker] Backed up: LIAAES5270002399_06-06-2026.pdf
2026-06-28 13:09:12 [INFO] [ModifierWorker-1] Modifying: LIAAES5270002399_06-06-2026.pdf
2026-06-28 13:09:12 [INFO] [ModifierWorker-1] Completed: LIAAES5270002399_06-06-2026.pdf
2026-06-28 13:09:13 [INFO] [SYSTEM] Automation cancelled by user.
2026-06-28 13:09:13 [INFO] 
Interrupted by user (Ctrl+C)
2026-06-28 13:09:13 [INFO] Final result: 7/7 succeeded
2026-06-28 13:09:14 [INFO] Final result: 7/7 succeeded
2026-06-28 13:09:14 [INFO] Waiting for pipeline workers to complete...
2026-06-28 13:09:14 [INFO] [Pipeline] Initiating shutdown...
2026-06-28 13:09:14 [INFO] [BackupWorker] Stopped
2026-06-28 13:09:14 [INFO] [ModifierWorker-1] Stopped
2026-06-28 13:09:14 [INFO] [ModifierWorker-2] Stopped
2026-06-28 13:09:14 [INFO] [Pipeline] Final state: {<FileState.COMPLETED: 'COMPLETED'>: 7, 'total': 7}
2026-06-28 13:09:14 [INFO] [Pipeline] Shutdown complete
2026-06-28 13:09:14 [INFO] Pipeline stats: {<FileState.COMPLETED: 'COMPLETED'>: 7, 'total': 7}
