2026-06-28 19:35:57 [INFO] Log file: logs\gst_download_20260628_193557.log
2026-06-28 19:35:57 [INFO] ==================================================
2026-06-28 19:35:57 [INFO]   GST e-Invoice Bulk Downloader
2026-06-28 19:35:57 [INFO] ==================================================
2026-06-28 19:35:57 [INFO] Batch name: August_2026
2026-06-28 19:35:57 [INFO] Reading Excel file: D:\Invoice_Book\processed_excel\August_2026.xlsx
2026-06-28 19:35:58 [INFO] Sheet: 'B2B_Filtered' (Parsing rows...)
2026-06-28 19:35:58 [INFO] Loaded 1015 valid IRN records
2026-06-28 19:35:58 [INFO] [Pipeline] Starting pipeline for batch 'August_2026'
2026-06-28 19:35:58 [INFO] [Pipeline] Staging:   staging\August_2026
2026-06-28 19:35:58 [INFO] [Pipeline] Originals: D:\Invoice_Book\original\August_2026
2026-06-28 19:35:58 [INFO] [Pipeline] Processed: D:\Invoice_Book\processed\August_2026
2026-06-28 19:35:58 [INFO] [BackupWorker] Started
2026-06-28 19:35:58 [INFO] [ModifierWorker-1] Started
2026-06-28 19:35:58 [INFO] [ModifierWorker-2] Started
2026-06-28 19:35:58 [INFO] [Pipeline] All workers started (2 modifier workers)
2026-06-28 19:35:59 [INFO] Launching Chromium in headed mode...
2026-06-28 19:36:02 [INFO] Browser ready
2026-06-28 19:36:02 [INFO] Navigating to https://einvoice.gst.gov.in/jsonDownload...
2026-06-28 19:36:06 [INFO] Portal loaded
2026-06-28 19:36:06 [INFO] [UI_PROMPT] Action Required: Please log in manually on the browser, then click Continue.
2026-06-28 19:36:11 [INFO] User confirmed login -- automation starting
2026-06-28 19:36:11 [INFO] Processing 1015 IRNs (starting from #1)
2026-06-28 19:36:11 [INFO] [1/1015] ----------------------------------------------
2026-06-28 19:36:11 [WARNING] IRN input field not found on page
2026-06-28 19:36:11 [WARNING] Session lost!
2026-06-28 19:36:11 [INFO] [UI_PROMPT] Action Required: SESSION EXPIRED. Please log in manually, then click Continue.
2026-06-28 19:36:27 [INFO] User confirmed re-login -- resuming
2026-06-28 19:36:27 [INFO] [1/1015] ----------------------------------------------
2026-06-28 19:36:27 [INFO]   Invoice: LIAA2DE270002368  |  Date: 06-06-2026  |  IRN: 675d50f09190d18f08f5a5dc...ed833a0ff0d9
2026-06-28 19:36:28 [INFO]   Typed IRN: 675d50f09190d18f08f5a5dc...ed833a0ff0d9
2026-06-28 19:36:43 [ERROR]   Search timeout: Locator.click: Timeout 15000ms exceeded.
Call log:
  - waiting for get_by_role("button", name="Search")

2026-06-28 19:36:43 [INFO]   -> Retry 2/2
2026-06-28 19:36:45 [INFO]   Invoice: LIAA2DE270002368  |  Date: 06-06-2026  |  IRN: 675d50f09190d18f08f5a5dc...ed833a0ff0d9
2026-06-28 19:36:47 [INFO]   Typed IRN: 675d50f09190d18f08f5a5dc...ed833a0ff0d9
2026-06-28 19:37:02 [ERROR]   Search timeout: Locator.click: Timeout 15000ms exceeded.
Call log:
  - waiting for get_by_role("button", name="Search")

2026-06-28 19:37:02 [WARNING]   [FAIL] after 2 attempts -- LIAA2DE270002368
2026-06-28 19:37:04 [INFO] [2/1015] ----------------------------------------------
2026-06-28 19:37:04 [INFO]   Invoice: LIAA2JY270002305  |  Date: 06-06-2026  |  IRN: f9ce261e58ea02ba7d742f60...6ca8aaa4dc22
2026-06-28 19:37:06 [INFO]   Typed IRN: f9ce261e58ea02ba7d742f60...6ca8aaa4dc22
2026-06-28 19:37:21 [ERROR]   Search timeout: Locator.click: Timeout 15000ms exceeded.
Call log:
  - waiting for get_by_role("button", name="Search")

2026-06-28 19:37:21 [INFO]   -> Retry 2/2
2026-06-28 19:37:23 [INFO]   Invoice: LIAA2JY270002305  |  Date: 06-06-2026  |  IRN: f9ce261e58ea02ba7d742f60...6ca8aaa4dc22
2026-06-28 19:37:26 [INFO]   Typed IRN: f9ce261e58ea02ba7d742f60...6ca8aaa4dc22
2026-06-28 19:37:41 [ERROR]   Search timeout: Locator.click: Timeout 15000ms exceeded.
Call log:
  - waiting for get_by_role("button", name="Search")

2026-06-28 19:37:41 [WARNING]   [FAIL] after 2 attempts -- LIAA2JY270002305
2026-06-28 19:37:42 [INFO] [3/1015] ----------------------------------------------
2026-06-28 19:37:42 [INFO]   Invoice: LIAA2JY270002368  |  Date: 08-06-2026  |  IRN: e7c3c532ba6ab85462eeb4ed...41abd93c2980
2026-06-28 19:37:45 [INFO]   Typed IRN: e7c3c532ba6ab85462eeb4ed...41abd93c2980
