2026-06-28 02:53:20 [INFO] Log file: logs\gst_download_20260628_025320.log
2026-06-28 02:53:20 [INFO] ==================================================
2026-06-28 02:53:20 [INFO]   GST e-Invoice Bulk Downloader
2026-06-28 02:53:20 [INFO] ==================================================
2026-06-28 02:53:20 [INFO] Preprocessing raw Excel file: input\invoices.xlsx
2026-06-28 02:53:24 [INFO] Preprocessing complete. Extracted 1015 valid records into input\invoices_rate18.xlsx
2026-06-28 02:53:24 [INFO] Reading Excel file: input\invoices_rate18.xlsx
2026-06-28 02:53:24 [INFO] Sheet: 'B2B_Filtered' (Parsing rows...)
2026-06-28 02:53:25 [INFO] Loaded 1015 valid IRN records
2026-06-28 02:53:26 [INFO] Launching Chromium in headed mode...
2026-06-28 02:53:27 [INFO] Browser ready
2026-06-28 02:53:27 [INFO] Navigating to https://einvoice.gst.gov.in/jsonDownload...
2026-06-28 02:53:30 [INFO] Portal loaded
2026-06-28 02:53:30 [INFO] [UI_PROMPT] Action Required: Please log in manually on the browser, then click Continue.
2026-06-28 02:53:34 [INFO] User confirmed login -- automation starting
2026-06-28 02:53:34 [INFO] Processing 1015 IRNs (starting from #1)
2026-06-28 02:53:34 [INFO] [1/1015] ----------------------------------------------
2026-06-28 02:53:34 [WARNING] IRN input field not found on page
2026-06-28 02:53:34 [WARNING] Session lost!
2026-06-28 02:53:34 [INFO] [UI_PROMPT] Action Required: SESSION EXPIRED. Please log in manually, then click Continue.
2026-06-28 02:53:36 [INFO] User confirmed re-login -- resuming
2026-06-28 02:53:36 [INFO] [1/1015] ----------------------------------------------
2026-06-28 02:53:36 [WARNING] IRN input field not found on page
2026-06-28 02:53:36 [WARNING] Session lost!
2026-06-28 02:53:36 [INFO] [UI_PROMPT] Action Required: SESSION EXPIRED. Please log in manually, then click Continue.
2026-06-28 02:53:37 [INFO] User confirmed re-login -- resuming
2026-06-28 02:53:37 [INFO] [1/1015] ----------------------------------------------
2026-06-28 02:53:37 [WARNING] IRN input field not found on page
2026-06-28 02:53:37 [WARNING] Session lost!
2026-06-28 02:53:37 [INFO] [UI_PROMPT] Action Required: SESSION EXPIRED. Please log in manually, then click Continue.
2026-06-28 02:53:39 [INFO] 
Interrupted by user (Ctrl+C)
2026-06-28 02:53:39 [INFO] Final result: 0/0 succeeded
2026-06-28 02:53:39 [INFO] Waiting for background modifications to complete...
